{"C:\\Users\\holly\\repos\\codewarsTesting\\functions\\FatefulFindings.ts": {"path":"C:\\Users\\holly\\repos\\codewarsTesting\\functions\\FatefulFindings.ts","all":false,"statementMap":{"0":{"start":{"line":1,"column":0},"end":{"line":1,"column":38}},"1":{"start":{"line":2,"column":0},"end":{"line":2,"column":39}},"2":{"start":{"line":3,"column":0},"end":{"line":3,"column":36}},"3":{"start":{"line":4,"column":0},"end":{"line":4,"column":32}},"4":{"start":{"line":5,"column":0},"end":{"line":5,"column":17}},"5":{"start":{"line":6,"column":0},"end":{"line":6,"column":17}},"6":{"start":{"line":7,"column":0},"end":{"line":7,"column":18}},"7":{"start":{"line":8,"column":0},"end":{"line":8,"column":35}},"8":{"start":{"line":9,"column":0},"end":{"line":9,"column":36}},"14":{"start":{"line":15,"column":0},"end":{"line":15,"column":40}},"15":{"start":{"line":16,"column":0},"end":{"line":16,"column":14}},"16":{"start":{"line":17,"column":0},"end":{"line":17,"column":3}},"18":{"start":{"line":19,"column":0},"end":{"line":19,"column":45}},"19":{"start":{"line":20,"column":0},"end":{"line":20,"column":38}},"20":{"start":{"line":21,"column":0},"end":{"line":21,"column":3}},"22":{"start":{"line":23,"column":0},"end":{"line":23,"column":56}},"23":{"start":{"line":24,"column":0},"end":{"line":24,"column":48}},"26":{"start":{"line":27,"column":0},"end":{"line":27,"column":15}},"28":{"start":{"line":29,"column":0},"end":{"line":29,"column":24}},"30":{"start":{"line":31,"column":0},"end":{"line":31,"column":60}},"31":{"start":{"line":32,"column":0},"end":{"line":32,"column":22}},"33":{"start":{"line":34,"column":0},"end":{"line":34,"column":26}},"34":{"start":{"line":35,"column":0},"end":{"line":35,"column":59}},"35":{"start":{"line":36,"column":0},"end":{"line":36,"column":22}},"37":{"start":{"line":38,"column":0},"end":{"line":38,"column":57}},"38":{"start":{"line":39,"column":0},"end":{"line":39,"column":56}},"39":{"start":{"line":40,"column":0},"end":{"line":40,"column":19}},"40":{"start":{"line":41,"column":0},"end":{"line":41,"column":5}},"42":{"start":{"line":43,"column":0},"end":{"line":43,"column":31}},"44":{"start":{"line":45,"column":0},"end":{"line":45,"column":56}},"45":{"start":{"line":46,"column":0},"end":{"line":46,"column":41}},"46":{"start":{"line":47,"column":0},"end":{"line":47,"column":38}},"47":{"start":{"line":48,"column":0},"end":{"line":48,"column":9}},"49":{"start":{"line":50,"column":0},"end":{"line":50,"column":56}},"50":{"start":{"line":51,"column":0},"end":{"line":51,"column":41}},"51":{"start":{"line":52,"column":0},"end":{"line":52,"column":39}},"52":{"start":{"line":53,"column":0},"end":{"line":53,"column":9}},"54":{"start":{"line":55,"column":0},"end":{"line":55,"column":33}},"57":{"start":{"line":58,"column":0},"end":{"line":58,"column":53}},"58":{"start":{"line":59,"column":0},"end":{"line":59,"column":53}},"59":{"start":{"line":60,"column":0},"end":{"line":60,"column":24}},"60":{"start":{"line":61,"column":0},"end":{"line":61,"column":40}},"61":{"start":{"line":62,"column":0},"end":{"line":62,"column":46}},"62":{"start":{"line":63,"column":0},"end":{"line":63,"column":49}},"63":{"start":{"line":64,"column":0},"end":{"line":64,"column":69}},"65":{"start":{"line":66,"column":0},"end":{"line":66,"column":70}},"66":{"start":{"line":67,"column":0},"end":{"line":67,"column":44}},"67":{"start":{"line":68,"column":0},"end":{"line":68,"column":14}},"68":{"start":{"line":69,"column":0},"end":{"line":69,"column":16}},"69":{"start":{"line":70,"column":0},"end":{"line":70,"column":28}},"70":{"start":{"line":71,"column":0},"end":{"line":71,"column":9}},"71":{"start":{"line":72,"column":0},"end":{"line":72,"column":7}},"74":{"start":{"line":75,"column":0},"end":{"line":75,"column":53}},"75":{"start":{"line":76,"column":0},"end":{"line":76,"column":53}},"76":{"start":{"line":77,"column":0},"end":{"line":77,"column":7}},"78":{"start":{"line":79,"column":0},"end":{"line":79,"column":25}},"79":{"start":{"line":80,"column":0},"end":{"line":80,"column":19}},"80":{"start":{"line":81,"column":0},"end":{"line":81,"column":5}},"82":{"start":{"line":83,"column":0},"end":{"line":83,"column":32}},"83":{"start":{"line":84,"column":0},"end":{"line":84,"column":55}},"84":{"start":{"line":85,"column":0},"end":{"line":85,"column":41}},"85":{"start":{"line":86,"column":0},"end":{"line":86,"column":38}},"86":{"start":{"line":87,"column":0},"end":{"line":87,"column":9}},"88":{"start":{"line":89,"column":0},"end":{"line":89,"column":55}},"89":{"start":{"line":90,"column":0},"end":{"line":90,"column":41}},"90":{"start":{"line":91,"column":0},"end":{"line":91,"column":39}},"91":{"start":{"line":92,"column":0},"end":{"line":92,"column":9}},"93":{"start":{"line":94,"column":0},"end":{"line":94,"column":33}},"95":{"start":{"line":96,"column":0},"end":{"line":96,"column":53}},"96":{"start":{"line":97,"column":0},"end":{"line":97,"column":53}},"97":{"start":{"line":98,"column":0},"end":{"line":98,"column":24}},"98":{"start":{"line":99,"column":0},"end":{"line":99,"column":40}},"99":{"start":{"line":100,"column":0},"end":{"line":100,"column":46}},"100":{"start":{"line":101,"column":0},"end":{"line":101,"column":49}},"101":{"start":{"line":102,"column":0},"end":{"line":102,"column":69}},"103":{"start":{"line":104,"column":0},"end":{"line":104,"column":70}},"104":{"start":{"line":105,"column":0},"end":{"line":105,"column":44}},"105":{"start":{"line":106,"column":0},"end":{"line":106,"column":14}},"106":{"start":{"line":107,"column":0},"end":{"line":107,"column":16}},"107":{"start":{"line":108,"column":0},"end":{"line":108,"column":28}},"108":{"start":{"line":109,"column":0},"end":{"line":109,"column":9}},"109":{"start":{"line":110,"column":0},"end":{"line":110,"column":7}},"111":{"start":{"line":112,"column":0},"end":{"line":112,"column":53}},"112":{"start":{"line":113,"column":0},"end":{"line":113,"column":53}},"113":{"start":{"line":114,"column":0},"end":{"line":114,"column":7}},"115":{"start":{"line":116,"column":0},"end":{"line":116,"column":25}},"116":{"start":{"line":117,"column":0},"end":{"line":117,"column":19}},"117":{"start":{"line":118,"column":0},"end":{"line":118,"column":5}},"119":{"start":{"line":120,"column":0},"end":{"line":120,"column":49}},"120":{"start":{"line":121,"column":0},"end":{"line":121,"column":51}},"121":{"start":{"line":122,"column":0},"end":{"line":122,"column":53}},"122":{"start":{"line":123,"column":0},"end":{"line":123,"column":55}},"123":{"start":{"line":124,"column":0},"end":{"line":124,"column":54}},"124":{"start":{"line":125,"column":0},"end":{"line":125,"column":56}},"126":{"start":{"line":127,"column":0},"end":{"line":127,"column":8}},"127":{"start":{"line":128,"column":0},"end":{"line":128,"column":33}},"128":{"start":{"line":129,"column":0},"end":{"line":129,"column":36}},"129":{"start":{"line":130,"column":0},"end":{"line":130,"column":44}},"130":{"start":{"line":131,"column":0},"end":{"line":131,"column":47}},"131":{"start":{"line":132,"column":0},"end":{"line":132,"column":36}},"132":{"start":{"line":133,"column":0},"end":{"line":133,"column":55}},"133":{"start":{"line":134,"column":0},"end":{"line":134,"column":7}},"134":{"start":{"line":135,"column":0},"end":{"line":135,"column":19}},"135":{"start":{"line":136,"column":0},"end":{"line":136,"column":46}},"136":{"start":{"line":137,"column":0},"end":{"line":137,"column":21}},"137":{"start":{"line":138,"column":0},"end":{"line":138,"column":14}},"138":{"start":{"line":139,"column":0},"end":{"line":139,"column":29}},"139":{"start":{"line":140,"column":0},"end":{"line":140,"column":7}},"140":{"start":{"line":141,"column":0},"end":{"line":141,"column":15}},"141":{"start":{"line":142,"column":0},"end":{"line":142,"column":33}},"142":{"start":{"line":143,"column":0},"end":{"line":143,"column":36}},"143":{"start":{"line":144,"column":0},"end":{"line":144,"column":46}},"144":{"start":{"line":145,"column":0},"end":{"line":145,"column":45}},"145":{"start":{"line":146,"column":0},"end":{"line":146,"column":36}},"146":{"start":{"line":147,"column":0},"end":{"line":147,"column":55}},"147":{"start":{"line":148,"column":0},"end":{"line":148,"column":7}},"148":{"start":{"line":149,"column":0},"end":{"line":149,"column":20}},"149":{"start":{"line":150,"column":0},"end":{"line":150,"column":48}},"150":{"start":{"line":151,"column":0},"end":{"line":151,"column":21}},"151":{"start":{"line":152,"column":0},"end":{"line":152,"column":14}},"152":{"start":{"line":153,"column":0},"end":{"line":153,"column":30}},"153":{"start":{"line":154,"column":0},"end":{"line":154,"column":7}},"154":{"start":{"line":155,"column":0},"end":{"line":155,"column":12}},"156":{"start":{"line":157,"column":0},"end":{"line":157,"column":27}},"157":{"start":{"line":158,"column":0},"end":{"line":158,"column":22}},"158":{"start":{"line":159,"column":0},"end":{"line":159,"column":30}},"159":{"start":{"line":160,"column":0},"end":{"line":160,"column":35}},"160":{"start":{"line":161,"column":0},"end":{"line":161,"column":21}},"161":{"start":{"line":162,"column":0},"end":{"line":162,"column":29}},"162":{"start":{"line":163,"column":0},"end":{"line":163,"column":14}},"163":{"start":{"line":164,"column":0},"end":{"line":164,"column":19}},"164":{"start":{"line":165,"column":0},"end":{"line":165,"column":7}},"165":{"start":{"line":166,"column":0},"end":{"line":166,"column":5}},"167":{"start":{"line":168,"column":0},"end":{"line":168,"column":25}},"168":{"start":{"line":169,"column":0},"end":{"line":169,"column":23}},"169":{"start":{"line":170,"column":0},"end":{"line":170,"column":29}},"170":{"start":{"line":171,"column":0},"end":{"line":171,"column":27}},"171":{"start":{"line":172,"column":0},"end":{"line":172,"column":29}},"172":{"start":{"line":173,"column":0},"end":{"line":173,"column":33}},"173":{"start":{"line":174,"column":0},"end":{"line":174,"column":24}},"174":{"start":{"line":175,"column":0},"end":{"line":175,"column":30}},"175":{"start":{"line":176,"column":0},"end":{"line":176,"column":29}},"176":{"start":{"line":177,"column":0},"end":{"line":177,"column":30}},"177":{"start":{"line":178,"column":0},"end":{"line":178,"column":5}},"179":{"start":{"line":180,"column":0},"end":{"line":180,"column":53}},"180":{"start":{"line":181,"column":0},"end":{"line":181,"column":48}},"181":{"start":{"line":182,"column":0},"end":{"line":182,"column":33}},"183":{"start":{"line":184,"column":0},"end":{"line":184,"column":33}},"184":{"start":{"line":185,"column":0},"end":{"line":185,"column":13}},"185":{"start":{"line":186,"column":0},"end":{"line":186,"column":20}},"186":{"start":{"line":187,"column":0},"end":{"line":187,"column":50}},"187":{"start":{"line":188,"column":0},"end":{"line":188,"column":13}},"188":{"start":{"line":189,"column":0},"end":{"line":189,"column":11}},"189":{"start":{"line":190,"column":0},"end":{"line":190,"column":68}},"190":{"start":{"line":191,"column":0},"end":{"line":191,"column":55}},"191":{"start":{"line":192,"column":0},"end":{"line":192,"column":30}},"192":{"start":{"line":193,"column":0},"end":{"line":193,"column":38}},"193":{"start":{"line":194,"column":0},"end":{"line":194,"column":36}},"194":{"start":{"line":195,"column":0},"end":{"line":195,"column":40}},"195":{"start":{"line":196,"column":0},"end":{"line":196,"column":13}},"196":{"start":{"line":197,"column":0},"end":{"line":197,"column":11}},"197":{"start":{"line":198,"column":0},"end":{"line":198,"column":9}},"198":{"start":{"line":199,"column":0},"end":{"line":199,"column":7}},"200":{"start":{"line":201,"column":0},"end":{"line":201,"column":29}},"202":{"start":{"line":203,"column":0},"end":{"line":203,"column":34}},"203":{"start":{"line":204,"column":0},"end":{"line":204,"column":13}},"204":{"start":{"line":205,"column":0},"end":{"line":205,"column":20}},"205":{"start":{"line":206,"column":0},"end":{"line":206,"column":51}},"206":{"start":{"line":207,"column":0},"end":{"line":207,"column":13}},"207":{"start":{"line":208,"column":0},"end":{"line":208,"column":11}},"208":{"start":{"line":209,"column":0},"end":{"line":209,"column":69}},"209":{"start":{"line":210,"column":0},"end":{"line":210,"column":55}},"210":{"start":{"line":211,"column":0},"end":{"line":211,"column":30}},"211":{"start":{"line":212,"column":0},"end":{"line":212,"column":40}},"212":{"start":{"line":213,"column":0},"end":{"line":213,"column":36}},"213":{"start":{"line":214,"column":0},"end":{"line":214,"column":20}},"214":{"start":{"line":215,"column":0},"end":{"line":215,"column":13}},"215":{"start":{"line":216,"column":0},"end":{"line":216,"column":11}},"216":{"start":{"line":217,"column":0},"end":{"line":217,"column":9}},"217":{"start":{"line":218,"column":0},"end":{"line":218,"column":7}},"219":{"start":{"line":220,"column":0},"end":{"line":220,"column":29}},"220":{"start":{"line":221,"column":0},"end":{"line":221,"column":33}},"221":{"start":{"line":222,"column":0},"end":{"line":222,"column":34}},"222":{"start":{"line":223,"column":0},"end":{"line":223,"column":38}},"223":{"start":{"line":224,"column":0},"end":{"line":224,"column":37}},"225":{"start":{"line":226,"column":0},"end":{"line":226,"column":30}},"226":{"start":{"line":227,"column":0},"end":{"line":227,"column":65}},"227":{"start":{"line":228,"column":0},"end":{"line":228,"column":60}},"228":{"start":{"line":229,"column":0},"end":{"line":229,"column":7}},"230":{"start":{"line":231,"column":0},"end":{"line":231,"column":31}},"231":{"start":{"line":232,"column":0},"end":{"line":232,"column":67}},"232":{"start":{"line":233,"column":0},"end":{"line":233,"column":62}},"234":{"start":{"line":235,"column":0},"end":{"line":235,"column":45}},"235":{"start":{"line":236,"column":0},"end":{"line":236,"column":7}},"239":{"start":{"line":240,"column":0},"end":{"line":240,"column":10}},"240":{"start":{"line":241,"column":0},"end":{"line":241,"column":59}},"241":{"start":{"line":242,"column":0},"end":{"line":242,"column":64}},"242":{"start":{"line":243,"column":0},"end":{"line":243,"column":9}},"243":{"start":{"line":244,"column":0},"end":{"line":244,"column":53}},"244":{"start":{"line":245,"column":0},"end":{"line":245,"column":55}},"245":{"start":{"line":246,"column":0},"end":{"line":246,"column":66}},"246":{"start":{"line":247,"column":0},"end":{"line":247,"column":12}},"247":{"start":{"line":248,"column":0},"end":{"line":248,"column":12}},"248":{"start":{"line":249,"column":0},"end":{"line":249,"column":57}},"249":{"start":{"line":250,"column":0},"end":{"line":250,"column":31}},"250":{"start":{"line":251,"column":0},"end":{"line":251,"column":21}},"251":{"start":{"line":252,"column":0},"end":{"line":252,"column":27}},"252":{"start":{"line":253,"column":0},"end":{"line":253,"column":14}},"253":{"start":{"line":254,"column":0},"end":{"line":254,"column":21}},"254":{"start":{"line":255,"column":0},"end":{"line":255,"column":7}},"256":{"start":{"line":257,"column":0},"end":{"line":257,"column":10}},"257":{"start":{"line":258,"column":0},"end":{"line":258,"column":61}},"258":{"start":{"line":259,"column":0},"end":{"line":259,"column":65}},"259":{"start":{"line":260,"column":0},"end":{"line":260,"column":9}},"260":{"start":{"line":261,"column":0},"end":{"line":261,"column":55}},"261":{"start":{"line":262,"column":0},"end":{"line":262,"column":57}},"262":{"start":{"line":263,"column":0},"end":{"line":263,"column":67}},"263":{"start":{"line":264,"column":0},"end":{"line":264,"column":12}},"264":{"start":{"line":265,"column":0},"end":{"line":265,"column":12}},"265":{"start":{"line":266,"column":0},"end":{"line":266,"column":60}},"266":{"start":{"line":267,"column":0},"end":{"line":267,"column":33}},"267":{"start":{"line":268,"column":0},"end":{"line":268,"column":21}},"268":{"start":{"line":269,"column":0},"end":{"line":269,"column":28}},"269":{"start":{"line":270,"column":0},"end":{"line":270,"column":14}},"270":{"start":{"line":271,"column":0},"end":{"line":271,"column":21}},"271":{"start":{"line":272,"column":0},"end":{"line":272,"column":7}},"272":{"start":{"line":273,"column":0},"end":{"line":273,"column":5}},"273":{"start":{"line":274,"column":0},"end":{"line":274,"column":20}},"274":{"start":{"line":275,"column":0},"end":{"line":275,"column":21}},"275":{"start":{"line":276,"column":0},"end":{"line":276,"column":3}},"276":{"start":{"line":277,"column":0},"end":{"line":277,"column":23}},"277":{"start":{"line":278,"column":0},"end":{"line":278,"column":17}},"278":{"start":{"line":279,"column":0},"end":{"line":279,"column":1}},"282":{"start":{"line":283,"column":0},"end":{"line":283,"column":24}}},"s":{"0":16,"1":16,"2":16,"3":16,"4":16,"5":16,"6":16,"7":16,"8":16,"14":16,"15":1,"16":1,"18":16,"19":1,"20":1,"22":14,"23":14,"26":14,"28":14,"30":14,"31":14,"33":14,"34":14,"35":14,"37":16,"38":37,"39":0,"40":0,"42":37,"44":7,"45":7,"46":7,"47":7,"49":7,"50":7,"51":7,"52":7,"54":7,"57":7,"58":5,"59":5,"60":5,"61":0,"62":5,"63":5,"65":5,"66":0,"67":0,"68":5,"69":5,"70":5,"71":5,"74":7,"75":2,"76":2,"78":7,"79":7,"80":7,"82":37,"83":6,"84":11,"85":11,"86":6,"88":6,"89":11,"90":11,"91":6,"93":6,"95":6,"96":5,"97":5,"98":5,"99":3,"100":5,"101":5,"103":5,"104":3,"105":3,"106":5,"107":2,"108":2,"109":5,"111":6,"112":3,"113":3,"115":6,"116":6,"117":6,"119":24,"120":24,"121":24,"122":24,"123":24,"124":24,"126":24,"127":24,"128":18,"129":12,"130":3,"131":18,"132":12,"133":37,"134":12,"135":12,"136":4,"137":12,"138":8,"139":8,"140":12,"141":12,"142":6,"143":6,"144":1,"145":5,"146":5,"147":12,"148":9,"149":9,"150":5,"151":9,"152":4,"153":4,"154":12,"156":3,"157":0,"158":0,"159":3,"160":2,"161":2,"162":3,"163":1,"164":1,"165":3,"167":37,"168":14,"169":14,"170":14,"171":14,"172":37,"173":9,"174":9,"175":9,"176":9,"177":9,"179":37,"180":14,"181":14,"183":14,"184":11,"185":11,"186":11,"187":11,"188":11,"189":14,"190":14,"191":14,"192":8,"193":8,"194":8,"195":8,"196":14,"197":14,"198":11,"200":14,"202":14,"203":12,"204":12,"205":12,"206":12,"207":12,"208":16,"209":16,"210":16,"211":9,"212":9,"213":9,"214":9,"215":16,"216":16,"217":12,"219":14,"220":14,"221":14,"222":14,"223":14,"225":14,"226":8,"227":8,"228":8,"230":14,"231":9,"232":9,"234":9,"235":9,"239":14,"240":14,"241":12,"242":14,"243":4,"244":4,"245":4,"246":4,"247":4,"248":4,"249":4,"250":4,"251":4,"252":14,"253":10,"254":10,"256":14,"257":14,"258":13,"259":14,"260":1,"261":1,"262":1,"263":1,"264":1,"265":1,"266":1,"267":1,"268":1,"269":14,"270":13,"271":13,"272":14,"273":23,"274":23,"275":23,"276":0,"277":0,"278":0,"282":1},"branchMap":{"0":{"type":"branch","line":1,"loc":{"start":{"line":1,"column":0},"end":{"line":279,"column":1}},"locations":[{"start":{"line":1,"column":0},"end":{"line":279,"column":1}}]},"1":{"type":"branch","line":15,"loc":{"start":{"line":15,"column":39},"end":{"line":17,"column":3}},"locations":[{"start":{"line":15,"column":39},"end":{"line":17,"column":3}}]},"2":{"type":"branch","line":17,"loc":{"start":{"line":17,"column":2},"end":{"line":19,"column":44}},"locations":[{"start":{"line":17,"column":2},"end":{"line":19,"column":44}}]},"3":{"type":"branch","line":19,"loc":{"start":{"line":19,"column":44},"end":{"line":21,"column":3}},"locations":[{"start":{"line":19,"column":44},"end":{"line":21,"column":3}}]},"4":{"type":"branch","line":21,"loc":{"start":{"line":21,"column":2},"end":{"line":38,"column":33}},"locations":[{"start":{"line":21,"column":2},"end":{"line":38,"column":33}}]},"5":{"type":"branch","line":38,"loc":{"start":{"line":38,"column":28},"end":{"line":38,"column":56}},"locations":[{"start":{"line":38,"column":28},"end":{"line":38,"column":56}}]},"6":{"type":"branch","line":38,"loc":{"start":{"line":38,"column":56},"end":{"line":276,"column":3}},"locations":[{"start":{"line":38,"column":56},"end":{"line":276,"column":3}}]},"7":{"type":"branch","line":39,"loc":{"start":{"line":39,"column":27},"end":{"line":39,"column":55}},"locations":[{"start":{"line":39,"column":27},"end":{"line":39,"column":55}}]},"8":{"type":"branch","line":39,"loc":{"start":{"line":39,"column":55},"end":{"line":41,"column":5}},"locations":[{"start":{"line":39,"column":55},"end":{"line":41,"column":5}}]},"9":{"type":"branch","line":43,"loc":{"start":{"line":43,"column":30},"end":{"line":81,"column":5}},"locations":[{"start":{"line":43,"column":30},"end":{"line":81,"column":5}}]},"10":{"type":"branch","line":58,"loc":{"start":{"line":58,"column":52},"end":{"line":72,"column":7}},"locations":[{"start":{"line":58,"column":52},"end":{"line":72,"column":7}}]},"11":{"type":"branch","line":61,"loc":{"start":{"line":61,"column":36},"end":{"line":62,"column":46}},"locations":[{"start":{"line":61,"column":36},"end":{"line":62,"column":46}}]},"12":{"type":"branch","line":64,"loc":{"start":{"line":64,"column":29},"end":{"line":64,"column":69}},"locations":[{"start":{"line":64,"column":29},"end":{"line":64,"column":69}}]},"13":{"type":"branch","line":66,"loc":{"start":{"line":66,"column":38},"end":{"line":66,"column":55}},"locations":[{"start":{"line":66,"column":38},"end":{"line":66,"column":55}}]},"14":{"type":"branch","line":66,"loc":{"start":{"line":66,"column":43},"end":{"line":66,"column":69}},"locations":[{"start":{"line":66,"column":43},"end":{"line":66,"column":69}}]},"15":{"type":"branch","line":66,"loc":{"start":{"line":66,"column":69},"end":{"line":69,"column":15}},"locations":[{"start":{"line":66,"column":69},"end":{"line":69,"column":15}}]},"16":{"type":"branch","line":75,"loc":{"start":{"line":75,"column":52},"end":{"line":77,"column":7}},"locations":[{"start":{"line":75,"column":52},"end":{"line":77,"column":7}}]},"17":{"type":"branch","line":81,"loc":{"start":{"line":81,"column":4},"end":{"line":83,"column":31}},"locations":[{"start":{"line":81,"column":4},"end":{"line":83,"column":31}}]},"18":{"type":"branch","line":83,"loc":{"start":{"line":83,"column":31},"end":{"line":118,"column":5}},"locations":[{"start":{"line":83,"column":31},"end":{"line":118,"column":5}}]},"19":{"type":"branch","line":96,"loc":{"start":{"line":96,"column":52},"end":{"line":110,"column":7}},"locations":[{"start":{"line":96,"column":52},"end":{"line":110,"column":7}}]},"20":{"type":"branch","line":99,"loc":{"start":{"line":99,"column":36},"end":{"line":100,"column":46}},"locations":[{"start":{"line":99,"column":36},"end":{"line":100,"column":46}}]},"21":{"type":"branch","line":102,"loc":{"start":{"line":102,"column":29},"end":{"line":102,"column":69}},"locations":[{"start":{"line":102,"column":29},"end":{"line":102,"column":69}}]},"22":{"type":"branch","line":104,"loc":{"start":{"line":104,"column":38},"end":{"line":104,"column":55}},"locations":[{"start":{"line":104,"column":38},"end":{"line":104,"column":55}}]},"23":{"type":"branch","line":104,"loc":{"start":{"line":104,"column":43},"end":{"line":104,"column":69}},"locations":[{"start":{"line":104,"column":43},"end":{"line":104,"column":69}}]},"24":{"type":"branch","line":104,"loc":{"start":{"line":104,"column":69},"end":{"line":107,"column":15}},"locations":[{"start":{"line":104,"column":69},"end":{"line":107,"column":15}}]},"25":{"type":"branch","line":107,"loc":{"start":{"line":107,"column":8},"end":{"line":109,"column":9}},"locations":[{"start":{"line":107,"column":8},"end":{"line":109,"column":9}}]},"26":{"type":"branch","line":112,"loc":{"start":{"line":112,"column":52},"end":{"line":114,"column":7}},"locations":[{"start":{"line":112,"column":52},"end":{"line":114,"column":7}}]},"27":{"type":"branch","line":118,"loc":{"start":{"line":118,"column":4},"end":{"line":128,"column":33}},"locations":[{"start":{"line":118,"column":4},"end":{"line":128,"column":33}}]},"28":{"type":"branch","line":128,"loc":{"start":{"line":128,"column":19},"end":{"line":131,"column":47}},"locations":[{"start":{"line":128,"column":19},"end":{"line":131,"column":47}}]},"29":{"type":"branch","line":129,"loc":{"start":{"line":129,"column":22},"end":{"line":130,"column":44}},"locations":[{"start":{"line":129,"column":22},"end":{"line":130,"column":44}}]},"30":{"type":"branch","line":130,"loc":{"start":{"line":130,"column":34},"end":{"line":131,"column":47}},"locations":[{"start":{"line":130,"column":34},"end":{"line":131,"column":47}}]},"31":{"type":"branch","line":131,"loc":{"start":{"line":131,"column":35},"end":{"line":133,"column":55}},"locations":[{"start":{"line":131,"column":35},"end":{"line":133,"column":55}}]},"32":{"type":"branch","line":132,"loc":{"start":{"line":132,"column":22},"end":{"line":133,"column":55}},"locations":[{"start":{"line":132,"column":22},"end":{"line":133,"column":55}}]},"33":{"type":"branch","line":134,"loc":{"start":{"line":134,"column":6},"end":{"line":166,"column":5}},"locations":[{"start":{"line":134,"column":6},"end":{"line":166,"column":5}}]},"34":{"type":"branch","line":136,"loc":{"start":{"line":136,"column":45},"end":{"line":138,"column":13}},"locations":[{"start":{"line":136,"column":45},"end":{"line":138,"column":13}}]},"35":{"type":"branch","line":138,"loc":{"start":{"line":138,"column":6},"end":{"line":140,"column":7}},"locations":[{"start":{"line":138,"column":6},"end":{"line":140,"column":7}}]},"36":{"type":"branch","line":142,"loc":{"start":{"line":142,"column":20},"end":{"line":145,"column":45}},"locations":[{"start":{"line":142,"column":20},"end":{"line":145,"column":45}}]},"37":{"type":"branch","line":144,"loc":{"start":{"line":144,"column":35},"end":{"line":145,"column":45}},"locations":[{"start":{"line":144,"column":35},"end":{"line":145,"column":45}}]},"38":{"type":"branch","line":145,"loc":{"start":{"line":145,"column":34},"end":{"line":147,"column":55}},"locations":[{"start":{"line":145,"column":34},"end":{"line":147,"column":55}}]},"39":{"type":"branch","line":148,"loc":{"start":{"line":148,"column":6},"end":{"line":155,"column":11}},"locations":[{"start":{"line":148,"column":6},"end":{"line":155,"column":11}}]},"40":{"type":"branch","line":150,"loc":{"start":{"line":150,"column":47},"end":{"line":152,"column":13}},"locations":[{"start":{"line":150,"column":47},"end":{"line":152,"column":13}}]},"41":{"type":"branch","line":152,"loc":{"start":{"line":152,"column":6},"end":{"line":154,"column":7}},"locations":[{"start":{"line":152,"column":6},"end":{"line":154,"column":7}}]},"42":{"type":"branch","line":155,"loc":{"start":{"line":155,"column":4},"end":{"line":166,"column":5}},"locations":[{"start":{"line":155,"column":4},"end":{"line":166,"column":5}}]},"43":{"type":"branch","line":157,"loc":{"start":{"line":157,"column":26},"end":{"line":160,"column":17}},"locations":[{"start":{"line":157,"column":26},"end":{"line":160,"column":17}}]},"44":{"type":"branch","line":160,"loc":{"start":{"line":160,"column":34},"end":{"line":163,"column":13}},"locations":[{"start":{"line":160,"column":34},"end":{"line":163,"column":13}}]},"45":{"type":"branch","line":163,"loc":{"start":{"line":163,"column":6},"end":{"line":165,"column":7}},"locations":[{"start":{"line":163,"column":6},"end":{"line":165,"column":7}}]},"46":{"type":"branch","line":166,"loc":{"start":{"line":166,"column":4},"end":{"line":168,"column":24}},"locations":[{"start":{"line":166,"column":4},"end":{"line":168,"column":24}}]},"47":{"type":"branch","line":168,"loc":{"start":{"line":168,"column":24},"end":{"line":173,"column":15}},"locations":[{"start":{"line":168,"column":24},"end":{"line":173,"column":15}}]},"48":{"type":"branch","line":173,"loc":{"start":{"line":173,"column":4},"end":{"line":178,"column":5}},"locations":[{"start":{"line":173,"column":4},"end":{"line":178,"column":5}}]},"49":{"type":"branch","line":178,"loc":{"start":{"line":178,"column":4},"end":{"line":180,"column":52}},"locations":[{"start":{"line":178,"column":4},"end":{"line":180,"column":52}}]},"50":{"type":"branch","line":180,"loc":{"start":{"line":180,"column":52},"end":{"line":273,"column":5}},"locations":[{"start":{"line":180,"column":52},"end":{"line":273,"column":5}}]},"51":{"type":"branch","line":184,"loc":{"start":{"line":184,"column":32},"end":{"line":199,"column":7}},"locations":[{"start":{"line":184,"column":32},"end":{"line":199,"column":7}}]},"52":{"type":"branch","line":187,"loc":{"start":{"line":187,"column":24},"end":{"line":187,"column":50}},"locations":[{"start":{"line":187,"column":24},"end":{"line":187,"column":50}}]},"53":{"type":"branch","line":189,"loc":{"start":{"line":189,"column":10},"end":{"line":198,"column":9}},"locations":[{"start":{"line":189,"column":10},"end":{"line":198,"column":9}}]},"54":{"type":"branch","line":192,"loc":{"start":{"line":192,"column":29},"end":{"line":196,"column":13}},"locations":[{"start":{"line":192,"column":29},"end":{"line":196,"column":13}}]},"55":{"type":"branch","line":203,"loc":{"start":{"line":203,"column":33},"end":{"line":218,"column":7}},"locations":[{"start":{"line":203,"column":33},"end":{"line":218,"column":7}}]},"56":{"type":"branch","line":206,"loc":{"start":{"line":206,"column":25},"end":{"line":206,"column":51}},"locations":[{"start":{"line":206,"column":25},"end":{"line":206,"column":51}}]},"57":{"type":"branch","line":208,"loc":{"start":{"line":208,"column":10},"end":{"line":217,"column":9}},"locations":[{"start":{"line":208,"column":10},"end":{"line":217,"column":9}}]},"58":{"type":"branch","line":211,"loc":{"start":{"line":211,"column":29},"end":{"line":215,"column":13}},"locations":[{"start":{"line":211,"column":29},"end":{"line":215,"column":13}}]},"59":{"type":"branch","line":226,"loc":{"start":{"line":226,"column":29},"end":{"line":229,"column":7}},"locations":[{"start":{"line":226,"column":29},"end":{"line":229,"column":7}}]},"60":{"type":"branch","line":231,"loc":{"start":{"line":231,"column":30},"end":{"line":236,"column":7}},"locations":[{"start":{"line":231,"column":30},"end":{"line":236,"column":7}}]},"61":{"type":"branch","line":241,"loc":{"start":{"line":241,"column":17},"end":{"line":241,"column":59}},"locations":[{"start":{"line":241,"column":17},"end":{"line":241,"column":59}}]},"62":{"type":"branch","line":241,"loc":{"start":{"line":241,"column":45},"end":{"line":242,"column":64}},"locations":[{"start":{"line":241,"column":45},"end":{"line":242,"column":64}}]},"63":{"type":"branch","line":242,"loc":{"start":{"line":242,"column":17},"end":{"line":242,"column":64}},"locations":[{"start":{"line":242,"column":17},"end":{"line":242,"column":64}}]},"64":{"type":"branch","line":243,"loc":{"start":{"line":243,"column":8},"end":{"line":253,"column":13}},"locations":[{"start":{"line":243,"column":8},"end":{"line":253,"column":13}}]},"65":{"type":"branch","line":253,"loc":{"start":{"line":253,"column":6},"end":{"line":255,"column":7}},"locations":[{"start":{"line":253,"column":6},"end":{"line":255,"column":7}}]},"66":{"type":"branch","line":258,"loc":{"start":{"line":258,"column":17},"end":{"line":258,"column":61}},"locations":[{"start":{"line":258,"column":17},"end":{"line":258,"column":61}}]},"67":{"type":"branch","line":258,"loc":{"start":{"line":258,"column":47},"end":{"line":259,"column":65}},"locations":[{"start":{"line":258,"column":47},"end":{"line":259,"column":65}}]},"68":{"type":"branch","line":259,"loc":{"start":{"line":259,"column":17},"end":{"line":259,"column":65}},"locations":[{"start":{"line":259,"column":17},"end":{"line":259,"column":65}}]},"69":{"type":"branch","line":260,"loc":{"start":{"line":260,"column":8},"end":{"line":270,"column":13}},"locations":[{"start":{"line":260,"column":8},"end":{"line":270,"column":13}}]},"70":{"type":"branch","line":270,"loc":{"start":{"line":270,"column":6},"end":{"line":272,"column":7}},"locations":[{"start":{"line":270,"column":6},"end":{"line":272,"column":7}}]},"71":{"type":"branch","line":273,"loc":{"start":{"line":273,"column":4},"end":{"line":276,"column":3}},"locations":[{"start":{"line":273,"column":4},"end":{"line":276,"column":3}}]},"72":{"type":"branch","line":276,"loc":{"start":{"line":276,"column":2},"end":{"line":279,"column":1}},"locations":[{"start":{"line":276,"column":2},"end":{"line":279,"column":1}}]},"73":{"type":"branch","line":31,"loc":{"start":{"line":31,"column":9},"end":{"line":31,"column":59}},"locations":[{"start":{"line":31,"column":9},"end":{"line":31,"column":59}}]},"74":{"type":"branch","line":31,"loc":{"start":{"line":31,"column":39},"end":{"line":31,"column":59}},"locations":[{"start":{"line":31,"column":39},"end":{"line":31,"column":59}}]},"75":{"type":"branch","line":32,"loc":{"start":{"line":32,"column":12},"end":{"line":32,"column":20}},"locations":[{"start":{"line":32,"column":12},"end":{"line":32,"column":20}}]},"76":{"type":"branch","line":35,"loc":{"start":{"line":35,"column":9},"end":{"line":35,"column":58}},"locations":[{"start":{"line":35,"column":9},"end":{"line":35,"column":58}}]},"77":{"type":"branch","line":35,"loc":{"start":{"line":35,"column":39},"end":{"line":35,"column":58}},"locations":[{"start":{"line":35,"column":39},"end":{"line":35,"column":58}}]},"78":{"type":"branch","line":36,"loc":{"start":{"line":36,"column":12},"end":{"line":36,"column":20}},"locations":[{"start":{"line":36,"column":12},"end":{"line":36,"column":20}}]},"79":{"type":"branch","line":45,"loc":{"start":{"line":45,"column":45},"end":{"line":48,"column":7}},"locations":[{"start":{"line":45,"column":45},"end":{"line":48,"column":7}}]},"80":{"type":"branch","line":50,"loc":{"start":{"line":50,"column":45},"end":{"line":53,"column":7}},"locations":[{"start":{"line":50,"column":45},"end":{"line":53,"column":7}}]},"81":{"type":"branch","line":84,"loc":{"start":{"line":84,"column":44},"end":{"line":87,"column":7}},"locations":[{"start":{"line":84,"column":44},"end":{"line":87,"column":7}}]},"82":{"type":"branch","line":89,"loc":{"start":{"line":89,"column":44},"end":{"line":92,"column":7}},"locations":[{"start":{"line":89,"column":44},"end":{"line":92,"column":7}}]}},"b":{"0":[16],"1":[1],"2":[15],"3":[1],"4":[14],"5":[7],"6":[37],"7":[7],"8":[0],"9":[7],"10":[5],"11":[0],"12":[0],"13":[0],"14":[0],"15":[0],"16":[2],"17":[30],"18":[6],"19":[5],"20":[3],"21":[3],"22":[3],"23":[3],"24":[3],"25":[2],"26":[3],"27":[24],"28":[18],"29":[12],"30":[3],"31":[18],"32":[12],"33":[12],"34":[4],"35":[8],"36":[6],"37":[1],"38":[5],"39":[9],"40":[5],"41":[4],"42":[3],"43":[0],"44":[2],"45":[1],"46":[23],"47":[14],"48":[9],"49":[23],"50":[14],"51":[11],"52":[17],"53":[14],"54":[8],"55":[12],"56":[18],"57":[16],"58":[9],"59":[8],"60":[9],"61":[10],"62":[12],"63":[8],"64":[4],"65":[10],"66":[4],"67":[13],"68":[3],"69":[1],"70":[13],"71":[23],"72":[0],"73":[111],"74":[31],"75":[111],"76":[98],"77":[18],"78":[98],"79":[7],"80":[7],"81":[11],"82":[11]},"fnMap":{"0":{"name":"f","decl":{"start":{"line":1,"column":0},"end":{"line":279,"column":1}},"loc":{"start":{"line":1,"column":0},"end":{"line":279,"column":1}},"line":1}},"f":{"0":16}}
,"C:\\Users\\holly\\repos\\codewarsTesting\\functions\\bouncingBall.js": {"path":"C:\\Users\\holly\\repos\\codewarsTesting\\functions\\bouncingBall.js","all":false,"statementMap":{"0":{"start":{"line":1,"column":0},"end":{"line":1,"column":57}},"1":{"start":{"line":2,"column":0},"end":{"line":2,"column":61}},"2":{"start":{"line":3,"column":0},"end":{"line":3,"column":18}},"3":{"start":{"line":4,"column":0},"end":{"line":4,"column":5}},"4":{"start":{"line":5,"column":0},"end":{"line":5,"column":18}},"5":{"start":{"line":6,"column":0},"end":{"line":6,"column":26}},"6":{"start":{"line":7,"column":0},"end":{"line":7,"column":28}},"7":{"start":{"line":8,"column":0},"end":{"line":8,"column":38}},"8":{"start":{"line":9,"column":0},"end":{"line":9,"column":25}},"9":{"start":{"line":10,"column":0},"end":{"line":10,"column":9}},"10":{"start":{"line":11,"column":0},"end":{"line":11,"column":32}},"11":{"start":{"line":12,"column":0},"end":{"line":12,"column":37}},"12":{"start":{"line":13,"column":0},"end":{"line":13,"column":23}},"13":{"start":{"line":14,"column":0},"end":{"line":14,"column":16}},"14":{"start":{"line":15,"column":0},"end":{"line":15,"column":19}},"15":{"start":{"line":16,"column":0},"end":{"line":16,"column":9}},"16":{"start":{"line":17,"column":0},"end":{"line":17,"column":58}},"17":{"start":{"line":18,"column":0},"end":{"line":18,"column":5}},"18":{"start":{"line":19,"column":0},"end":{"line":19,"column":42}},"19":{"start":{"line":20,"column":0},"end":{"line":20,"column":1}}},"s":{"0":1,"1":12,"2":6,"3":6,"4":6,"5":6,"6":6,"7":31,"8":6,"9":6,"10":25,"11":31,"12":19,"13":31,"14":6,"15":6,"16":25,"17":31,"18":6,"19":6},"branchMap":{"0":{"type":"branch","line":1,"loc":{"start":{"line":1,"column":15},"end":{"line":20,"column":1}},"locations":[{"start":{"line":1,"column":15},"end":{"line":20,"column":1}}]},"1":{"type":"branch","line":2,"loc":{"start":{"line":2,"column":15},"end":{"line":2,"column":29}},"locations":[{"start":{"line":2,"column":15},"end":{"line":2,"column":29}}]},"2":{"type":"branch","line":2,"loc":{"start":{"line":2,"column":30},"end":{"line":2,"column":44}},"locations":[{"start":{"line":2,"column":30},"end":{"line":2,"column":44}}]},"3":{"type":"branch","line":2,"loc":{"start":{"line":2,"column":45},"end":{"line":2,"column":58}},"locations":[{"start":{"line":2,"column":45},"end":{"line":2,"column":58}}]},"4":{"type":"branch","line":2,"loc":{"start":{"line":2,"column":60},"end":{"line":20,"column":1}},"locations":[{"start":{"line":2,"column":60},"end":{"line":20,"column":1}}]},"5":{"type":"branch","line":7,"loc":{"start":{"line":7,"column":4},"end":{"line":18,"column":5}},"locations":[{"start":{"line":7,"column":4},"end":{"line":18,"column":5}}]},"6":{"type":"branch","line":8,"loc":{"start":{"line":8,"column":37},"end":{"line":10,"column":9}},"locations":[{"start":{"line":8,"column":37},"end":{"line":10,"column":9}}]},"7":{"type":"branch","line":10,"loc":{"start":{"line":10,"column":8},"end":{"line":12,"column":36}},"locations":[{"start":{"line":10,"column":8},"end":{"line":12,"column":36}}]},"8":{"type":"branch","line":12,"loc":{"start":{"line":12,"column":36},"end":{"line":14,"column":9}},"locations":[{"start":{"line":12,"column":36},"end":{"line":14,"column":9}}]},"9":{"type":"branch","line":14,"loc":{"start":{"line":14,"column":9},"end":{"line":16,"column":9}},"locations":[{"start":{"line":14,"column":9},"end":{"line":16,"column":9}}]},"10":{"type":"branch","line":16,"loc":{"start":{"line":16,"column":8},"end":{"line":18,"column":4}},"locations":[{"start":{"line":16,"column":8},"end":{"line":18,"column":4}}]}},"b":{"0":[12],"1":[9],"2":[8],"3":[6],"4":[6],"5":[31],"6":[6],"7":[25],"8":[19],"9":[6],"10":[25]},"fnMap":{"0":{"name":"bouncingBall","decl":{"start":{"line":1,"column":15},"end":{"line":20,"column":1}},"loc":{"start":{"line":1,"column":15},"end":{"line":20,"column":1}},"line":1},"1":{"name":"bounceCount","decl":{"start":{"line":7,"column":4},"end":{"line":18,"column":5}},"loc":{"start":{"line":7,"column":4},"end":{"line":18,"column":5}},"line":7}},"f":{"0":12,"1":31}}
,"C:\\Users\\holly\\repos\\codewarsTesting\\functions\\cockroachSpeed.ts": {"path":"C:\\Users\\holly\\repos\\codewarsTesting\\functions\\cockroachSpeed.ts","all":false,"statementMap":{"0":{"start":{"line":1,"column":0},"end":{"line":1,"column":59}},"1":{"start":{"line":2,"column":0},"end":{"line":2,"column":16}},"2":{"start":{"line":3,"column":0},"end":{"line":3,"column":70}},"3":{"start":{"line":4,"column":0},"end":{"line":4,"column":5}},"4":{"start":{"line":5,"column":0},"end":{"line":5,"column":32}},"5":{"start":{"line":6,"column":0},"end":{"line":6,"column":40}},"6":{"start":{"line":7,"column":0},"end":{"line":7,"column":5}},"11":{"start":{"line":12,"column":0},"end":{"line":12,"column":39}},"12":{"start":{"line":13,"column":0},"end":{"line":13,"column":1}}},"s":{"0":8,"1":8,"2":1,"3":1,"4":8,"5":1,"6":1,"11":6,"12":6},"branchMap":{"0":{"type":"branch","line":1,"loc":{"start":{"line":1,"column":0},"end":{"line":13,"column":1}},"locations":[{"start":{"line":1,"column":0},"end":{"line":13,"column":1}}]},"1":{"type":"branch","line":2,"loc":{"start":{"line":2,"column":15},"end":{"line":4,"column":5}},"locations":[{"start":{"line":2,"column":15},"end":{"line":4,"column":5}}]},"2":{"type":"branch","line":4,"loc":{"start":{"line":4,"column":4},"end":{"line":5,"column":31}},"locations":[{"start":{"line":4,"column":4},"end":{"line":5,"column":31}}]},"3":{"type":"branch","line":5,"loc":{"start":{"line":5,"column":31},"end":{"line":7,"column":5}},"locations":[{"start":{"line":5,"column":31},"end":{"line":7,"column":5}}]},"4":{"type":"branch","line":7,"loc":{"start":{"line":7,"column":4},"end":{"line":13,"column":1}},"locations":[{"start":{"line":7,"column":4},"end":{"line":13,"column":1}}]}},"b":{"0":[8],"1":[1],"2":[7],"3":[1],"4":[6]},"fnMap":{"0":{"name":"cockroachSpeed","decl":{"start":{"line":1,"column":0},"end":{"line":13,"column":1}},"loc":{"start":{"line":1,"column":0},"end":{"line":13,"column":1}},"line":1}},"f":{"0":8}}
,"C:\\Users\\holly\\repos\\codewarsTesting\\functions\\countBits.ts": {"path":"C:\\Users\\holly\\repos\\codewarsTesting\\functions\\countBits.ts","all":false,"statementMap":{"0":{"start":{"line":1,"column":0},"end":{"line":1,"column":57}},"1":{"start":{"line":2,"column":0},"end":{"line":2,"column":44}},"2":{"start":{"line":3,"column":0},"end":{"line":3,"column":45}},"3":{"start":{"line":4,"column":0},"end":{"line":4,"column":5}},"4":{"start":{"line":5,"column":0},"end":{"line":5,"column":34}},"5":{"start":{"line":6,"column":0},"end":{"line":6,"column":37}},"6":{"start":{"line":7,"column":0},"end":{"line":7,"column":45}},"7":{"start":{"line":8,"column":0},"end":{"line":8,"column":9}},"8":{"start":{"line":9,"column":0},"end":{"line":9,"column":12}},"9":{"start":{"line":10,"column":0},"end":{"line":10,"column":38}},"10":{"start":{"line":11,"column":0},"end":{"line":11,"column":45}},"11":{"start":{"line":12,"column":0},"end":{"line":12,"column":9}},"12":{"start":{"line":13,"column":0},"end":{"line":13,"column":5}},"13":{"start":{"line":14,"column":0},"end":{"line":14,"column":14}},"14":{"start":{"line":15,"column":0},"end":{"line":15,"column":18}},"15":{"start":{"line":16,"column":0},"end":{"line":16,"column":16}},"16":{"start":{"line":17,"column":0},"end":{"line":17,"column":43}},"17":{"start":{"line":18,"column":0},"end":{"line":18,"column":1}}},"s":{"0":8,"1":8,"2":1,"3":1,"4":8,"5":5,"6":1,"7":1,"8":8,"9":2,"10":1,"11":1,"12":2,"13":5,"14":5,"15":5,"16":5,"17":5},"branchMap":{"0":{"type":"branch","line":1,"loc":{"start":{"line":1,"column":0},"end":{"line":18,"column":1}},"locations":[{"start":{"line":1,"column":0},"end":{"line":18,"column":1}}]},"1":{"type":"branch","line":2,"loc":{"start":{"line":2,"column":16},"end":{"line":2,"column":43}},"locations":[{"start":{"line":2,"column":16},"end":{"line":2,"column":43}}]},"2":{"type":"branch","line":2,"loc":{"start":{"line":2,"column":43},"end":{"line":4,"column":5}},"locations":[{"start":{"line":2,"column":43},"end":{"line":4,"column":5}}]},"3":{"type":"branch","line":4,"loc":{"start":{"line":4,"column":4},"end":{"line":5,"column":33}},"locations":[{"start":{"line":4,"column":4},"end":{"line":5,"column":33}}]},"4":{"type":"branch","line":5,"loc":{"start":{"line":5,"column":33},"end":{"line":9,"column":11}},"locations":[{"start":{"line":5,"column":33},"end":{"line":9,"column":11}}]},"5":{"type":"branch","line":6,"loc":{"start":{"line":6,"column":36},"end":{"line":8,"column":9}},"locations":[{"start":{"line":6,"column":36},"end":{"line":8,"column":9}}]},"6":{"type":"branch","line":9,"loc":{"start":{"line":9,"column":4},"end":{"line":13,"column":5}},"locations":[{"start":{"line":9,"column":4},"end":{"line":13,"column":5}}]},"7":{"type":"branch","line":10,"loc":{"start":{"line":10,"column":37},"end":{"line":12,"column":9}},"locations":[{"start":{"line":10,"column":37},"end":{"line":12,"column":9}}]},"8":{"type":"branch","line":13,"loc":{"start":{"line":13,"column":4},"end":{"line":18,"column":1}},"locations":[{"start":{"line":13,"column":4},"end":{"line":18,"column":1}}]},"9":{"type":"branch","line":17,"loc":{"start":{"line":17,"column":14},"end":{"line":17,"column":34}},"locations":[{"start":{"line":17,"column":14},"end":{"line":17,"column":34}}]}},"b":{"0":[8],"1":[7],"2":[1],"3":[7],"4":[5],"5":[1],"6":[2],"7":[1],"8":[5],"9":[71]},"fnMap":{"0":{"name":"countBits","decl":{"start":{"line":1,"column":0},"end":{"line":18,"column":1}},"loc":{"start":{"line":1,"column":0},"end":{"line":18,"column":1}},"line":1}},"f":{"0":8}}
,"C:\\Users\\holly\\repos\\codewarsTesting\\functions\\countPositivesSumNegatives.js": {"path":"C:\\Users\\holly\\repos\\codewarsTesting\\functions\\countPositivesSumNegatives.js","all":false,"statementMap":{"0":{"start":{"line":1,"column":0},"end":{"line":1,"column":64}},"1":{"start":{"line":2,"column":0},"end":{"line":2,"column":27}},"2":{"start":{"line":3,"column":0},"end":{"line":3,"column":14}},"3":{"start":{"line":4,"column":0},"end":{"line":4,"column":3}},"4":{"start":{"line":5,"column":0},"end":{"line":5,"column":51}},"5":{"start":{"line":6,"column":0},"end":{"line":6,"column":58}},"6":{"start":{"line":7,"column":0},"end":{"line":7,"column":3}},"7":{"start":{"line":8,"column":0},"end":{"line":8,"column":10}},"8":{"start":{"line":9,"column":0},"end":{"line":9,"column":41}},"9":{"start":{"line":10,"column":0},"end":{"line":10,"column":61}},"10":{"start":{"line":11,"column":0},"end":{"line":11,"column":7}},"11":{"start":{"line":12,"column":0},"end":{"line":12,"column":1}},"12":{"start":{"line":13,"column":0},"end":{"line":13,"column":0}},"13":{"start":{"line":14,"column":0},"end":{"line":14,"column":47}},"14":{"start":{"line":15,"column":0},"end":{"line":15,"column":54}},"15":{"start":{"line":16,"column":0},"end":{"line":16,"column":43}},"16":{"start":{"line":17,"column":0},"end":{"line":17,"column":24}},"17":{"start":{"line":18,"column":0},"end":{"line":18,"column":26}},"18":{"start":{"line":19,"column":0},"end":{"line":19,"column":26}},"19":{"start":{"line":20,"column":0},"end":{"line":20,"column":9}},"20":{"start":{"line":21,"column":0},"end":{"line":21,"column":16}},"21":{"start":{"line":22,"column":0},"end":{"line":22,"column":48}},"22":{"start":{"line":23,"column":0},"end":{"line":23,"column":21}},"23":{"start":{"line":24,"column":0},"end":{"line":24,"column":8}},"24":{"start":{"line":25,"column":0},"end":{"line":25,"column":17}},"25":{"start":{"line":26,"column":0},"end":{"line":26,"column":6}},"26":{"start":{"line":27,"column":0},"end":{"line":27,"column":22}},"27":{"start":{"line":28,"column":0},"end":{"line":28,"column":69}},"28":{"start":{"line":29,"column":0},"end":{"line":29,"column":7}},"29":{"start":{"line":30,"column":0},"end":{"line":30,"column":21}},"30":{"start":{"line":31,"column":0},"end":{"line":31,"column":24}},"31":{"start":{"line":32,"column":0},"end":{"line":32,"column":44}},"32":{"start":{"line":33,"column":0},"end":{"line":33,"column":7}},"33":{"start":{"line":34,"column":0},"end":{"line":34,"column":0}},"34":{"start":{"line":35,"column":0},"end":{"line":35,"column":57}},"35":{"start":{"line":36,"column":0},"end":{"line":36,"column":4}},"36":{"start":{"line":37,"column":0},"end":{"line":37,"column":0}},"37":{"start":{"line":38,"column":0},"end":{"line":38,"column":0}},"38":{"start":{"line":39,"column":0},"end":{"line":39,"column":31}},"39":{"start":{"line":40,"column":0},"end":{"line":40,"column":8}},"40":{"start":{"line":41,"column":0},"end":{"line":41,"column":43}},"41":{"start":{"line":42,"column":0},"end":{"line":42,"column":63}},"42":{"start":{"line":43,"column":0},"end":{"line":43,"column":8}},"43":{"start":{"line":44,"column":0},"end":{"line":44,"column":10}}},"s":{"0":1,"1":8,"2":1,"3":1,"4":8,"5":2,"6":2,"7":5,"8":5,"9":5,"10":5,"11":5,"12":1,"13":1,"14":1,"15":1,"16":1,"17":1,"18":1,"19":1,"20":1,"21":1,"22":1,"23":1,"24":1,"25":1,"26":1,"27":1,"28":1,"29":1,"30":1,"31":1,"32":1,"33":1,"34":1,"35":1,"36":1,"37":1,"38":1,"39":1,"40":1,"41":1,"42":1,"43":1},"branchMap":{"0":{"type":"branch","line":1,"loc":{"start":{"line":1,"column":15},"end":{"line":12,"column":1}},"locations":[{"start":{"line":1,"column":15},"end":{"line":12,"column":1}}]},"1":{"type":"branch","line":2,"loc":{"start":{"line":2,"column":26},"end":{"line":4,"column":3}},"locations":[{"start":{"line":2,"column":26},"end":{"line":4,"column":3}}]},"2":{"type":"branch","line":4,"loc":{"start":{"line":4,"column":2},"end":{"line":5,"column":28}},"locations":[{"start":{"line":4,"column":2},"end":{"line":5,"column":28}}]},"3":{"type":"branch","line":5,"loc":{"start":{"line":5,"column":28},"end":{"line":5,"column":47}},"locations":[{"start":{"line":5,"column":28},"end":{"line":5,"column":47}}]},"4":{"type":"branch","line":5,"loc":{"start":{"line":5,"column":50},"end":{"line":7,"column":3}},"locations":[{"start":{"line":5,"column":50},"end":{"line":7,"column":3}}]},"5":{"type":"branch","line":7,"loc":{"start":{"line":7,"column":2},"end":{"line":12,"column":1}},"locations":[{"start":{"line":7,"column":2},"end":{"line":12,"column":1}}]},"6":{"type":"branch","line":9,"loc":{"start":{"line":9,"column":20},"end":{"line":9,"column":32}},"locations":[{"start":{"line":9,"column":20},"end":{"line":9,"column":32}}]},"7":{"type":"branch","line":10,"loc":{"start":{"line":10,"column":20},"end":{"line":10,"column":32}},"locations":[{"start":{"line":10,"column":20},"end":{"line":10,"column":32}}]},"8":{"type":"branch","line":10,"loc":{"start":{"line":10,"column":41},"end":{"line":10,"column":56}},"locations":[{"start":{"line":10,"column":41},"end":{"line":10,"column":56}}]}},"b":{"0":[8],"1":[1],"2":[7],"3":[6],"4":[2],"5":[5],"6":[17],"7":[17],"8":[6]},"fnMap":{"0":{"name":"countPositivesSumNegatives","decl":{"start":{"line":1,"column":15},"end":{"line":12,"column":1}},"loc":{"start":{"line":1,"column":15},"end":{"line":12,"column":1}},"line":1}},"f":{"0":8}}
,"C:\\Users\\holly\\repos\\codewarsTesting\\functions\\digitCount.js": {"path":"C:\\Users\\holly\\repos\\codewarsTesting\\functions\\digitCount.js","all":false,"statementMap":{"0":{"start":{"line":1,"column":0},"end":{"line":1,"column":37}},"1":{"start":{"line":2,"column":0},"end":{"line":2,"column":83}},"2":{"start":{"line":3,"column":0},"end":{"line":3,"column":64}},"3":{"start":{"line":4,"column":0},"end":{"line":4,"column":5}},"4":{"start":{"line":5,"column":0},"end":{"line":5,"column":18}},"5":{"start":{"line":6,"column":0},"end":{"line":6,"column":21}},"6":{"start":{"line":7,"column":0},"end":{"line":7,"column":8}},"7":{"start":{"line":8,"column":0},"end":{"line":8,"column":17}},"8":{"start":{"line":9,"column":0},"end":{"line":9,"column":15}},"9":{"start":{"line":10,"column":0},"end":{"line":10,"column":45}},"10":{"start":{"line":11,"column":0},"end":{"line":11,"column":6}},"11":{"start":{"line":12,"column":0},"end":{"line":12,"column":32}},"12":{"start":{"line":13,"column":0},"end":{"line":13,"column":29}},"13":{"start":{"line":14,"column":0},"end":{"line":14,"column":33}},"14":{"start":{"line":15,"column":0},"end":{"line":15,"column":34}},"15":{"start":{"line":16,"column":0},"end":{"line":16,"column":20}},"16":{"start":{"line":17,"column":0},"end":{"line":17,"column":13}},"17":{"start":{"line":18,"column":0},"end":{"line":18,"column":9}},"18":{"start":{"line":19,"column":0},"end":{"line":19,"column":5}},"19":{"start":{"line":20,"column":0},"end":{"line":20,"column":17}},"20":{"start":{"line":21,"column":0},"end":{"line":21,"column":1}}},"s":{"0":1,"1":13,"2":5,"3":5,"4":8,"5":8,"6":8,"7":8,"8":8,"9":8,"10":8,"11":13,"12":40578,"13":40578,"14":310673,"15":33834,"16":33834,"17":310673,"18":40578,"19":8,"20":8},"branchMap":{"0":{"type":"branch","line":1,"loc":{"start":{"line":1,"column":15},"end":{"line":21,"column":1}},"locations":[{"start":{"line":1,"column":15},"end":{"line":21,"column":1}}]},"1":{"type":"branch","line":2,"loc":{"start":{"line":2,"column":29},"end":{"line":2,"column":52}},"locations":[{"start":{"line":2,"column":29},"end":{"line":2,"column":52}}]},"2":{"type":"branch","line":2,"loc":{"start":{"line":2,"column":53},"end":{"line":2,"column":61}},"locations":[{"start":{"line":2,"column":53},"end":{"line":2,"column":61}}]},"3":{"type":"branch","line":2,"loc":{"start":{"line":2,"column":62},"end":{"line":2,"column":70}},"locations":[{"start":{"line":2,"column":62},"end":{"line":2,"column":70}}]},"4":{"type":"branch","line":2,"loc":{"start":{"line":2,"column":71},"end":{"line":2,"column":79}},"locations":[{"start":{"line":2,"column":71},"end":{"line":2,"column":79}}]},"5":{"type":"branch","line":2,"loc":{"start":{"line":2,"column":82},"end":{"line":4,"column":5}},"locations":[{"start":{"line":2,"column":82},"end":{"line":4,"column":5}}]},"6":{"type":"branch","line":4,"loc":{"start":{"line":4,"column":4},"end":{"line":12,"column":31}},"locations":[{"start":{"line":4,"column":4},"end":{"line":12,"column":31}}]},"7":{"type":"branch","line":12,"loc":{"start":{"line":12,"column":31},"end":{"line":19,"column":5}},"locations":[{"start":{"line":12,"column":31},"end":{"line":19,"column":5}}]},"8":{"type":"branch","line":14,"loc":{"start":{"line":14,"column":32},"end":{"line":18,"column":9}},"locations":[{"start":{"line":14,"column":32},"end":{"line":18,"column":9}}]},"9":{"type":"branch","line":15,"loc":{"start":{"line":15,"column":33},"end":{"line":17,"column":13}},"locations":[{"start":{"line":15,"column":33},"end":{"line":17,"column":13}}]},"10":{"type":"branch","line":19,"loc":{"start":{"line":19,"column":4},"end":{"line":21,"column":1}},"locations":[{"start":{"line":19,"column":4},"end":{"line":21,"column":1}}]},"11":{"type":"branch","line":10,"loc":{"start":{"line":10,"column":13},"end":{"line":10,"column":43}},"locations":[{"start":{"line":10,"column":13},"end":{"line":10,"column":43}}]}},"b":{"0":[13],"1":[11],"2":[10],"3":[9],"4":[9],"5":[5],"6":[8],"7":[40578],"8":[310673],"9":[33834],"10":[8],"11":[40570]},"fnMap":{"0":{"name":"nbDig","decl":{"start":{"line":1,"column":15},"end":{"line":21,"column":1}},"loc":{"start":{"line":1,"column":15},"end":{"line":21,"column":1}},"line":1}},"f":{"0":13}}
,"C:\\Users\\holly\\repos\\codewarsTesting\\functions\\doubleChar.ts": {"path":"C:\\Users\\holly\\repos\\codewarsTesting\\functions\\doubleChar.ts","all":false,"statementMap":{"0":{"start":{"line":1,"column":0},"end":{"line":1,"column":47}},"1":{"start":{"line":2,"column":0},"end":{"line":2,"column":59}},"2":{"start":{"line":3,"column":0},"end":{"line":3,"column":1}}},"s":{"0":3,"1":3,"2":3},"branchMap":{"0":{"type":"branch","line":1,"loc":{"start":{"line":1,"column":0},"end":{"line":3,"column":1}},"locations":[{"start":{"line":1,"column":0},"end":{"line":3,"column":1}}]},"1":{"type":"branch","line":2,"loc":{"start":{"line":2,"column":29},"end":{"line":2,"column":48}},"locations":[{"start":{"line":2,"column":29},"end":{"line":2,"column":48}}]}},"b":{"0":[3],"1":[11]},"fnMap":{"0":{"name":"__vite_ssr_exports__.default","decl":{"start":{"line":1,"column":0},"end":{"line":3,"column":1}},"loc":{"start":{"line":1,"column":0},"end":{"line":3,"column":1}},"line":1}},"f":{"0":3}}
,"C:\\Users\\holly\\repos\\codewarsTesting\\functions\\filter_list.js": {"path":"C:\\Users\\holly\\repos\\codewarsTesting\\functions\\filter_list.js","all":false,"statementMap":{"0":{"start":{"line":1,"column":0},"end":{"line":1,"column":40}},"1":{"start":{"line":2,"column":0},"end":{"line":2,"column":52}},"2":{"start":{"line":3,"column":0},"end":{"line":3,"column":24}},"3":{"start":{"line":4,"column":0},"end":{"line":4,"column":65}},"4":{"start":{"line":5,"column":0},"end":{"line":5,"column":10}},"5":{"start":{"line":6,"column":0},"end":{"line":6,"column":5}},"6":{"start":{"line":7,"column":0},"end":{"line":7,"column":82}},"7":{"start":{"line":8,"column":0},"end":{"line":8,"column":69}},"8":{"start":{"line":9,"column":0},"end":{"line":9,"column":5}},"9":{"start":{"line":10,"column":0},"end":{"line":10,"column":0}},"10":{"start":{"line":11,"column":0},"end":{"line":11,"column":46}},"11":{"start":{"line":12,"column":0},"end":{"line":12,"column":1}}},"s":{"0":1,"1":8,"2":1,"3":1,"4":1,"5":1,"6":8,"7":2,"8":2,"9":5,"10":5,"11":5},"branchMap":{"0":{"type":"branch","line":1,"loc":{"start":{"line":1,"column":15},"end":{"line":12,"column":1}},"locations":[{"start":{"line":1,"column":15},"end":{"line":12,"column":1}}]},"1":{"type":"branch","line":2,"loc":{"start":{"line":2,"column":29},"end":{"line":2,"column":49}},"locations":[{"start":{"line":2,"column":29},"end":{"line":2,"column":49}}]},"2":{"type":"branch","line":2,"loc":{"start":{"line":2,"column":51},"end":{"line":6,"column":5}},"locations":[{"start":{"line":2,"column":51},"end":{"line":6,"column":5}}]},"3":{"type":"branch","line":6,"loc":{"start":{"line":6,"column":4},"end":{"line":7,"column":81}},"locations":[{"start":{"line":6,"column":4},"end":{"line":7,"column":81}}]},"4":{"type":"branch","line":7,"loc":{"start":{"line":7,"column":81},"end":{"line":9,"column":5}},"locations":[{"start":{"line":7,"column":81},"end":{"line":9,"column":5}}]},"5":{"type":"branch","line":9,"loc":{"start":{"line":9,"column":4},"end":{"line":12,"column":1}},"locations":[{"start":{"line":9,"column":4},"end":{"line":12,"column":1}}]},"6":{"type":"branch","line":7,"loc":{"start":{"line":7,"column":17},"end":{"line":7,"column":78}},"locations":[{"start":{"line":7,"column":17},"end":{"line":7,"column":78}}]},"7":{"type":"branch","line":7,"loc":{"start":{"line":7,"column":45},"end":{"line":7,"column":77}},"locations":[{"start":{"line":7,"column":45},"end":{"line":7,"column":77}}]},"8":{"type":"branch","line":7,"loc":{"start":{"line":7,"column":68},"end":{"line":7,"column":77}},"locations":[{"start":{"line":7,"column":68},"end":{"line":7,"column":77}}]},"9":{"type":"branch","line":11,"loc":{"start":{"line":11,"column":20},"end":{"line":11,"column":44}},"locations":[{"start":{"line":11,"column":20},"end":{"line":11,"column":44}}]}},"b":{"0":[8],"1":[7],"2":[1],"3":[7],"4":[2],"5":[5],"6":[24],"7":[13],"8":[12],"9":[21]},"fnMap":{"0":{"name":"filter_list","decl":{"start":{"line":1,"column":15},"end":{"line":12,"column":1}},"loc":{"start":{"line":1,"column":15},"end":{"line":12,"column":1}},"line":1}},"f":{"0":8}}
,"C:\\Users\\holly\\repos\\codewarsTesting\\functions\\findNb.js": {"path":"C:\\Users\\holly\\repos\\codewarsTesting\\functions\\findNb.js","all":false,"statementMap":{"0":{"start":{"line":1,"column":0},"end":{"line":1,"column":39}},"1":{"start":{"line":2,"column":0},"end":{"line":2,"column":51}},"2":{"start":{"line":3,"column":0},"end":{"line":3,"column":39}},"3":{"start":{"line":4,"column":0},"end":{"line":4,"column":5}},"4":{"start":{"line":5,"column":0},"end":{"line":5,"column":67}},"5":{"start":{"line":6,"column":0},"end":{"line":6,"column":40}},"6":{"start":{"line":7,"column":0},"end":{"line":7,"column":25}},"7":{"start":{"line":8,"column":0},"end":{"line":8,"column":3}},"8":{"start":{"line":9,"column":0},"end":{"line":9,"column":12}},"9":{"start":{"line":10,"column":0},"end":{"line":10,"column":1}}},"s":{"0":1,"1":14,"2":6,"3":6,"4":8,"5":14,"6":5,"7":5,"8":3,"9":3},"branchMap":{"0":{"type":"branch","line":1,"loc":{"start":{"line":1,"column":15},"end":{"line":10,"column":1}},"locations":[{"start":{"line":1,"column":15},"end":{"line":10,"column":1}}]},"1":{"type":"branch","line":2,"loc":{"start":{"line":2,"column":11},"end":{"line":2,"column":20}},"locations":[{"start":{"line":2,"column":11},"end":{"line":2,"column":20}}]},"2":{"type":"branch","line":2,"loc":{"start":{"line":2,"column":21},"end":{"line":2,"column":48}},"locations":[{"start":{"line":2,"column":21},"end":{"line":2,"column":48}}]},"3":{"type":"branch","line":2,"loc":{"start":{"line":2,"column":50},"end":{"line":4,"column":5}},"locations":[{"start":{"line":2,"column":50},"end":{"line":4,"column":5}}]},"4":{"type":"branch","line":4,"loc":{"start":{"line":4,"column":4},"end":{"line":6,"column":39}},"locations":[{"start":{"line":4,"column":4},"end":{"line":6,"column":39}}]},"5":{"type":"branch","line":6,"loc":{"start":{"line":6,"column":39},"end":{"line":8,"column":3}},"locations":[{"start":{"line":6,"column":39},"end":{"line":8,"column":3}}]},"6":{"type":"branch","line":8,"loc":{"start":{"line":8,"column":2},"end":{"line":10,"column":1}},"locations":[{"start":{"line":8,"column":2},"end":{"line":10,"column":1}}]}},"b":{"0":[14],"1":[12],"2":[11],"3":[6],"4":[8],"5":[5],"6":[3]},"fnMap":{"0":{"name":"findNb","decl":{"start":{"line":1,"column":15},"end":{"line":10,"column":1}},"loc":{"start":{"line":1,"column":15},"end":{"line":10,"column":1}},"line":1}},"f":{"0":14}}
,"C:\\Users\\holly\\repos\\codewarsTesting\\functions\\findUniq.js": {"path":"C:\\Users\\holly\\repos\\codewarsTesting\\functions\\findUniq.js","all":false,"statementMap":{"0":{"start":{"line":1,"column":0},"end":{"line":1,"column":41}},"1":{"start":{"line":2,"column":0},"end":{"line":2,"column":6}},"2":{"start":{"line":3,"column":0},"end":{"line":3,"column":13}},"3":{"start":{"line":4,"column":0},"end":{"line":4,"column":23}},"4":{"start":{"line":5,"column":0},"end":{"line":5,"column":37}},"5":{"start":{"line":6,"column":0},"end":{"line":6,"column":38}},"6":{"start":{"line":7,"column":0},"end":{"line":7,"column":5}},"7":{"start":{"line":8,"column":0},"end":{"line":8,"column":37}},"8":{"start":{"line":9,"column":0},"end":{"line":9,"column":3}},"9":{"start":{"line":10,"column":0},"end":{"line":10,"column":18}},"10":{"start":{"line":11,"column":0},"end":{"line":11,"column":28}},"11":{"start":{"line":12,"column":0},"end":{"line":12,"column":0}},"12":{"start":{"line":13,"column":0},"end":{"line":13,"column":28}},"13":{"start":{"line":14,"column":0},"end":{"line":14,"column":44}},"14":{"start":{"line":15,"column":0},"end":{"line":15,"column":70}},"15":{"start":{"line":16,"column":0},"end":{"line":16,"column":46}},"16":{"start":{"line":17,"column":0},"end":{"line":17,"column":0}},"17":{"start":{"line":18,"column":0},"end":{"line":18,"column":34}},"18":{"start":{"line":19,"column":0},"end":{"line":19,"column":56}},"19":{"start":{"line":20,"column":0},"end":{"line":20,"column":5}},"20":{"start":{"line":21,"column":0},"end":{"line":21,"column":0}},"21":{"start":{"line":22,"column":0},"end":{"line":22,"column":34}},"22":{"start":{"line":23,"column":0},"end":{"line":23,"column":32}},"23":{"start":{"line":24,"column":0},"end":{"line":24,"column":31}},"24":{"start":{"line":25,"column":0},"end":{"line":25,"column":28}},"25":{"start":{"line":26,"column":0},"end":{"line":26,"column":31}},"26":{"start":{"line":27,"column":0},"end":{"line":27,"column":16}},"27":{"start":{"line":28,"column":0},"end":{"line":28,"column":9}},"28":{"start":{"line":29,"column":0},"end":{"line":29,"column":7}},"29":{"start":{"line":30,"column":0},"end":{"line":30,"column":0}},"30":{"start":{"line":31,"column":0},"end":{"line":31,"column":26}},"31":{"start":{"line":32,"column":0},"end":{"line":32,"column":33}},"32":{"start":{"line":33,"column":0},"end":{"line":33,"column":50}},"33":{"start":{"line":34,"column":0},"end":{"line":34,"column":11}},"36":{"start":{"line":37,"column":0},"end":{"line":37,"column":3}},"37":{"start":{"line":38,"column":0},"end":{"line":38,"column":43}},"38":{"start":{"line":39,"column":0},"end":{"line":39,"column":1}},"39":{"start":{"line":40,"column":0},"end":{"line":40,"column":0}},"40":{"start":{"line":41,"column":0},"end":{"line":41,"column":0}},"41":{"start":{"line":42,"column":0},"end":{"line":42,"column":261}}},"s":{"0":1,"1":9,"2":9,"3":9,"4":9,"5":6,"6":9,"7":3,"8":3,"9":6,"10":6,"11":6,"12":9,"13":35,"14":35,"15":35,"16":35,"17":35,"18":1,"19":1,"20":34,"21":35,"22":7,"23":7,"24":10,"25":4,"26":4,"27":4,"28":10,"29":7,"30":7,"31":4,"32":8,"33":8,"36":35,"37":1,"38":1,"39":1,"40":1,"41":1},"branchMap":{"0":{"type":"branch","line":1,"loc":{"start":{"line":1,"column":15},"end":{"line":39,"column":1}},"locations":[{"start":{"line":1,"column":15},"end":{"line":39,"column":1}}]},"1":{"type":"branch","line":3,"loc":{"start":{"line":3,"column":11},"end":{"line":4,"column":20}},"locations":[{"start":{"line":3,"column":11},"end":{"line":4,"column":20}}]},"2":{"type":"branch","line":4,"loc":{"start":{"line":4,"column":21},"end":{"line":5,"column":34}},"locations":[{"start":{"line":4,"column":21},"end":{"line":5,"column":34}}]},"3":{"type":"branch","line":5,"loc":{"start":{"line":5,"column":35},"end":{"line":6,"column":38}},"locations":[{"start":{"line":5,"column":35},"end":{"line":6,"column":38}}]},"4":{"type":"branch","line":7,"loc":{"start":{"line":7,"column":4},"end":{"line":9,"column":3}},"locations":[{"start":{"line":7,"column":4},"end":{"line":9,"column":3}}]},"5":{"type":"branch","line":9,"loc":{"start":{"line":9,"column":2},"end":{"line":13,"column":27}},"locations":[{"start":{"line":9,"column":2},"end":{"line":13,"column":27}}]},"6":{"type":"branch","line":13,"loc":{"start":{"line":13,"column":27},"end":{"line":37,"column":3}},"locations":[{"start":{"line":13,"column":27},"end":{"line":37,"column":3}}]},"7":{"type":"branch","line":14,"loc":{"start":{"line":14,"column":24},"end":{"line":14,"column":44}},"locations":[{"start":{"line":14,"column":24},"end":{"line":14,"column":44}}]},"8":{"type":"branch","line":16,"loc":{"start":{"line":16,"column":26},"end":{"line":16,"column":41}},"locations":[{"start":{"line":16,"column":26},"end":{"line":16,"column":41}}]},"9":{"type":"branch","line":16,"loc":{"start":{"line":16,"column":42},"end":{"line":16,"column":45}},"locations":[{"start":{"line":16,"column":42},"end":{"line":16,"column":45}}]},"10":{"type":"branch","line":18,"loc":{"start":{"line":18,"column":33},"end":{"line":20,"column":5}},"locations":[{"start":{"line":18,"column":33},"end":{"line":20,"column":5}}]},"11":{"type":"branch","line":20,"loc":{"start":{"line":20,"column":4},"end":{"line":22,"column":33}},"locations":[{"start":{"line":20,"column":4},"end":{"line":22,"column":33}}]},"12":{"type":"branch","line":22,"loc":{"start":{"line":22,"column":33},"end":{"line":36,"column":5}},"locations":[{"start":{"line":22,"column":33},"end":{"line":36,"column":5}}]},"13":{"type":"branch","line":24,"loc":{"start":{"line":24,"column":30},"end":{"line":29,"column":7}},"locations":[{"start":{"line":24,"column":30},"end":{"line":29,"column":7}}]},"14":{"type":"branch","line":25,"loc":{"start":{"line":25,"column":27},"end":{"line":28,"column":9}},"locations":[{"start":{"line":25,"column":27},"end":{"line":28,"column":9}}]},"15":{"type":"branch","line":31,"loc":{"start":{"line":31,"column":25},"end":{"line":35,"column":7}},"locations":[{"start":{"line":31,"column":25},"end":{"line":35,"column":7}}]},"16":{"type":"branch","line":32,"loc":{"start":{"line":32,"column":32},"end":{"line":34,"column":11}},"locations":[{"start":{"line":32,"column":32},"end":{"line":34,"column":11}}]},"17":{"type":"branch","line":33,"loc":{"start":{"line":33,"column":31},"end":{"line":33,"column":50}},"locations":[{"start":{"line":33,"column":31},"end":{"line":33,"column":50}}]},"18":{"type":"branch","line":35,"loc":{"start":{"line":35,"column":-2},"end":{"line":35,"column":7}},"locations":[{"start":{"line":35,"column":-2},"end":{"line":35,"column":7}}]},"19":{"type":"branch","line":37,"loc":{"start":{"line":37,"column":2},"end":{"line":39,"column":1}},"locations":[{"start":{"line":37,"column":2},"end":{"line":39,"column":1}}]}},"b":{"0":[9],"1":[8],"2":[7],"3":[6],"4":[3],"5":[6],"6":[35],"7":[12],"8":[23],"9":[12],"10":[1],"11":[34],"12":[7],"13":[10],"14":[4],"15":[4],"16":[8],"17":[4],"18":[1],"19":[1]},"fnMap":{"0":{"name":"findUniq","decl":{"start":{"line":1,"column":15},"end":{"line":39,"column":1}},"loc":{"start":{"line":1,"column":15},"end":{"line":39,"column":1}},"line":1}},"f":{"0":9}}
,"C:\\Users\\holly\\repos\\codewarsTesting\\functions\\formatDuration.ts": {"path":"C:\\Users\\holly\\repos\\codewarsTesting\\functions\\formatDuration.ts","all":false,"statementMap":{"6":{"start":{"line":7,"column":0},"end":{"line":7,"column":54}},"7":{"start":{"line":8,"column":0},"end":{"line":8,"column":37}},"9":{"start":{"line":10,"column":0},"end":{"line":10,"column":77}},"10":{"start":{"line":11,"column":0},"end":{"line":11,"column":41}},"11":{"start":{"line":12,"column":0},"end":{"line":12,"column":5}},"13":{"start":{"line":14,"column":0},"end":{"line":14,"column":95}},"14":{"start":{"line":15,"column":0},"end":{"line":15,"column":97}},"15":{"start":{"line":16,"column":0},"end":{"line":16,"column":100}},"16":{"start":{"line":17,"column":0},"end":{"line":17,"column":103}},"18":{"start":{"line":19,"column":0},"end":{"line":19,"column":102}},"19":{"start":{"line":20,"column":0},"end":{"line":20,"column":27}},"20":{"start":{"line":21,"column":0},"end":{"line":21,"column":56}},"21":{"start":{"line":22,"column":0},"end":{"line":22,"column":19}},"23":{"start":{"line":24,"column":0},"end":{"line":24,"column":27}},"24":{"start":{"line":25,"column":0},"end":{"line":25,"column":25}},"25":{"start":{"line":26,"column":0},"end":{"line":26,"column":27}},"26":{"start":{"line":27,"column":0},"end":{"line":27,"column":29}},"27":{"start":{"line":28,"column":0},"end":{"line":28,"column":29}},"29":{"start":{"line":30,"column":0},"end":{"line":30,"column":16}},"30":{"start":{"line":31,"column":0},"end":{"line":31,"column":54}},"31":{"start":{"line":32,"column":0},"end":{"line":32,"column":16}},"32":{"start":{"line":33,"column":0},"end":{"line":33,"column":5}},"34":{"start":{"line":35,"column":0},"end":{"line":35,"column":15}},"35":{"start":{"line":36,"column":0},"end":{"line":36,"column":54}},"36":{"start":{"line":37,"column":0},"end":{"line":37,"column":16}},"37":{"start":{"line":38,"column":0},"end":{"line":38,"column":5}},"39":{"start":{"line":40,"column":0},"end":{"line":40,"column":16}},"40":{"start":{"line":41,"column":0},"end":{"line":41,"column":54}},"41":{"start":{"line":42,"column":0},"end":{"line":42,"column":16}},"42":{"start":{"line":43,"column":0},"end":{"line":43,"column":5}},"44":{"start":{"line":45,"column":0},"end":{"line":45,"column":18}},"45":{"start":{"line":46,"column":0},"end":{"line":46,"column":54}},"46":{"start":{"line":47,"column":0},"end":{"line":47,"column":16}},"47":{"start":{"line":48,"column":0},"end":{"line":48,"column":5}},"49":{"start":{"line":50,"column":0},"end":{"line":50,"column":18}},"50":{"start":{"line":51,"column":0},"end":{"line":51,"column":61}},"51":{"start":{"line":52,"column":0},"end":{"line":52,"column":5}},"52":{"start":{"line":53,"column":0},"end":{"line":53,"column":31}},"53":{"start":{"line":54,"column":0},"end":{"line":54,"column":25}},"54":{"start":{"line":55,"column":0},"end":{"line":55,"column":1}},"56":{"start":{"line":57,"column":0},"end":{"line":57,"column":42}},"57":{"start":{"line":58,"column":0},"end":{"line":58,"column":43}},"58":{"start":{"line":59,"column":0},"end":{"line":59,"column":43}},"59":{"start":{"line":60,"column":0},"end":{"line":60,"column":10}},"60":{"start":{"line":61,"column":0},"end":{"line":61,"column":18}},"61":{"start":{"line":62,"column":0},"end":{"line":62,"column":15}},"62":{"start":{"line":63,"column":0},"end":{"line":63,"column":14}},"63":{"start":{"line":64,"column":0},"end":{"line":64,"column":18}},"64":{"start":{"line":65,"column":0},"end":{"line":65,"column":27}},"65":{"start":{"line":66,"column":0},"end":{"line":66,"column":26}},"66":{"start":{"line":67,"column":0},"end":{"line":67,"column":13}},"67":{"start":{"line":68,"column":0},"end":{"line":68,"column":25}},"68":{"start":{"line":69,"column":0},"end":{"line":69,"column":4}},"69":{"start":{"line":70,"column":0},"end":{"line":70,"column":1}},"71":{"start":{"line":72,"column":0},"end":{"line":72,"column":41}},"72":{"start":{"line":73,"column":0},"end":{"line":73,"column":40}},"73":{"start":{"line":74,"column":0},"end":{"line":74,"column":40}},"74":{"start":{"line":75,"column":0},"end":{"line":75,"column":10}},"75":{"start":{"line":76,"column":0},"end":{"line":76,"column":18}},"76":{"start":{"line":77,"column":0},"end":{"line":77,"column":15}},"77":{"start":{"line":78,"column":0},"end":{"line":78,"column":14}},"78":{"start":{"line":79,"column":0},"end":{"line":79,"column":18}},"79":{"start":{"line":80,"column":0},"end":{"line":80,"column":26}},"80":{"start":{"line":81,"column":0},"end":{"line":81,"column":25}},"81":{"start":{"line":82,"column":0},"end":{"line":82,"column":13}},"82":{"start":{"line":83,"column":0},"end":{"line":83,"column":25}},"83":{"start":{"line":84,"column":0},"end":{"line":84,"column":4}},"84":{"start":{"line":85,"column":0},"end":{"line":85,"column":1}},"87":{"start":{"line":88,"column":0},"end":{"line":88,"column":42}},"88":{"start":{"line":89,"column":0},"end":{"line":89,"column":42}},"89":{"start":{"line":90,"column":0},"end":{"line":90,"column":42}},"90":{"start":{"line":91,"column":0},"end":{"line":91,"column":128}},"91":{"start":{"line":92,"column":0},"end":{"line":92,"column":1}},"94":{"start":{"line":95,"column":0},"end":{"line":95,"column":44}},"95":{"start":{"line":96,"column":0},"end":{"line":96,"column":42}},"96":{"start":{"line":97,"column":0},"end":{"line":97,"column":42}},"97":{"start":{"line":98,"column":0},"end":{"line":98,"column":143}},"98":{"start":{"line":99,"column":0},"end":{"line":99,"column":1}}},"s":{"6":31,"7":31,"9":31,"10":5,"11":5,"13":25,"14":25,"15":25,"16":25,"18":31,"19":31,"20":31,"21":31,"23":31,"24":31,"25":31,"26":31,"27":31,"29":31,"30":8,"31":8,"32":8,"34":31,"35":11,"36":11,"37":11,"39":31,"40":18,"41":18,"42":18,"44":31,"45":18,"46":18,"47":18,"49":31,"50":20,"51":20,"52":25,"53":25,"54":25,"56":25,"57":25,"58":25,"59":25,"60":25,"61":25,"62":25,"63":8,"64":6,"65":2,"66":17,"67":25,"68":25,"69":25,"71":25,"72":25,"73":25,"74":25,"75":25,"76":25,"77":25,"78":11,"79":10,"80":1,"81":14,"82":25,"83":25,"84":25,"87":25,"88":25,"89":25,"90":25,"91":25,"94":25,"95":25,"96":25,"97":25,"98":25},"branchMap":{"0":{"type":"branch","line":7,"loc":{"start":{"line":7,"column":0},"end":{"line":55,"column":1}},"locations":[{"start":{"line":7,"column":0},"end":{"line":55,"column":1}}]},"1":{"type":"branch","line":8,"loc":{"start":{"line":8,"column":20},"end":{"line":8,"column":37}},"locations":[{"start":{"line":8,"column":20},"end":{"line":8,"column":37}}]},"2":{"type":"branch","line":8,"loc":{"start":{"line":8,"column":36},"end":{"line":10,"column":17}},"locations":[{"start":{"line":8,"column":36},"end":{"line":10,"column":17}}]},"3":{"type":"branch","line":10,"loc":{"start":{"line":10,"column":9},"end":{"line":10,"column":48}},"locations":[{"start":{"line":10,"column":9},"end":{"line":10,"column":48}}]},"4":{"type":"branch","line":10,"loc":{"start":{"line":10,"column":43},"end":{"line":10,"column":66}},"locations":[{"start":{"line":10,"column":43},"end":{"line":10,"column":66}}]},"5":{"type":"branch","line":10,"loc":{"start":{"line":10,"column":61},"end":{"line":10,"column":76}},"locations":[{"start":{"line":10,"column":61},"end":{"line":10,"column":76}}]},"6":{"type":"branch","line":10,"loc":{"start":{"line":10,"column":76},"end":{"line":12,"column":5}},"locations":[{"start":{"line":10,"column":76},"end":{"line":12,"column":5}}]},"7":{"type":"branch","line":12,"loc":{"start":{"line":12,"column":4},"end":{"line":19,"column":40}},"locations":[{"start":{"line":12,"column":4},"end":{"line":19,"column":40}}]},"8":{"type":"branch","line":19,"loc":{"start":{"line":19,"column":36},"end":{"line":19,"column":99}},"locations":[{"start":{"line":19,"column":36},"end":{"line":19,"column":99}}]},"9":{"type":"branch","line":19,"loc":{"start":{"line":19,"column":50},"end":{"line":19,"column":77}},"locations":[{"start":{"line":19,"column":50},"end":{"line":19,"column":77}}]},"10":{"type":"branch","line":19,"loc":{"start":{"line":19,"column":64},"end":{"line":19,"column":99}},"locations":[{"start":{"line":19,"column":64},"end":{"line":19,"column":99}}]},"11":{"type":"branch","line":19,"loc":{"start":{"line":19,"column":87},"end":{"line":19,"column":102}},"locations":[{"start":{"line":19,"column":87},"end":{"line":19,"column":102}}]},"12":{"type":"branch","line":24,"loc":{"start":{"line":24,"column":15},"end":{"line":24,"column":26}},"locations":[{"start":{"line":24,"column":15},"end":{"line":24,"column":26}}]},"13":{"type":"branch","line":24,"loc":{"start":{"line":24,"column":25},"end":{"line":25,"column":14}},"locations":[{"start":{"line":24,"column":25},"end":{"line":25,"column":14}}]},"14":{"type":"branch","line":25,"loc":{"start":{"line":25,"column":14},"end":{"line":25,"column":25}},"locations":[{"start":{"line":25,"column":14},"end":{"line":25,"column":25}}]},"15":{"type":"branch","line":25,"loc":{"start":{"line":25,"column":24},"end":{"line":26,"column":15}},"locations":[{"start":{"line":25,"column":24},"end":{"line":26,"column":15}}]},"16":{"type":"branch","line":26,"loc":{"start":{"line":26,"column":15},"end":{"line":26,"column":26}},"locations":[{"start":{"line":26,"column":15},"end":{"line":26,"column":26}}]},"17":{"type":"branch","line":26,"loc":{"start":{"line":26,"column":25},"end":{"line":27,"column":17}},"locations":[{"start":{"line":26,"column":25},"end":{"line":27,"column":17}}]},"18":{"type":"branch","line":27,"loc":{"start":{"line":27,"column":17},"end":{"line":27,"column":28}},"locations":[{"start":{"line":27,"column":17},"end":{"line":27,"column":28}}]},"19":{"type":"branch","line":27,"loc":{"start":{"line":27,"column":27},"end":{"line":28,"column":17}},"locations":[{"start":{"line":27,"column":27},"end":{"line":28,"column":17}}]},"20":{"type":"branch","line":28,"loc":{"start":{"line":28,"column":17},"end":{"line":28,"column":28}},"locations":[{"start":{"line":28,"column":17},"end":{"line":28,"column":28}}]},"21":{"type":"branch","line":28,"loc":{"start":{"line":28,"column":27},"end":{"line":30,"column":15}},"locations":[{"start":{"line":28,"column":27},"end":{"line":30,"column":15}}]},"22":{"type":"branch","line":30,"loc":{"start":{"line":30,"column":15},"end":{"line":33,"column":5}},"locations":[{"start":{"line":30,"column":15},"end":{"line":33,"column":5}}]},"23":{"type":"branch","line":33,"loc":{"start":{"line":33,"column":4},"end":{"line":35,"column":14}},"locations":[{"start":{"line":33,"column":4},"end":{"line":35,"column":14}}]},"24":{"type":"branch","line":35,"loc":{"start":{"line":35,"column":14},"end":{"line":38,"column":5}},"locations":[{"start":{"line":35,"column":14},"end":{"line":38,"column":5}}]},"25":{"type":"branch","line":38,"loc":{"start":{"line":38,"column":4},"end":{"line":40,"column":15}},"locations":[{"start":{"line":38,"column":4},"end":{"line":40,"column":15}}]},"26":{"type":"branch","line":40,"loc":{"start":{"line":40,"column":15},"end":{"line":43,"column":5}},"locations":[{"start":{"line":40,"column":15},"end":{"line":43,"column":5}}]},"27":{"type":"branch","line":43,"loc":{"start":{"line":43,"column":4},"end":{"line":45,"column":17}},"locations":[{"start":{"line":43,"column":4},"end":{"line":45,"column":17}}]},"28":{"type":"branch","line":45,"loc":{"start":{"line":45,"column":17},"end":{"line":48,"column":5}},"locations":[{"start":{"line":45,"column":17},"end":{"line":48,"column":5}}]},"29":{"type":"branch","line":48,"loc":{"start":{"line":48,"column":4},"end":{"line":50,"column":17}},"locations":[{"start":{"line":48,"column":4},"end":{"line":50,"column":17}}]},"30":{"type":"branch","line":50,"loc":{"start":{"line":50,"column":17},"end":{"line":52,"column":5}},"locations":[{"start":{"line":50,"column":17},"end":{"line":52,"column":5}}]},"31":{"type":"branch","line":52,"loc":{"start":{"line":52,"column":4},"end":{"line":55,"column":1}},"locations":[{"start":{"line":52,"column":4},"end":{"line":55,"column":1}}]},"32":{"type":"branch","line":57,"loc":{"start":{"line":57,"column":0},"end":{"line":70,"column":1}},"locations":[{"start":{"line":57,"column":0},"end":{"line":70,"column":1}}]},"33":{"type":"branch","line":63,"loc":{"start":{"line":63,"column":13},"end":{"line":66,"column":26}},"locations":[{"start":{"line":63,"column":13},"end":{"line":66,"column":26}}]},"34":{"type":"branch","line":64,"loc":{"start":{"line":64,"column":17},"end":{"line":65,"column":27}},"locations":[{"start":{"line":64,"column":17},"end":{"line":65,"column":27}}]},"35":{"type":"branch","line":65,"loc":{"start":{"line":65,"column":19},"end":{"line":66,"column":26}},"locations":[{"start":{"line":65,"column":19},"end":{"line":66,"column":26}}]},"36":{"type":"branch","line":66,"loc":{"start":{"line":66,"column":19},"end":{"line":67,"column":13}},"locations":[{"start":{"line":66,"column":19},"end":{"line":67,"column":13}}]},"37":{"type":"branch","line":72,"loc":{"start":{"l
[...]
,"C:\\Users\\holly\\repos\\codewarsTesting\\functions\\squareDigits.ts": {"path":"C:\\Users\\holly\\repos\\codewarsTesting\\functions\\squareDigits.ts","all":false,"statementMap":{"0":{"start":{"line":1,"column":0},"end":{"line":1,"column":51}},"1":{"start":{"line":2,"column":0},"end":{"line":2,"column":20}},"2":{"start":{"line":3,"column":0},"end":{"line":3,"column":17}},"3":{"start":{"line":4,"column":0},"end":{"line":4,"column":5}},"4":{"start":{"line":5,"column":0},"end":{"line":5,"column":71}},"5":{"start":{"line":6,"column":0},"end":{"line":6,"column":41}},"6":{"start":{"line":7,"column":0},"end":{"line":7,"column":5}},"7":{"start":{"line":8,"column":0},"end":{"line":8,"column":107}},"8":{"start":{"line":9,"column":0},"end":{"line":9,"column":25}},"9":{"start":{"line":10,"column":0},"end":{"line":10,"column":1}}},"s":{"0":7,"1":7,"2":1,"3":1,"4":7,"5":2,"6":2,"7":4,"8":4,"9":4},"branchMap":{"0":{"type":"branch","line":1,"loc":{"start":{"line":1,"column":0},"end":{"line":10,"column":1}},"locations":[{"start":{"line":1,"column":0},"end":{"line":10,"column":1}}]},"1":{"type":"branch","line":2,"loc":{"start":{"line":2,"column":19},"end":{"line":4,"column":5}},"locations":[{"start":{"line":2,"column":19},"end":{"line":4,"column":5}}]},"2":{"type":"branch","line":4,"loc":{"start":{"line":4,"column":4},"end":{"line":5,"column":42}},"locations":[{"start":{"line":4,"column":4},"end":{"line":5,"column":42}}]},"3":{"type":"branch","line":5,"loc":{"start":{"line":5,"column":37},"end":{"line":5,"column":70}},"locations":[{"start":{"line":5,"column":37},"end":{"line":5,"column":70}}]},"4":{"type":"branch","line":5,"loc":{"start":{"line":5,"column":70},"end":{"line":7,"column":5}},"locations":[{"start":{"line":5,"column":70},"end":{"line":7,"column":5}}]},"5":{"type":"branch","line":7,"loc":{"start":{"line":7,"column":4},"end":{"line":10,"column":1}},"locations":[{"start":{"line":7,"column":4},"end":{"line":10,"column":1}}]},"6":{"type":"branch","line":8,"loc":{"start":{"line":8,"column":74},"end":{"line":8,"column":95}},"locations":[{"start":{"line":8,"column":74},"end":{"line":8,"column":95}}]}},"b":{"0":[7],"1":[1],"2":[6],"3":[5],"4":[2],"5":[4],"6":[12]},"fnMap":{"0":{"name":"squareDigits","decl":{"start":{"line":1,"column":0},"end":{"line":10,"column":1}},"loc":{"start":{"line":1,"column":0},"end":{"line":10,"column":1}},"line":1}},"f":{"0":7}}
,"C:\\Users\\holly\\repos\\codewarsTesting\\functions\\toCamelCase.ts": {"path":"C:\\Users\\holly\\repos\\codewarsTesting\\functions\\toCamelCase.ts","all":false,"statementMap":{"0":{"start":{"line":1,"column":0},"end":{"line":1,"column":53}},"2":{"start":{"line":3,"column":0},"end":{"line":3,"column":21}},"3":{"start":{"line":4,"column":0},"end":{"line":4,"column":35}},"4":{"start":{"line":5,"column":0},"end":{"line":5,"column":29}},"5":{"start":{"line":6,"column":0},"end":{"line":6,"column":22}},"6":{"start":{"line":7,"column":0},"end":{"line":7,"column":5}},"7":{"start":{"line":8,"column":0},"end":{"line":8,"column":47}},"8":{"start":{"line":9,"column":0},"end":{"line":9,"column":53}},"9":{"start":{"line":10,"column":0},"end":{"line":10,"column":41}},"10":{"start":{"line":11,"column":0},"end":{"line":11,"column":5}},"12":{"start":{"line":13,"column":0},"end":{"line":13,"column":34}},"13":{"start":{"line":14,"column":0},"end":{"line":14,"column":76}},"15":{"start":{"line":16,"column":0},"end":{"line":16,"column":46}},"16":{"start":{"line":17,"column":0},"end":{"line":17,"column":129}},"17":{"start":{"line":18,"column":0},"end":{"line":18,"column":6}},"18":{"start":{"line":19,"column":0},"end":{"line":19,"column":29}},"19":{"start":{"line":20,"column":0},"end":{"line":20,"column":1}}},"s":{"0":8,"2":8,"3":8,"4":8,"5":2,"6":2,"7":6,"8":8,"9":1,"10":1,"12":5,"13":5,"15":8,"16":95,"17":8,"18":5,"19":5},"branchMap":{"0":{"type":"branch","line":1,"loc":{"start":{"line":1,"column":0},"end":{"line":20,"column":1}},"locations":[{"start":{"line":1,"column":0},"end":{"line":20,"column":1}}]},"1":{"type":"branch","line":5,"loc":{"start":{"line":5,"column":28},"end":{"line":7,"column":5}},"locations":[{"start":{"line":5,"column":28},"end":{"line":7,"column":5}}]},"2":{"type":"branch","line":7,"loc":{"start":{"line":7,"column":4},"end":{"line":9,"column":52}},"locations":[{"start":{"line":7,"column":4},"end":{"line":9,"column":52}}]},"3":{"type":"branch","line":9,"loc":{"start":{"line":9,"column":52},"end":{"line":11,"column":5}},"locations":[{"start":{"line":9,"column":52},"end":{"line":11,"column":5}}]},"4":{"type":"branch","line":11,"loc":{"start":{"line":11,"column":4},"end":{"line":16,"column":45}},"locations":[{"start":{"line":11,"column":4},"end":{"line":16,"column":45}}]},"5":{"type":"branch","line":16,"loc":{"start":{"line":16,"column":45},"end":{"line":18,"column":5}},"locations":[{"start":{"line":16,"column":45},"end":{"line":18,"column":5}}]},"6":{"type":"branch","line":17,"loc":{"start":{"line":17,"column":24},"end":{"line":17,"column":42}},"locations":[{"start":{"line":17,"column":24},"end":{"line":17,"column":42}}]},"7":{"type":"branch","line":17,"loc":{"start":{"line":17,"column":35},"end":{"line":17,"column":129}},"locations":[{"start":{"line":17,"column":35},"end":{"line":17,"column":129}}]},"8":{"type":"branch","line":17,"loc":{"start":{"line":17,"column":50},"end":{"line":17,"column":109}},"locations":[{"start":{"line":17,"column":50},"end":{"line":17,"column":109}}]},"9":{"type":"branch","line":17,"loc":{"start":{"line":17,"column":100},"end":{"line":17,"column":129}},"locations":[{"start":{"line":17,"column":100},"end":{"line":17,"column":129}}]},"10":{"type":"branch","line":18,"loc":{"start":{"line":18,"column":4},"end":{"line":20,"column":1}},"locations":[{"start":{"line":18,"column":4},"end":{"line":20,"column":1}}]}},"b":{"0":[8],"1":[2],"2":[6],"3":[1],"4":[5],"5":[95],"6":[10],"7":[85],"8":[10],"9":[75],"10":[5]},"fnMap":{"0":{"name":"toCamelCase","decl":{"start":{"line":1,"column":0},"end":{"line":20,"column":1}},"loc":{"start":{"line":1,"column":0},"end":{"line":20,"column":1}},"line":1}},"f":{"0":8}}
,"C:\\Users\\holly\\repos\\codewarsTesting\\functions\\twoSum.js": {"path":"C:\\Users\\holly\\repos\\codewarsTesting\\functions\\twoSum.js","all":false,"statementMap":{"0":{"start":{"line":1,"column":0},"end":{"line":1,"column":49}},"1":{"start":{"line":2,"column":0},"end":{"line":2,"column":19}},"2":{"start":{"line":3,"column":0},"end":{"line":3,"column":26}},"3":{"start":{"line":4,"column":0},"end":{"line":4,"column":34}},"4":{"start":{"line":5,"column":0},"end":{"line":5,"column":55}},"5":{"start":{"line":6,"column":0},"end":{"line":6,"column":33}},"6":{"start":{"line":7,"column":0},"end":{"line":7,"column":11}},"7":{"start":{"line":8,"column":0},"end":{"line":8,"column":75}},"8":{"start":{"line":9,"column":0},"end":{"line":9,"column":6}},"9":{"start":{"line":10,"column":0},"end":{"line":10,"column":97}},"10":{"start":{"line":11,"column":0},"end":{"line":11,"column":32}},"11":{"start":{"line":12,"column":0},"end":{"line":12,"column":59}},"12":{"start":{"line":13,"column":0},"end":{"line":13,"column":57}},"13":{"start":{"line":14,"column":0},"end":{"line":14,"column":35}},"14":{"start":{"line":15,"column":0},"end":{"line":15,"column":13}},"15":{"start":{"line":16,"column":0},"end":{"line":16,"column":9}},"16":{"start":{"line":17,"column":0},"end":{"line":17,"column":5}},"17":{"start":{"line":18,"column":0},"end":{"line":18,"column":86}},"18":{"start":{"line":19,"column":0},"end":{"line":19,"column":1}}},"s":{"0":1,"1":13,"2":13,"3":13,"4":13,"5":9,"6":13,"7":4,"8":13,"9":9,"10":13,"11":17,"12":39,"13":8,"14":8,"15":39,"16":9,"17":1,"18":1},"branchMap":{"0":{"type":"branch","line":1,"loc":{"start":{"line":1,"column":15},"end":{"line":19,"column":1}},"locations":[{"start":{"line":1,"column":15},"end":{"line":19,"column":1}}]},"1":{"type":"branch","line":3,"loc":{"start":{"line":3,"column":24},"end":{"line":4,"column":31}},"locations":[{"start":{"line":3,"column":24},"end":{"line":4,"column":31}}]},"2":{"type":"branch","line":4,"loc":{"start":{"line":4,"column":32},"end":{"line":5,"column":52}},"locations":[{"start":{"line":4,"column":32},"end":{"line":5,"column":52}}]},"3":{"type":"branch","line":5,"loc":{"start":{"line":5,"column":53},"end":{"line":6,"column":33}},"locations":[{"start":{"line":5,"column":53},"end":{"line":6,"column":33}}]},"4":{"type":"branch","line":7,"loc":{"start":{"line":7,"column":10},"end":{"line":9,"column":5}},"locations":[{"start":{"line":7,"column":10},"end":{"line":9,"column":5}}]},"5":{"type":"branch","line":9,"loc":{"start":{"line":9,"column":4},"end":{"line":11,"column":31}},"locations":[{"start":{"line":9,"column":4},"end":{"line":11,"column":31}}]},"6":{"type":"branch","line":11,"loc":{"start":{"line":11,"column":31},"end":{"line":17,"column":5}},"locations":[{"start":{"line":11,"column":31},"end":{"line":17,"column":5}}]},"7":{"type":"branch","line":12,"loc":{"start":{"line":12,"column":58},"end":{"line":16,"column":9}},"locations":[{"start":{"line":12,"column":58},"end":{"line":16,"column":9}}]},"8":{"type":"branch","line":13,"loc":{"start":{"line":13,"column":56},"end":{"line":15,"column":13}},"locations":[{"start":{"line":13,"column":56},"end":{"line":15,"column":13}}]},"9":{"type":"branch","line":17,"loc":{"start":{"line":17,"column":-2},"end":{"line":17,"column":5}},"locations":[{"start":{"line":17,"column":-2},"end":{"line":17,"column":5}}]},"10":{"type":"branch","line":17,"loc":{"start":{"line":17,"column":4},"end":{"line":19,"column":1}},"locations":[{"start":{"line":17,"column":4},"end":{"line":19,"column":1}}]},"11":{"type":"branch","line":5,"loc":{"start":{"line":5,"column":23},"end":{"line":5,"column":51}},"locations":[{"start":{"line":5,"column":23},"end":{"line":5,"column":51}}]}},"b":{"0":[13],"1":[12],"2":[12],"3":[9],"4":[4],"5":[9],"6":[17],"7":[39],"8":[8],"9":[9],"10":[1],"11":[46]},"fnMap":{"0":{"name":"twoSum","decl":{"start":{"line":1,"column":15},"end":{"line":19,"column":1}},"loc":{"start":{"line":1,"column":15},"end":{"line":19,"column":1}},"line":1}},"f":{"0":13}}
,"C:\\Users\\holly\\repos\\codewarsTesting\\functions\\wideMouth.js": {"path":"C:\\Users\\holly\\repos\\codewarsTesting\\functions\\wideMouth.js","all":false,"statementMap":{"0":{"start":{"line":1,"column":0},"end":{"line":1,"column":43}},"1":{"start":{"line":2,"column":0},"end":{"line":2,"column":53}},"2":{"start":{"line":3,"column":0},"end":{"line":3,"column":5}}},"s":{"0":1,"1":2,"2":2},"branchMap":{"0":{"type":"branch","line":1,"loc":{"start":{"line":1,"column":15},"end":{"line":3,"column":5}},"locations":[{"start":{"line":1,"column":15},"end":{"line":3,"column":5}}]},"1":{"type":"branch","line":2,"loc":{"start":{"line":2,"column":34},"end":{"line":2,"column":43}},"locations":[{"start":{"line":2,"column":34},"end":{"line":2,"column":43}}]},"2":{"type":"branch","line":2,"loc":{"start":{"line":2,"column":44},"end":{"line":2,"column":52}},"locations":[{"start":{"line":2,"column":44},"end":{"line":2,"column":52}}]}},"b":{"0":[2],"1":[1],"2":[1]},"fnMap":{"0":{"name":"wideMouth","decl":{"start":{"line":1,"column":15},"end":{"line":3,"column":5}},"loc":{"start":{"line":1,"column":15},"end":{"line":3,"column":5}},"line":1}},"f":{"0":2}}
,"C:\\Users\\holly\\repos\\codewarsTesting\\functions\\xor.ts": {"path":"C:\\Users\\holly\\repos\\codewarsTesting\\functions\\xor.ts","all":false,"statementMap":{"0":{"start":{"line":1,"column":0},"end":{"line":1,"column":28}},"1":{"start":{"line":2,"column":0},"end":{"line":2,"column":31}},"2":{"start":{"line":3,"column":0},"end":{"line":3,"column":30}},"3":{"start":{"line":4,"column":0},"end":{"line":4,"column":12}},"4":{"start":{"line":5,"column":0},"end":{"line":5,"column":6}},"5":{"start":{"line":6,"column":0},"end":{"line":6,"column":29}},"6":{"start":{"line":7,"column":0},"end":{"line":7,"column":28}},"7":{"start":{"line":8,"column":0},"end":{"line":8,"column":28}},"8":{"start":{"line":9,"column":0},"end":{"line":9,"column":29}},"9":{"start":{"line":10,"column":0},"end":{"line":10,"column":28}},"10":{"start":{"line":11,"column":0},"end":{"line":11,"column":25}},"11":{"start":{"line":12,"column":0},"end":{"line":12,"column":5}},"12":{"start":{"line":13,"column":0},"end":{"line":13,"column":37}},"13":{"start":{"line":14,"column":0},"end":{"line":14,"column":3}},"14":{"start":{"line":15,"column":0},"end":{"line":15,"column":6}},"15":{"start":{"line":16,"column":0},"end":{"line":16,"column":63}},"16":{"start":{"line":17,"column":0},"end":{"line":17,"column":60}},"17":{"start":{"line":18,"column":0},"end":{"line":18,"column":5}},"18":{"start":{"line":19,"column":0},"end":{"line":19,"column":20}},"19":{"start":{"line":20,"column":0},"end":{"line":20,"column":95}},"20":{"start":{"line":21,"column":0},"end":{"line":21,"column":6}},"21":{"start":{"line":22,"column":0},"end":{"line":22,"column":3}},"22":{"start":{"line":23,"column":0},"end":{"line":23,"column":6}},"23":{"start":{"line":24,"column":0},"end":{"line":24,"column":52}},"24":{"start":{"line":25,"column":0},"end":{"line":25,"column":49}},"25":{"start":{"line":26,"column":0},"end":{"line":26,"column":5}},"26":{"start":{"line":27,"column":0},"end":{"line":27,"column":20}},"27":{"start":{"line":28,"column":0},"end":{"line":28,"column":95}},"28":{"start":{"line":29,"column":0},"end":{"line":29,"column":6}},"29":{"start":{"line":30,"column":0},"end":{"line":30,"column":3}},"30":{"start":{"line":31,"column":0},"end":{"line":31,"column":16}},"31":{"start":{"line":32,"column":0},"end":{"line":32,"column":17}},"32":{"start":{"line":33,"column":0},"end":{"line":33,"column":3}},"33":{"start":{"line":34,"column":0},"end":{"line":34,"column":14}},"34":{"start":{"line":35,"column":0},"end":{"line":35,"column":1}}},"s":{"0":8,"1":8,"2":8,"3":8,"4":8,"5":8,"6":5,"7":3,"8":7,"9":5,"10":2,"11":8,"12":1,"13":1,"14":7,"15":8,"16":6,"17":8,"18":2,"19":2,"20":2,"21":2,"22":5,"23":8,"24":4,"25":8,"26":1,"27":1,"28":1,"29":1,"30":8,"31":1,"32":1,"33":3,"34":3},"branchMap":{"0":{"type":"branch","line":1,"loc":{"start":{"line":1,"column":0},"end":{"line":35,"column":1}},"locations":[{"start":{"line":1,"column":0},"end":{"line":35,"column":1}}]},"1":{"type":"branch","line":6,"loc":{"start":{"line":6,"column":17},"end":{"line":7,"column":28}},"locations":[{"start":{"line":6,"column":17},"end":{"line":7,"column":28}}]},"2":{"type":"branch","line":7,"loc":{"start":{"line":7,"column":17},"end":{"line":8,"column":28}},"locations":[{"start":{"line":7,"column":17},"end":{"line":8,"column":28}}]},"3":{"type":"branch","line":8,"loc":{"start":{"line":8,"column":17},"end":{"line":11,"column":25}},"locations":[{"start":{"line":8,"column":17},"end":{"line":11,"column":25}}]},"4":{"type":"branch","line":9,"loc":{"start":{"line":9,"column":17},"end":{"line":10,"column":28}},"locations":[{"start":{"line":9,"column":17},"end":{"line":10,"column":28}}]},"5":{"type":"branch","line":10,"loc":{"start":{"line":10,"column":17},"end":{"line":11,"column":25}},"locations":[{"start":{"line":10,"column":17},"end":{"line":11,"column":25}}]},"6":{"type":"branch","line":12,"loc":{"start":{"line":12,"column":4},"end":{"line":14,"column":3}},"locations":[{"start":{"line":12,"column":4},"end":{"line":14,"column":3}}]},"7":{"type":"branch","line":14,"loc":{"start":{"line":14,"column":2},"end":{"line":16,"column":30}},"locations":[{"start":{"line":14,"column":2},"end":{"line":16,"column":30}}]},"8":{"type":"branch","line":16,"loc":{"start":{"line":16,"column":18},"end":{"line":16,"column":46}},"locations":[{"start":{"line":16,"column":18},"end":{"line":16,"column":46}}]},"9":{"type":"branch","line":16,"loc":{"start":{"line":16,"column":36},"end":{"line":16,"column":63}},"locations":[{"start":{"line":16,"column":36},"end":{"line":16,"column":63}}]},"10":{"type":"branch","line":16,"loc":{"start":{"line":16,"column":52},"end":{"line":17,"column":60}},"locations":[{"start":{"line":16,"column":52},"end":{"line":17,"column":60}}]},"11":{"type":"branch","line":17,"loc":{"start":{"line":17,"column":18},"end":{"line":17,"column":46}},"locations":[{"start":{"line":17,"column":18},"end":{"line":17,"column":46}}]},"12":{"type":"branch","line":17,"loc":{"start":{"line":17,"column":36},"end":{"line":17,"column":60}},"locations":[{"start":{"line":17,"column":36},"end":{"line":17,"column":60}}]},"13":{"type":"branch","line":18,"loc":{"start":{"line":18,"column":4},"end":{"line":22,"column":3}},"locations":[{"start":{"line":18,"column":4},"end":{"line":22,"column":3}}]},"14":{"type":"branch","line":22,"loc":{"start":{"line":22,"column":2},"end":{"line":24,"column":30}},"locations":[{"start":{"line":22,"column":2},"end":{"line":24,"column":30}}]},"15":{"type":"branch","line":24,"loc":{"start":{"line":24,"column":18},"end":{"line":24,"column":41}},"locations":[{"start":{"line":24,"column":18},"end":{"line":24,"column":41}}]},"16":{"type":"branch","line":24,"loc":{"start":{"line":24,"column":36},"end":{"line":24,"column":52}},"locations":[{"start":{"line":24,"column":36},"end":{"line":24,"column":52}}]},"17":{"type":"branch","line":24,"loc":{"start":{"line":24,"column":47},"end":{"line":25,"column":49}},"locations":[{"start":{"line":24,"column":47},"end":{"line":25,"column":49}}]},"18":{"type":"branch","line":25,"loc":{"start":{"line":25,"column":18},"end":{"line":25,"column":41}},"locations":[{"start":{"line":25,"column":18},"end":{"line":25,"column":41}}]},"19":{"type":"branch","line":25,"loc":{"start":{"line":25,"column":36},"end":{"line":25,"column":49}},"locations":[{"start":{"line":25,"column":36},"end":{"line":25,"column":49}}]},"20":{"type":"branch","line":26,"loc":{"start":{"line":26,"column":4},"end":{"line":30,"column":3}},"locations":[{"start":{"line":26,"column":4},"end":{"line":30,"column":3}}]},"21":{"type":"branch","line":30,"loc":{"start":{"line":30,"column":2},"end":{"line":31,"column":15}},"locations":[{"start":{"line":30,"column":2},"end":{"line":31,"column":15}}]},"22":{"type":"branch","line":31,"loc":{"start":{"line":31,"column":15},"end":{"line":33,"column":3}},"locations":[{"start":{"line":31,"column":15},"end":{"line":33,"column":3}}]},"23":{"type":"branch","line":33,"loc":{"start":{"line":33,"column":2},"end":{"line":35,"column":1}},"locations":[{"start":{"line":33,"column":2},"end":{"line":35,"column":1}}]}},"b":{"0":[8],"1":[5],"2":[3],"3":[7],"4":[5],"5":[2],"6":[1],"7":[7],"8":[2],"9":[1],"10":[6],"11":[2],"12":[2],"13":[2],"14":[5],"15":[2],"16":[1],"17":[4],"18":[1],"19":[1],"20":[1],"21":[4],"22":[1],"23":[3]},"fnMap":{"0":{"name":"xor","decl":{"start":{"line":1,"column":0},"end":{"line":35,"column":1}},"loc":{"start":{"line":1,"column":0},"end":{"line":35,"column":1}},"line":1}},"f":{"0":8}}
}
