{"C:\\Users\\holly\\repos\\codewarsTesting\\functions\\bouncingBall.js": {"path":"C:\\Users\\holly\\repos\\codewarsTesting\\functions\\bouncingBall.js","all":false,"statementMap":{"0":{"start":{"line":1,"column":0},"end":{"line":1,"column":57}},"1":{"start":{"line":2,"column":0},"end":{"line":2,"column":61}},"2":{"start":{"line":3,"column":0},"end":{"line":3,"column":18}},"3":{"start":{"line":4,"column":0},"end":{"line":4,"column":5}},"4":{"start":{"line":5,"column":0},"end":{"line":5,"column":18}},"5":{"start":{"line":6,"column":0},"end":{"line":6,"column":26}},"6":{"start":{"line":7,"column":0},"end":{"line":7,"column":28}},"7":{"start":{"line":8,"column":0},"end":{"line":8,"column":38}},"8":{"start":{"line":9,"column":0},"end":{"line":9,"column":25}},"9":{"start":{"line":10,"column":0},"end":{"line":10,"column":9}},"10":{"start":{"line":11,"column":0},"end":{"line":11,"column":32}},"11":{"start":{"line":12,"column":0},"end":{"line":12,"column":37}},"12":{"start":{"line":13,"column":0},"end":{"line":13,"column":23}},"13":{"start":{"line":14,"column":0},"end":{"line":14,"column":16}},"14":{"start":{"line":15,"column":0},"end":{"line":15,"column":19}},"15":{"start":{"line":16,"column":0},"end":{"line":16,"column":9}},"16":{"start":{"line":17,"column":0},"end":{"line":17,"column":58}},"17":{"start":{"line":18,"column":0},"end":{"line":18,"column":5}},"18":{"start":{"line":19,"column":0},"end":{"line":19,"column":42}},"19":{"start":{"line":20,"column":0},"end":{"line":20,"column":1}}},"s":{"0":1,"1":12,"2":6,"3":6,"4":6,"5":6,"6":6,"7":31,"8":6,"9":6,"10":25,"11":31,"12":19,"13":31,"14":6,"15":6,"16":25,"17":31,"18":6,"19":6},"branchMap":{"0":{"type":"branch","line":1,"loc":{"start":{"line":1,"column":15},"end":{"line":20,"column":1}},"locations":[{"start":{"line":1,"column":15},"end":{"line":20,"column":1}}]},"1":{"type":"branch","line":2,"loc":{"start":{"line":2,"column":15},"end":{"line":2,"column":29}},"locations":[{"start":{"line":2,"column":15},"end":{"line":2,"column":29}}]},"2":{"type":"branch","line":2,"loc":{"start":{"line":2,"column":30},"end":{"line":2,"column":44}},"locations":[{"start":{"line":2,"column":30},"end":{"line":2,"column":44}}]},"3":{"type":"branch","line":2,"loc":{"start":{"line":2,"column":45},"end":{"line":2,"column":58}},"locations":[{"start":{"line":2,"column":45},"end":{"line":2,"column":58}}]},"4":{"type":"branch","line":2,"loc":{"start":{"line":2,"column":60},"end":{"line":20,"column":1}},"locations":[{"start":{"line":2,"column":60},"end":{"line":20,"column":1}}]},"5":{"type":"branch","line":7,"loc":{"start":{"line":7,"column":4},"end":{"line":18,"column":5}},"locations":[{"start":{"line":7,"column":4},"end":{"line":18,"column":5}}]},"6":{"type":"branch","line":8,"loc":{"start":{"line":8,"column":37},"end":{"line":10,"column":9}},"locations":[{"start":{"line":8,"column":37},"end":{"line":10,"column":9}}]},"7":{"type":"branch","line":10,"loc":{"start":{"line":10,"column":8},"end":{"line":12,"column":36}},"locations":[{"start":{"line":10,"column":8},"end":{"line":12,"column":36}}]},"8":{"type":"branch","line":12,"loc":{"start":{"line":12,"column":36},"end":{"line":14,"column":9}},"locations":[{"start":{"line":12,"column":36},"end":{"line":14,"column":9}}]},"9":{"type":"branch","line":14,"loc":{"start":{"line":14,"column":9},"end":{"line":16,"column":9}},"locations":[{"start":{"line":14,"column":9},"end":{"line":16,"column":9}}]},"10":{"type":"branch","line":16,"loc":{"start":{"line":16,"column":8},"end":{"line":18,"column":4}},"locations":[{"start":{"line":16,"column":8},"end":{"line":18,"column":4}}]}},"b":{"0":[12],"1":[9],"2":[8],"3":[6],"4":[6],"5":[31],"6":[6],"7":[25],"8":[19],"9":[6],"10":[25]},"fnMap":{"0":{"name":"bouncingBall","decl":{"start":{"line":1,"column":15},"end":{"line":20,"column":1}},"loc":{"start":{"line":1,"column":15},"end":{"line":20,"column":1}},"line":1},"1":{"name":"bounceCount","decl":{"start":{"line":7,"column":4},"end":{"line":18,"column":5}},"loc":{"start":{"line":7,"column":4},"end":{"line":18,"column":5}},"line":7}},"f":{"0":12,"1":31}}
,"C:\\Users\\holly\\repos\\codewarsTesting\\functions\\cockroachSpeed.ts": {"path":"C:\\Users\\holly\\repos\\codewarsTesting\\functions\\cockroachSpeed.ts","all":false,"statementMap":{"0":{"start":{"line":1,"column":0},"end":{"line":1,"column":59}},"1":{"start":{"line":2,"column":0},"end":{"line":2,"column":16}},"2":{"start":{"line":3,"column":0},"end":{"line":3,"column":70}},"3":{"start":{"line":4,"column":0},"end":{"line":4,"column":5}},"4":{"start":{"line":5,"column":0},"end":{"line":5,"column":32}},"5":{"start":{"line":6,"column":0},"end":{"line":6,"column":40}},"6":{"start":{"line":7,"column":0},"end":{"line":7,"column":5}},"11":{"start":{"line":12,"column":0},"end":{"line":12,"column":39}},"12":{"start":{"line":13,"column":0},"end":{"line":13,"column":1}}},"s":{"0":8,"1":8,"2":1,"3":1,"4":8,"5":1,"6":1,"11":6,"12":6},"branchMap":{"0":{"type":"branch","line":1,"loc":{"start":{"line":1,"column":0},"end":{"line":13,"column":1}},"locations":[{"start":{"line":1,"column":0},"end":{"line":13,"column":1}}]},"1":{"type":"branch","line":2,"loc":{"start":{"line":2,"column":15},"end":{"line":4,"column":5}},"locations":[{"start":{"line":2,"column":15},"end":{"line":4,"column":5}}]},"2":{"type":"branch","line":4,"loc":{"start":{"line":4,"column":4},"end":{"line":5,"column":31}},"locations":[{"start":{"line":4,"column":4},"end":{"line":5,"column":31}}]},"3":{"type":"branch","line":5,"loc":{"start":{"line":5,"column":31},"end":{"line":7,"column":5}},"locations":[{"start":{"line":5,"column":31},"end":{"line":7,"column":5}}]},"4":{"type":"branch","line":7,"loc":{"start":{"line":7,"column":4},"end":{"line":13,"column":1}},"locations":[{"start":{"line":7,"column":4},"end":{"line":13,"column":1}}]}},"b":{"0":[8],"1":[1],"2":[7],"3":[1],"4":[6]},"fnMap":{"0":{"name":"cockroachSpeed","decl":{"start":{"line":1,"column":0},"end":{"line":13,"column":1}},"loc":{"start":{"line":1,"column":0},"end":{"line":13,"column":1}},"line":1}},"f":{"0":8}}
,"C:\\Users\\holly\\repos\\codewarsTesting\\functions\\countBits.ts": {"path":"C:\\Users\\holly\\repos\\codewarsTesting\\functions\\countBits.ts","all":false,"statementMap":{"0":{"start":{"line":1,"column":0},"end":{"line":1,"column":57}},"1":{"start":{"line":2,"column":0},"end":{"line":2,"column":44}},"2":{"start":{"line":3,"column":0},"end":{"line":3,"column":45}},"3":{"start":{"line":4,"column":0},"end":{"line":4,"column":5}},"4":{"start":{"line":5,"column":0},"end":{"line":5,"column":34}},"5":{"start":{"line":6,"column":0},"end":{"line":6,"column":37}},"6":{"start":{"line":7,"column":0},"end":{"line":7,"column":45}},"7":{"start":{"line":8,"column":0},"end":{"line":8,"column":9}},"8":{"start":{"line":9,"column":0},"end":{"line":9,"column":12}},"9":{"start":{"line":10,"column":0},"end":{"line":10,"column":38}},"10":{"start":{"line":11,"column":0},"end":{"line":11,"column":45}},"11":{"start":{"line":12,"column":0},"end":{"line":12,"column":9}},"12":{"start":{"line":13,"column":0},"end":{"line":13,"column":5}},"13":{"start":{"line":14,"column":0},"end":{"line":14,"column":14}},"14":{"start":{"line":15,"column":0},"end":{"line":15,"column":18}},"15":{"start":{"line":16,"column":0},"end":{"line":16,"column":16}},"16":{"start":{"line":17,"column":0},"end":{"line":17,"column":43}},"17":{"start":{"line":18,"column":0},"end":{"line":18,"column":1}}},"s":{"0":8,"1":8,"2":1,"3":1,"4":8,"5":5,"6":1,"7":1,"8":8,"9":2,"10":1,"11":1,"12":2,"13":5,"14":5,"15":5,"16":5,"17":5},"branchMap":{"0":{"type":"branch","line":1,"loc":{"start":{"line":1,"column":0},"end":{"line":18,"column":1}},"locations":[{"start":{"line":1,"column":0},"end":{"line":18,"column":1}}]},"1":{"type":"branch","line":2,"loc":{"start":{"line":2,"column":16},"end":{"line":2,"column":43}},"locations":[{"start":{"line":2,"column":16},"end":{"line":2,"column":43}}]},"2":{"type":"branch","line":2,"loc":{"start":{"line":2,"column":43},"end":{"line":4,"column":5}},"locations":[{"start":{"line":2,"column":43},"end":{"line":4,"column":5}}]},"3":{"type":"branch","line":4,"loc":{"start":{"line":4,"column":4},"end":{"line":5,"column":33}},"locations":[{"start":{"line":4,"column":4},"end":{"line":5,"column":33}}]},"4":{"type":"branch","line":5,"loc":{"start":{"line":5,"column":33},"end":{"line":9,"column":11}},"locations":[{"start":{"line":5,"column":33},"end":{"line":9,"column":11}}]},"5":{"type":"branch","line":6,"loc":{"start":{"line":6,"column":36},"end":{"line":8,"column":9}},"locations":[{"start":{"line":6,"column":36},"end":{"line":8,"column":9}}]},"6":{"type":"branch","line":9,"loc":{"start":{"line":9,"column":4},"end":{"line":13,"column":5}},"locations":[{"start":{"line":9,"column":4},"end":{"line":13,"column":5}}]},"7":{"type":"branch","line":10,"loc":{"start":{"line":10,"column":37},"end":{"line":12,"column":9}},"locations":[{"start":{"line":10,"column":37},"end":{"line":12,"column":9}}]},"8":{"type":"branch","line":13,"loc":{"start":{"line":13,"column":4},"end":{"line":18,"column":1}},"locations":[{"start":{"line":13,"column":4},"end":{"line":18,"column":1}}]},"9":{"type":"branch","line":17,"loc":{"start":{"line":17,"column":14},"end":{"line":17,"column":34}},"locations":[{"start":{"line":17,"column":14},"end":{"line":17,"column":34}}]}},"b":{"0":[8],"1":[7],"2":[1],"3":[7],"4":[5],"5":[1],"6":[2],"7":[1],"8":[5],"9":[71]},"fnMap":{"0":{"name":"countBits","decl":{"start":{"line":1,"column":0},"end":{"line":18,"column":1}},"loc":{"start":{"line":1,"column":0},"end":{"line":18,"column":1}},"line":1}},"f":{"0":8}}
,"C:\\Users\\holly\\repos\\codewarsTesting\\functions\\countPositivesSumNegatives.js": {"path":"C:\\Users\\holly\\repos\\codewarsTesting\\functions\\countPositivesSumNegatives.js","all":false,"statementMap":{"0":{"start":{"line":1,"column":0},"end":{"line":1,"column":64}},"1":{"start":{"line":2,"column":0},"end":{"line":2,"column":27}},"2":{"start":{"line":3,"column":0},"end":{"line":3,"column":14}},"3":{"start":{"line":4,"column":0},"end":{"line":4,"column":3}},"4":{"start":{"line":5,"column":0},"end":{"line":5,"column":51}},"5":{"start":{"line":6,"column":0},"end":{"line":6,"column":58}},"6":{"start":{"line":7,"column":0},"end":{"line":7,"column":3}},"7":{"start":{"line":8,"column":0},"end":{"line":8,"column":10}},"8":{"start":{"line":9,"column":0},"end":{"line":9,"column":41}},"9":{"start":{"line":10,"column":0},"end":{"line":10,"column":61}},"10":{"start":{"line":11,"column":0},"end":{"line":11,"column":7}},"11":{"start":{"line":12,"column":0},"end":{"line":12,"column":1}},"12":{"start":{"line":13,"column":0},"end":{"line":13,"column":0}},"13":{"start":{"line":14,"column":0},"end":{"line":14,"column":47}},"14":{"start":{"line":15,"column":0},"end":{"line":15,"column":54}},"15":{"start":{"line":16,"column":0},"end":{"line":16,"column":43}},"16":{"start":{"line":17,"column":0},"end":{"line":17,"column":24}},"17":{"start":{"line":18,"column":0},"end":{"line":18,"column":26}},"18":{"start":{"line":19,"column":0},"end":{"line":19,"column":26}},"19":{"start":{"line":20,"column":0},"end":{"line":20,"column":9}},"20":{"start":{"line":21,"column":0},"end":{"line":21,"column":16}},"21":{"start":{"line":22,"column":0},"end":{"line":22,"column":48}},"22":{"start":{"line":23,"column":0},"end":{"line":23,"column":21}},"23":{"start":{"line":24,"column":0},"end":{"line":24,"column":8}},"24":{"start":{"line":25,"column":0},"end":{"line":25,"column":17}},"25":{"start":{"line":26,"column":0},"end":{"line":26,"column":6}},"26":{"start":{"line":27,"column":0},"end":{"line":27,"column":22}},"27":{"start":{"line":28,"column":0},"end":{"line":28,"column":69}},"28":{"start":{"line":29,"column":0},"end":{"line":29,"column":7}},"29":{"start":{"line":30,"column":0},"end":{"line":30,"column":21}},"30":{"start":{"line":31,"column":0},"end":{"line":31,"column":24}},"31":{"start":{"line":32,"column":0},"end":{"line":32,"column":44}},"32":{"start":{"line":33,"column":0},"end":{"line":33,"column":7}},"33":{"start":{"line":34,"column":0},"end":{"line":34,"column":0}},"34":{"start":{"line":35,"column":0},"end":{"line":35,"column":57}},"35":{"start":{"line":36,"column":0},"end":{"line":36,"column":4}},"36":{"start":{"line":37,"column":0},"end":{"line":37,"column":0}},"37":{"start":{"line":38,"column":0},"end":{"line":38,"column":0}},"38":{"start":{"line":39,"column":0},"end":{"line":39,"column":31}},"39":{"start":{"line":40,"column":0},"end":{"line":40,"column":8}},"40":{"start":{"line":41,"column":0},"end":{"line":41,"column":43}},"41":{"start":{"line":42,"column":0},"end":{"line":42,"column":63}},"42":{"start":{"line":43,"column":0},"end":{"line":43,"column":8}},"43":{"start":{"line":44,"column":0},"end":{"line":44,"column":10}}},"s":{"0":1,"1":8,"2":1,"3":1,"4":8,"5":2,"6":2,"7":5,"8":5,"9":5,"10":5,"11":5,"12":1,"13":1,"14":1,"15":1,"16":1,"17":1,"18":1,"19":1,"20":1,"21":1,"22":1,"23":1,"24":1,"25":1,"26":1,"27":1,"28":1,"29":1,"30":1,"31":1,"32":1,"33":1,"34":1,"35":1,"36":1,"37":1,"38":1,"39":1,"40":1,"41":1,"42":1,"43":1},"branchMap":{"0":{"type":"branch","line":1,"loc":{"start":{"line":1,"column":15},"end":{"line":12,"column":1}},"locations":[{"start":{"line":1,"column":15},"end":{"line":12,"column":1}}]},"1":{"type":"branch","line":2,"loc":{"start":{"line":2,"column":26},"end":{"line":4,"column":3}},"locations":[{"start":{"line":2,"column":26},"end":{"line":4,"column":3}}]},"2":{"type":"branch","line":4,"loc":{"start":{"line":4,"column":2},"end":{"line":5,"column":28}},"locations":[{"start":{"line":4,"column":2},"end":{"line":5,"column":28}}]},"3":{"type":"branch","line":5,"loc":{"start":{"line":5,"column":28},"end":{"line":5,"column":47}},"locations":[{"start":{"line":5,"column":28},"end":{"line":5,"column":47}}]},"4":{"type":"branch","line":5,"loc":{"start":{"line":5,"column":50},"end":{"line":7,"column":3}},"locations":[{"start":{"line":5,"column":50},"end":{"line":7,"column":3}}]},"5":{"type":"branch","line":7,"loc":{"start":{"line":7,"column":2},"end":{"line":12,"column":1}},"locations":[{"start":{"line":7,"column":2},"end":{"line":12,"column":1}}]},"6":{"type":"branch","line":9,"loc":{"start":{"line":9,"column":20},"end":{"line":9,"column":32}},"locations":[{"start":{"line":9,"column":20},"end":{"line":9,"column":32}}]},"7":{"type":"branch","line":10,"loc":{"start":{"line":10,"column":20},"end":{"line":10,"column":32}},"locations":[{"start":{"line":10,"column":20},"end":{"line":10,"column":32}}]},"8":{"type":"branch","line":10,"loc":{"start":{"line":10,"column":41},"end":{"line":10,"column":56}},"locations":[{"start":{"line":10,"column":41},"end":{"line":10,"column":56}}]}},"b":{"0":[8],"1":[1],"2":[7],"3":[6],"4":[2],"5":[5],"6":[17],"7":[17],"8":[6]},"fnMap":{"0":{"name":"countPositivesSumNegatives","decl":{"start":{"line":1,"column":15},"end":{"line":12,"column":1}},"loc":{"start":{"line":1,"column":15},"end":{"line":12,"column":1}},"line":1}},"f":{"0":8}}
,"C:\\Users\\holly\\repos\\codewarsTesting\\functions\\digitCount.js": {"path":"C:\\Users\\holly\\repos\\codewarsTesting\\functions\\digitCount.js","all":false,"statementMap":{"0":{"start":{"line":1,"column":0},"end":{"line":1,"column":37}},"1":{"start":{"line":2,"column":0},"end":{"line":2,"column":83}},"2":{"start":{"line":3,"column":0},"end":{"line":3,"column":64}},"3":{"start":{"line":4,"column":0},"end":{"line":4,"column":5}},"4":{"start":{"line":5,"column":0},"end":{"line":5,"column":18}},"5":{"start":{"line":6,"column":0},"end":{"line":6,"column":21}},"6":{"start":{"line":7,"column":0},"end":{"line":7,"column":8}},"7":{"start":{"line":8,"column":0},"end":{"line":8,"column":17}},"8":{"start":{"line":9,"column":0},"end":{"line":9,"column":15}},"9":{"start":{"line":10,"column":0},"end":{"line":10,"column":45}},"10":{"start":{"line":11,"column":0},"end":{"line":11,"column":6}},"11":{"start":{"line":12,"column":0},"end":{"line":12,"column":32}},"12":{"start":{"line":13,"column":0},"end":{"line":13,"column":29}},"13":{"start":{"line":14,"column":0},"end":{"line":14,"column":33}},"14":{"start":{"line":15,"column":0},"end":{"line":15,"column":34}},"15":{"start":{"line":16,"column":0},"end":{"line":16,"column":20}},"16":{"start":{"line":17,"column":0},"end":{"line":17,"column":13}},"17":{"start":{"line":18,"column":0},"end":{"line":18,"column":9}},"18":{"start":{"line":19,"column":0},"end":{"line":19,"column":5}},"19":{"start":{"line":20,"column":0},"end":{"line":20,"column":17}},"20":{"start":{"line":21,"column":0},"end":{"line":21,"column":1}}},"s":{"0":1,"1":13,"2":5,"3":5,"4":8,"5":8,"6":8,"7":8,"8":8,"9":8,"10":8,"11":13,"12":40578,"13":40578,"14":310673,"15":33834,"16":33834,"17":310673,"18":40578,"19":8,"20":8},"branchMap":{"0":{"type":"branch","line":1,"loc":{"start":{"line":1,"column":15},"end":{"line":21,"column":1}},"locations":[{"start":{"line":1,"column":15},"end":{"line":21,"column":1}}]},"1":{"type":"branch","line":2,"loc":{"start":{"line":2,"column":29},"end":{"line":2,"column":52}},"locations":[{"start":{"line":2,"column":29},"end":{"line":2,"column":52}}]},"2":{"type":"branch","line":2,"loc":{"start":{"line":2,"column":53},"end":{"line":2,"column":61}},"locations":[{"start":{"line":2,"column":53},"end":{"line":2,"column":61}}]},"3":{"type":"branch","line":2,"loc":{"start":{"line":2,"column":62},"end":{"line":2,"column":70}},"locations":[{"start":{"line":2,"column":62},"end":{"line":2,"column":70}}]},"4":{"type":"branch","line":2,"loc":{"start":{"line":2,"column":71},"end":{"line":2,"column":79}},"locations":[{"start":{"line":2,"column":71},"end":{"line":2,"column":79}}]},"5":{"type":"branch","line":2,"loc":{"start":{"line":2,"column":82},"end":{"line":4,"column":5}},"locations":[{"start":{"line":2,"column":82},"end":{"line":4,"column":5}}]},"6":{"type":"branch","line":4,"loc":{"start":{"line":4,"column":4},"end":{"line":12,"column":31}},"locations":[{"start":{"line":4,"column":4},"end":{"line":12,"column":31}}]},"7":{"type":"branch","line":12,"loc":{"start":{"line":12,"column":31},"end":{"line":19,"column":5}},"locations":[{"start":{"line":12,"column":31},"end":{"line":19,"column":5}}]},"8":{"type":"branch","line":14,"loc":{"start":{"line":14,"column":32},"end":{"line":18,"column":9}},"locations":[{"start":{"line":14,"column":32},"end":{"line":18,"column":9}}]},"9":{"type":"branch","line":15,"loc":{"start":{"line":15,"column":33},"end":{"line":17,"column":13}},"locations":[{"start":{"line":15,"column":33},"end":{"line":17,"column":13}}]},"10":{"type":"branch","line":19,"loc":{"start":{"line":19,"column":4},"end":{"line":21,"column":1}},"locations":[{"start":{"line":19,"column":4},"end":{"line":21,"column":1}}]},"11":{"type":"branch","line":10,"loc":{"start":{"line":10,"column":13},"end":{"line":10,"column":43}},"locations":[{"start":{"line":10,"column":13},"end":{"line":10,"column":43}}]}},"b":{"0":[13],"1":[11],"2":[10],"3":[9],"4":[9],"5":[5],"6":[8],"7":[40578],"8":[310673],"9":[33834],"10":[8],"11":[40570]},"fnMap":{"0":{"name":"nbDig","decl":{"start":{"line":1,"column":15},"end":{"line":21,"column":1}},"loc":{"start":{"line":1,"column":15},"end":{"line":21,"column":1}},"line":1}},"f":{"0":13}}
,"C:\\Users\\holly\\repos\\codewarsTesting\\functions\\doubleChar.ts": {"path":"C:\\Users\\holly\\repos\\codewarsTesting\\functions\\doubleChar.ts","all":false,"statementMap":{"0":{"start":{"line":1,"column":0},"end":{"line":1,"column":47}},"1":{"start":{"line":2,"column":0},"end":{"line":2,"column":59}},"2":{"start":{"line":3,"column":0},"end":{"line":3,"column":1}}},"s":{"0":3,"1":3,"2":3},"branchMap":{"0":{"type":"branch","line":1,"loc":{"start":{"line":1,"column":0},"end":{"line":3,"column":1}},"locations":[{"start":{"line":1,"column":0},"end":{"line":3,"column":1}}]},"1":{"type":"branch","line":2,"loc":{"start":{"line":2,"column":29},"end":{"line":2,"column":48}},"locations":[{"start":{"line":2,"column":29},"end":{"line":2,"column":48}}]}},"b":{"0":[3],"1":[11]},"fnMap":{"0":{"name":"__vite_ssr_exports__.default","decl":{"start":{"line":1,"column":0},"end":{"line":3,"column":1}},"loc":{"start":{"line":1,"column":0},"end":{"line":3,"column":1}},"line":1}},"f":{"0":3}}
,"C:\\Users\\holly\\repos\\codewarsTesting\\functions\\filter_list.js": {"path":"C:\\Users\\holly\\repos\\codewarsTesting\\functions\\filter_list.js","all":false,"statementMap":{"0":{"start":{"line":1,"column":0},"end":{"line":1,"column":40}},"1":{"start":{"line":2,"column":0},"end":{"line":2,"column":52}},"2":{"start":{"line":3,"column":0},"end":{"line":3,"column":24}},"3":{"start":{"line":4,"column":0},"end":{"line":4,"column":65}},"4":{"start":{"line":5,"column":0},"end":{"line":5,"column":10}},"5":{"start":{"line":6,"column":0},"end":{"line":6,"column":5}},"6":{"start":{"line":7,"column":0},"end":{"line":7,"column":82}},"7":{"start":{"line":8,"column":0},"end":{"line":8,"column":69}},"8":{"start":{"line":9,"column":0},"end":{"line":9,"column":5}},"9":{"start":{"line":10,"column":0},"end":{"line":10,"column":0}},"10":{"start":{"line":11,"column":0},"end":{"line":11,"column":46}},"11":{"start":{"line":12,"column":0},"end":{"line":12,"column":1}}},"s":{"0":1,"1":8,"2":1,"3":1,"4":1,"5":1,"6":8,"7":2,"8":2,"9":5,"10":5,"11":5},"branchMap":{"0":{"type":"branch","line":1,"loc":{"start":{"line":1,"column":15},"end":{"line":12,"column":1}},"locations":[{"start":{"line":1,"column":15},"end":{"line":12,"column":1}}]},"1":{"type":"branch","line":2,"loc":{"start":{"line":2,"column":29},"end":{"line":2,"column":49}},"locations":[{"start":{"line":2,"column":29},"end":{"line":2,"column":49}}]},"2":{"type":"branch","line":2,"loc":{"start":{"line":2,"column":51},"end":{"line":6,"column":5}},"locations":[{"start":{"line":2,"column":51},"end":{"line":6,"column":5}}]},"3":{"type":"branch","line":6,"loc":{"start":{"line":6,"column":4},"end":{"line":7,"column":81}},"locations":[{"start":{"line":6,"column":4},"end":{"line":7,"column":81}}]},"4":{"type":"branch","line":7,"loc":{"start":{"line":7,"column":81},"end":{"line":9,"column":5}},"locations":[{"start":{"line":7,"column":81},"end":{"line":9,"column":5}}]},"5":{"type":"branch","line":9,"loc":{"start":{"line":9,"column":4},"end":{"line":12,"column":1}},"locations":[{"start":{"line":9,"column":4},"end":{"line":12,"column":1}}]},"6":{"type":"branch","line":7,"loc":{"start":{"line":7,"column":17},"end":{"line":7,"column":78}},"locations":[{"start":{"line":7,"column":17},"end":{"line":7,"column":78}}]},"7":{"type":"branch","line":7,"loc":{"start":{"line":7,"column":45},"end":{"line":7,"column":77}},"locations":[{"start":{"line":7,"column":45},"end":{"line":7,"column":77}}]},"8":{"type":"branch","line":7,"loc":{"start":{"line":7,"column":68},"end":{"line":7,"column":77}},"locations":[{"start":{"line":7,"column":68},"end":{"line":7,"column":77}}]},"9":{"type":"branch","line":11,"loc":{"start":{"line":11,"column":20},"end":{"line":11,"column":44}},"locations":[{"start":{"line":11,"column":20},"end":{"line":11,"column":44}}]}},"b":{"0":[8],"1":[7],"2":[1],"3":[7],"4":[2],"5":[5],"6":[24],"7":[13],"8":[12],"9":[21]},"fnMap":{"0":{"name":"filter_list","decl":{"start":{"line":1,"column":15},"end":{"line":12,"column":1}},"loc":{"start":{"line":1,"column":15},"end":{"line":12,"column":1}},"line":1}},"f":{"0":8}}
,"C:\\Users\\holly\\repos\\codewarsTesting\\functions\\findNb.js": {"path":"C:\\Users\\holly\\repos\\codewarsTesting\\functions\\findNb.js","all":false,"statementMap":{"0":{"start":{"line":1,"column":0},"end":{"line":1,"column":39}},"1":{"start":{"line":2,"column":0},"end":{"line":2,"column":51}},"2":{"start":{"line":3,"column":0},"end":{"line":3,"column":39}},"3":{"start":{"line":4,"column":0},"end":{"line":4,"column":5}},"4":{"start":{"line":5,"column":0},"end":{"line":5,"column":67}},"5":{"start":{"line":6,"column":0},"end":{"line":6,"column":40}},"6":{"start":{"line":7,"column":0},"end":{"line":7,"column":25}},"7":{"start":{"line":8,"column":0},"end":{"line":8,"column":3}},"8":{"start":{"line":9,"column":0},"end":{"line":9,"column":12}},"9":{"start":{"line":10,"column":0},"end":{"line":10,"column":1}}},"s":{"0":1,"1":14,"2":6,"3":6,"4":8,"5":14,"6":5,"7":5,"8":3,"9":3},"branchMap":{"0":{"type":"branch","line":1,"loc":{"start":{"line":1,"column":15},"end":{"line":10,"column":1}},"locations":[{"start":{"line":1,"column":15},"end":{"line":10,"column":1}}]},"1":{"type":"branch","line":2,"loc":{"start":{"line":2,"column":11},"end":{"line":2,"column":20}},"locations":[{"start":{"line":2,"column":11},"end":{"line":2,"column":20}}]},"2":{"type":"branch","line":2,"loc":{"start":{"line":2,"column":21},"end":{"line":2,"column":48}},"locations":[{"start":{"line":2,"column":21},"end":{"line":2,"column":48}}]},"3":{"type":"branch","line":2,"loc":{"start":{"line":2,"column":50},"end":{"line":4,"column":5}},"locations":[{"start":{"line":2,"column":50},"end":{"line":4,"column":5}}]},"4":{"type":"branch","line":4,"loc":{"start":{"line":4,"column":4},"end":{"line":6,"column":39}},"locations":[{"start":{"line":4,"column":4},"end":{"line":6,"column":39}}]},"5":{"type":"branch","line":6,"loc":{"start":{"line":6,"column":39},"end":{"line":8,"column":3}},"locations":[{"start":{"line":6,"column":39},"end":{"line":8,"column":3}}]},"6":{"type":"branch","line":8,"loc":{"start":{"line":8,"column":2},"end":{"line":10,"column":1}},"locations":[{"start":{"line":8,"column":2},"end":{"line":10,"column":1}}]}},"b":{"0":[14],"1":[12],"2":[11],"3":[6],"4":[8],"5":[5],"6":[3]},"fnMap":{"0":{"name":"findNb","decl":{"start":{"line":1,"column":15},"end":{"line":10,"column":1}},"loc":{"start":{"line":1,"column":15},"end":{"line":10,"column":1}},"line":1}},"f":{"0":14}}
,"C:\\Users\\holly\\repos\\codewarsTesting\\functions\\findUniq.js": {"path":"C:\\Users\\holly\\repos\\codewarsTesting\\functions\\findUniq.js","all":false,"statementMap":{"0":{"start":{"line":1,"column":0},"end":{"line":1,"column":41}},"1":{"start":{"line":2,"column":0},"end":{"line":2,"column":6}},"2":{"start":{"line":3,"column":0},"end":{"line":3,"column":13}},"3":{"start":{"line":4,"column":0},"end":{"line":4,"column":23}},"4":{"start":{"line":5,"column":0},"end":{"line":5,"column":37}},"5":{"start":{"line":6,"column":0},"end":{"line":6,"column":38}},"6":{"start":{"line":7,"column":0},"end":{"line":7,"column":5}},"7":{"start":{"line":8,"column":0},"end":{"line":8,"column":37}},"8":{"start":{"line":9,"column":0},"end":{"line":9,"column":3}},"9":{"start":{"line":10,"column":0},"end":{"line":10,"column":18}},"10":{"start":{"line":11,"column":0},"end":{"line":11,"column":28}},"11":{"start":{"line":12,"column":0},"end":{"line":12,"column":0}},"12":{"start":{"line":13,"column":0},"end":{"line":13,"column":28}},"13":{"start":{"line":14,"column":0},"end":{"line":14,"column":44}},"14":{"start":{"line":15,"column":0},"end":{"line":15,"column":70}},"15":{"start":{"line":16,"column":0},"end":{"line":16,"column":46}},"16":{"start":{"line":17,"column":0},"end":{"line":17,"column":0}},"17":{"start":{"line":18,"column":0},"end":{"line":18,"column":34}},"18":{"start":{"line":19,"column":0},"end":{"line":19,"column":56}},"19":{"start":{"line":20,"column":0},"end":{"line":20,"column":5}},"20":{"start":{"line":21,"column":0},"end":{"line":21,"column":0}},"21":{"start":{"line":22,"column":0},"end":{"line":22,"column":34}},"22":{"start":{"line":23,"column":0},"end":{"line":23,"column":32}},"23":{"start":{"line":24,"column":0},"end":{"line":24,"column":31}},"24":{"start":{"line":25,"column":0},"end":{"line":25,"column":28}},"25":{"start":{"line":26,"column":0},"end":{"line":26,"column":31}},"26":{"start":{"line":27,"column":0},"end":{"line":27,"column":16}},"27":{"start":{"line":28,"column":0},"end":{"line":28,"column":9}},"28":{"start":{"line":29,"column":0},"end":{"line":29,"column":7}},"29":{"start":{"line":30,"column":0},"end":{"line":30,"column":0}},"30":{"start":{"line":31,"column":0},"end":{"line":31,"column":26}},"31":{"start":{"line":32,"column":0},"end":{"line":32,"column":33}},"32":{"start":{"line":33,"column":0},"end":{"line":33,"column":50}},"33":{"start":{"line":34,"column":0},"end":{"line":34,"column":11}},"36":{"start":{"line":37,"column":0},"end":{"line":37,"column":3}},"37":{"start":{"line":38,"column":0},"end":{"line":38,"column":43}},"38":{"start":{"line":39,"column":0},"end":{"line":39,"column":1}},"39":{"start":{"line":40,"column":0},"end":{"line":40,"column":0}},"40":{"start":{"line":41,"column":0},"end":{"line":41,"column":0}},"41":{"start":{"line":42,"column":0},"end":{"line":42,"column":261}}},"s":{"0":1,"1":9,"2":9,"3":9,"4":9,"5":6,"6":9,"7":3,"8":3,"9":6,"10":6,"11":6,"12":9,"13":35,"14":35,"15":35,"16":35,"17":35,"18":1,"19":1,"20":34,"21":35,"22":7,"23":7,"24":10,"25":4,"26":4,"27":4,"28":10,"29":7,"30":7,"31":4,"32":8,"33":8,"36":35,"37":1,"38":1,"39":1,"40":1,"41":1},"branchMap":{"0":{"type":"branch","line":1,"loc":{"start":{"line":1,"column":15},"end":{"line":39,"column":1}},"locations":[{"start":{"line":1,"column":15},"end":{"line":39,"column":1}}]},"1":{"type":"branch","line":3,"loc":{"start":{"line":3,"column":11},"end":{"line":4,"column":20}},"locations":[{"start":{"line":3,"column":11},"end":{"line":4,"column":20}}]},"2":{"type":"branch","line":4,"loc":{"start":{"line":4,"column":21},"end":{"line":5,"column":34}},"locations":[{"start":{"line":4,"column":21},"end":{"line":5,"column":34}}]},"3":{"type":"branch","line":5,"loc":{"start":{"line":5,"column":35},"end":{"line":6,"column":38}},"locations":[{"start":{"line":5,"column":35},"end":{"line":6,"column":38}}]},"4":{"type":"branch","line":7,"loc":{"start":{"line":7,"column":4},"end":{"line":9,"column":3}},"locations":[{"start":{"line":7,"column":4},"end":{"line":9,"column":3}}]},"5":{"type":"branch","line":9,"loc":{"start":{"line":9,"column":2},"end":{"line":13,"column":27}},"locations":[{"start":{"line":9,"column":2},"end":{"line":13,"column":27}}]},"6":{"type":"branch","line":13,"loc":{"start":{"line":13,"column":27},"end":{"line":37,"column":3}},"locations":[{"start":{"line":13,"column":27},"end":{"line":37,"column":3}}]},"7":{"type":"branch","line":14,"loc":{"start":{"line":14,"column":24},"end":{"line":14,"column":44}},"locations":[{"start":{"line":14,"column":24},"end":{"line":14,"column":44}}]},"8":{"type":"branch","line":16,"loc":{"start":{"line":16,"column":26},"end":{"line":16,"column":41}},"locations":[{"start":{"line":16,"column":26},"end":{"line":16,"column":41}}]},"9":{"type":"branch","line":16,"loc":{"start":{"line":16,"column":42},"end":{"line":16,"column":45}},"locations":[{"start":{"line":16,"column":42},"end":{"line":16,"column":45}}]},"10":{"type":"branch","line":18,"loc":{"start":{"line":18,"column":33},"end":{"line":20,"column":5}},"locations":[{"start":{"line":18,"column":33},"end":{"line":20,"column":5}}]},"11":{"type":"branch","line":20,"loc":{"start":{"line":20,"column":4},"end":{"line":22,"column":33}},"locations":[{"start":{"line":20,"column":4},"end":{"line":22,"column":33}}]},"12":{"type":"branch","line":22,"loc":{"start":{"line":22,"column":33},"end":{"line":36,"column":5}},"locations":[{"start":{"line":22,"column":33},"end":{"line":36,"column":5}}]},"13":{"type":"branch","line":24,"loc":{"start":{"line":24,"column":30},"end":{"line":29,"column":7}},"locations":[{"start":{"line":24,"column":30},"end":{"line":29,"column":7}}]},"14":{"type":"branch","line":25,"loc":{"start":{"line":25,"column":27},"end":{"line":28,"column":9}},"locations":[{"start":{"line":25,"column":27},"end":{"line":28,"column":9}}]},"15":{"type":"branch","line":31,"loc":{"start":{"line":31,"column":25},"end":{"line":35,"column":7}},"locations":[{"start":{"line":31,"column":25},"end":{"line":35,"column":7}}]},"16":{"type":"branch","line":32,"loc":{"start":{"line":32,"column":32},"end":{"line":34,"column":11}},"locations":[{"start":{"line":32,"column":32},"end":{"line":34,"column":11}}]},"17":{"type":"branch","line":33,"loc":{"start":{"line":33,"column":31},"end":{"line":33,"column":50}},"locations":[{"start":{"line":33,"column":31},"end":{"line":33,"column":50}}]},"18":{"type":"branch","line":35,"loc":{"start":{"line":35,"column":-2},"end":{"line":35,"column":7}},"locations":[{"start":{"line":35,"column":-2},"end":{"line":35,"column":7}}]},"19":{"type":"branch","line":37,"loc":{"start":{"line":37,"column":2},"end":{"line":39,"column":1}},"locations":[{"start":{"line":37,"column":2},"end":{"line":39,"column":1}}]}},"b":{"0":[9],"1":[8],"2":[7],"3":[6],"4":[3],"5":[6],"6":[35],"7":[12],"8":[23],"9":[12],"10":[1],"11":[34],"12":[7],"13":[10],"14":[4],"15":[4],"16":[8],"17":[4],"18":[1],"19":[1]},"fnMap":{"0":{"name":"findUniq","decl":{"start":{"line":1,"column":15},"end":{"line":39,"column":1}},"loc":{"start":{"line":1,"column":15},"end":{"line":39,"column":1}},"line":1}},"f":{"0":9}}
,"C:\\Users\\holly\\repos\\codewarsTesting\\functions\\getMiddle.js": {"path":"C:\\Users\\holly\\repos\\codewarsTesting\\functions\\getMiddle.js","all":false,"statementMap":{"0":{"start":{"line":1,"column":0},"end":{"line":1,"column":35}},"1":{"start":{"line":2,"column":0},"end":{"line":2,"column":33}},"2":{"start":{"line":3,"column":0},"end":{"line":3,"column":56}},"3":{"start":{"line":4,"column":0},"end":{"line":4,"column":51}},"4":{"start":{"line":5,"column":0},"end":{"line":5,"column":23}},"5":{"start":{"line":6,"column":0},"end":{"line":6,"column":5}},"6":{"start":{"line":7,"column":0},"end":{"line":7,"column":56}},"7":{"start":{"line":8,"column":0},"end":{"line":8,"column":1}}},"s":{"0":1,"1":12,"2":6,"3":6,"4":6,"5":6,"6":6,"7":6},"branchMap":{"0":{"type":"branch","line":1,"loc":{"start":{"line":1,"column":7},"end":{"line":8,"column":1}},"locations":[{"start":{"line":1,"column":7},"end":{"line":8,"column":1}}]},"1":{"type":"branch","line":2,"loc":{"start":{"line":2,"column":32},"end":{"line":8,"column":1}},"locations":[{"start":{"line":2,"column":32},"end":{"line":8,"column":1}}]}},"b":{"0":[12],"1":[6]},"fnMap":{"0":{"name":"getMiddle","decl":{"start":{"line":1,"column":7},"end":{"line":8,"column":1}},"loc":{"start":{"line":1,"column":7},"end":{"line":8,"column":1}},"line":1}},"f":{"0":12}}
,"C:\\Users\\holly\\repos\\codewarsTesting\\functions\\gimme.js": {"path":"C:\\Users\\holly\\repos\\codewarsTesting\\functions\\gimme.js","all":false,"statementMap":{"0":{"start":{"line":1,"column":0},"end":{"line":1,"column":40}},"1":{"start":{"line":2,"column":0},"end":{"line":2,"column":6}},"2":{"start":{"line":3,"column":0},"end":{"line":3,"column":30}},"3":{"start":{"line":4,"column":0},"end":{"line":4,"column":27}},"4":{"start":{"line":5,"column":0},"end":{"line":5,"column":50}},"5":{"start":{"line":6,"column":0},"end":{"line":6,"column":5}},"6":{"start":{"line":7,"column":0},"end":{"line":7,"column":20}},"7":{"start":{"line":8,"column":0},"end":{"line":8,"column":61}},"8":{"start":{"line":9,"column":0},"end":{"line":9,"column":6}},"9":{"start":{"line":10,"column":0},"end":{"line":10,"column":3}},"10":{"start":{"line":11,"column":0},"end":{"line":11,"column":35}},"11":{"start":{"line":12,"column":0},"end":{"line":12,"column":26}},"12":{"start":{"line":13,"column":0},"end":{"line":13,"column":25}},"13":{"start":{"line":14,"column":0},"end":{"line":14,"column":52}},"14":{"start":{"line":15,"column":0},"end":{"line":15,"column":3}},"15":{"start":{"line":16,"column":0},"end":{"line":16,"column":64}},"16":{"start":{"line":17,"column":0},"end":{"line":17,"column":1}}},"s":{"0":1,"1":13,"2":13,"3":13,"4":11,"5":13,"6":3,"7":3,"8":3,"9":3,"10":10,"11":10,"12":13,"13":1,"14":1,"15":9,"16":9},"branchMap":{"0":{"type":"branch","line":1,"loc":{"start":{"line":1,"column":15},"end":{"line":17,"column":1}},"locations":[{"start":{"line":1,"column":15},"end":{"line":17,"column":1}}]},"1":{"type":"branch","line":3,"loc":{"start":{"line":3,"column":28},"end":{"line":4,"column":24}},"locations":[{"start":{"line":3,"column":28},"end":{"line":4,"column":24}}]},"2":{"type":"branch","line":4,"loc":{"start":{"line":4,"column":25},"end":{"line":5,"column":50}},"locations":[{"start":{"line":4,"column":25},"end":{"line":5,"column":50}}]},"3":{"type":"branch","line":6,"loc":{"start":{"line":6,"column":4},"end":{"line":10,"column":3}},"locations":[{"start":{"line":6,"column":4},"end":{"line":10,"column":3}}]},"4":{"type":"branch","line":10,"loc":{"start":{"line":10,"column":2},"end":{"line":13,"column":24}},"locations":[{"start":{"line":10,"column":2},"end":{"line":13,"column":24}}]},"5":{"type":"branch","line":13,"loc":{"start":{"line":13,"column":24},"end":{"line":15,"column":3}},"locations":[{"start":{"line":13,"column":24},"end":{"line":15,"column":3}}]},"6":{"type":"branch","line":15,"loc":{"start":{"line":15,"column":2},"end":{"line":17,"column":1}},"locations":[{"start":{"line":15,"column":2},"end":{"line":17,"column":1}}]},"7":{"type":"branch","line":5,"loc":{"start":{"line":5,"column":17},"end":{"line":5,"column":49}},"locations":[{"start":{"line":5,"column":17},"end":{"line":5,"column":49}}]},"8":{"type":"branch","line":16,"loc":{"start":{"line":16,"column":43},"end":{"line":16,"column":58}},"locations":[{"start":{"line":16,"column":43},"end":{"line":16,"column":58}}]}},"b":{"0":[13],"1":[12],"2":[11],"3":[3],"4":[10],"5":[1],"6":[9],"7":[33],"8":[26]},"fnMap":{"0":{"name":"gimme","decl":{"start":{"line":1,"column":15},"end":{"line":17,"column":1}},"loc":{"start":{"line":1,"column":15},"end":{"line":17,"column":1}},"line":1}},"f":{"0":13}}
,"C:\\Users\\holly\\repos\\codewarsTesting\\functions\\gimmeCodewar.js": {"path":"C:\\Users\\holly\\repos\\codewarsTesting\\functions\\gimmeCodewar.js","all":false,"statementMap":{"0":{"start":{"line":1,"column":0},"end":{"line":1,"column":94}}},"s":{"0":1},"branchMap":{"0":{"type":"branch","line":1,"loc":{"start":{"line":1,"column":28},"end":{"line":1,"column":93}},"locations":[{"start":{"line":1,"column":28},"end":{"line":1,"column":93}}]},"1":{"type":"branch","line":1,"loc":{"start":{"line":1,"column":73},"end":{"line":1,"column":88}},"locations":[{"start":{"line":1,"column":73},"end":{"line":1,"column":88}}]}},"b":{"0":[7],"1":[21]},"fnMap":{"0":{"name":"gimmeCodewar","decl":{"start":{"line":1,"column":28},"end":{"line":1,"column":93}},"loc":{"start":{"line":1,"column":28},"end":{"line":1,"column":93}},"line":1}},"f":{"0":7}}
,"C:\\Users\\holly\\repos\\codewarsTesting\\functions\\halfChar.ts": {"path":"C:\\Users\\holly\\repos\\codewarsTesting\\functions\\halfChar.ts","all":false,"statementMap":{"0":{"start":{"line":1,"column":0},"end":{"line":1,"column":55}},"1":{"start":{"line":2,"column":0},"end":{"line":2,"column":34}},"2":{"start":{"line":3,"column":0},"end":{"line":3,"column":56}},"3":{"start":{"line":4,"column":0},"end":{"line":4,"column":5}},"5":{"start":{"line":6,"column":0},"end":{"line":6,"column":14}},"6":{"start":{"line":7,"column":0},"end":{"line":7,"column":16}},"7":{"start":{"line":8,"column":0},"end":{"line":8,"column":29}},"8":{"start":{"line":9,"column":0},"end":{"line":9,"column":60}},"9":{"start":{"line":10,"column":0},"end":{"line":10,"column":49}},"10":{"start":{"line":11,"column":0},"end":{"line":11,"column":16}},"11":{"start":{"line":12,"column":0},"end":{"line":12,"column":2}}},"s":{"0":6,"1":6,"2":1,"3":1,"5":5,"6":5,"7":5,"8":61,"9":5,"10":5,"11":1},"branchMap":{"0":{"type":"branch","line":1,"loc":{"start":{"line":1,"column":0},"end":{"line":12,"column":1}},"locations":[{"start":{"line":1,"column":0},"end":{"line":12,"column":1}}]},"1":{"type":"branch","line":2,"loc":{"start":{"line":2,"column":33},"end":{"line":4,"column":5}},"locations":[{"start":{"line":2,"column":33},"end":{"line":4,"column":5}}]},"2":{"type":"branch","line":4,"loc":{"start":{"line":4,"column":4},"end":{"line":12,"column":1}},"locations":[{"start":{"line":4,"column":4},"end":{"line":12,"column":1}}]},"3":{"type":"branch","line":8,"loc":{"start":{"line":8,"column":14},"end":{"line":10,"column":48}},"locations":[{"start":{"line":8,"column":14},"end":{"line":10,"column":48}}]},"4":{"type":"branch","line":9,"loc":{"start":{"line":9,"column":55},"end":{"line":10,"column":48}},"locations":[{"start":{"line":9,"column":55},"end":{"line":10,"column":48}}]},"5":{"type":"branch","line":10,"loc":{"start":{"line":10,"column":29},"end":{"line":10,"column":48}},"locations":[{"start":{"line":10,"column":29},"end":{"line":10,"column":48}}]}},"b":{"0":[6],"1":[1],"2":[5],"3":[61],"4":[29],"5":[16]},"fnMap":{"0":{"name":"halfChar","decl":{"start":{"line":1,"column":0},"end":{"line":12,"column":1}},"loc":{"start":{"line":1,"column":0},"end":{"line":12,"column":1}},"line":1}},"f":{"0":6}}
,"C:\\Users\\holly\\repos\\codewarsTesting\\functions\\incrementString.js": {"path":"C:\\Users\\holly\\repos\\codewarsTesting\\functions\\incrementString.js","all":false,"statementMap":{"0":{"start":{"line":1,"column":0},"end":{"line":1,"column":45}},"1":{"start":{"line":2,"column":0},"end":{"line":2,"column":35}},"2":{"start":{"line":3,"column":0},"end":{"line":3,"column":34}},"3":{"start":{"line":4,"column":0},"end":{"line":4,"column":23}},"4":{"start":{"line":5,"column":0},"end":{"line":5,"column":5}},"5":{"start":{"line":6,"column":0},"end":{"line":6,"column":28}},"6":{"start":{"line":7,"column":0},"end":{"line":7,"column":63}},"7":{"start":{"line":8,"column":0},"end":{"line":8,"column":5}},"8":{"start":{"line":9,"column":0},"end":{"line":9,"column":25}},"9":{"start":{"line":10,"column":0},"end":{"line":10,"column":39}},"10":{"start":{"line":11,"column":0},"end":{"line":11,"column":38}},"11":{"start":{"line":12,"column":0},"end":{"line":12,"column":60}},"12":{"start":{"line":13,"column":0},"end":{"line":13,"column":60}},"13":{"start":{"line":14,"column":0},"end":{"line":14,"column":41}},"14":{"start":{"line":15,"column":0},"end":{"line":15,"column":5}},"15":{"start":{"line":16,"column":0},"end":{"line":16,"column":57}},"16":{"start":{"line":17,"column":0},"end":{"line":17,"column":41}},"17":{"start":{"line":18,"column":0},"end":{"line":18,"column":5}},"18":{"start":{"line":19,"column":0},"end":{"line":19,"column":0}},"19":{"start":{"line":20,"column":0},"end":{"line":20,"column":59}},"20":{"start":{"line":21,"column":0},"end":{"line":21,"column":3}},"21":{"start":{"line":22,"column":0},"end":{"line":22,"column":63}},"22":{"start":{"line":23,"column":0},"end":{"line":23,"column":1}},"23":{"start":{"line":24,"column":0},"end":{"line":24,"column":0}},"24":{"start":{"line":25,"column":0},"end":{"line":25,"column":0}},"25":{"start":{"line":26,"column":0},"end":{"line":26,"column":33}},"26":{"start":{"line":27,"column":0},"end":{"line":27,"column":33}},"27":{"start":{"line":28,"column":0},"end":{"line":28,"column":48}}},"s":{"0":1,"1":16,"2":16,"3":4,"4":4,"5":16,"6":1,"7":1,"8":16,"9":7,"10":7,"11":7,"12":15,"13":15,"14":15,"15":7,"16":2,"17":2,"18":7,"19":7,"20":7,"21":4,"22":4,"23":1,"24":1,"25":1,"26":1,"27":1},"branchMap":{"0":{"type":"branch","line":1,"loc":{"start":{"line":1,"column":7},"end":{"line":23,"column":1}},"locations":[{"start":{"line":1,"column":7},"end":{"line":23,"column":1}}]},"1":{"type":"branch","line":3,"loc":{"start":{"line":3,"column":22},"end":{"line":3,"column":31}},"locations":[{"start":{"line":3,"column":22},"end":{"line":3,"column":31}}]},"2":{"type":"branch","line":3,"loc":{"start":{"line":3,"column":33},"end":{"line":5,"column":5}},"locations":[{"start":{"line":3,"column":33},"end":{"line":5,"column":5}}]},"3":{"type":"branch","line":5,"loc":{"start":{"line":5,"column":4},"end":{"line":6,"column":27}},"locations":[{"start":{"line":5,"column":4},"end":{"line":6,"column":27}}]},"4":{"type":"branch","line":6,"loc":{"start":{"line":6,"column":27},"end":{"line":8,"column":5}},"locations":[{"start":{"line":6,"column":27},"end":{"line":8,"column":5}}]},"5":{"type":"branch","line":8,"loc":{"start":{"line":8,"column":4},"end":{"line":9,"column":24}},"locations":[{"start":{"line":8,"column":4},"end":{"line":9,"column":24}}]},"6":{"type":"branch","line":9,"loc":{"start":{"line":9,"column":24},"end":{"line":21,"column":3}},"locations":[{"start":{"line":9,"column":24},"end":{"line":21,"column":3}}]},"7":{"type":"branch","line":12,"loc":{"start":{"line":12,"column":59},"end":{"line":15,"column":5}},"locations":[{"start":{"line":12,"column":59},"end":{"line":15,"column":5}}]},"8":{"type":"branch","line":16,"loc":{"start":{"line":16,"column":56},"end":{"line":18,"column":5}},"locations":[{"start":{"line":16,"column":56},"end":{"line":18,"column":5}}]},"9":{"type":"branch","line":21,"loc":{"start":{"line":21,"column":2},"end":{"line":23,"column":1}},"locations":[{"start":{"line":21,"column":2},"end":{"line":23,"column":1}}]}},"b":{"0":[16],"1":[14],"2":[4],"3":[12],"4":[1],"5":[11],"6":[7],"7":[15],"8":[2],"9":[4]},"fnMap":{"0":{"name":"incrementString","decl":{"start":{"line":1,"column":7},"end":{"line":23,"column":1}},"loc":{"start":{"line":1,"column":7},"end":{"line":23,"column":1}},"line":1}},"f":{"0":16}}
,"C:\\Users\\holly\\repos\\codewarsTesting\\functions\\index.js": {"path":"C:\\Users\\holly\\repos\\codewarsTesting\\functions\\index.js","all":false,"statementMap":{"0":{"start":{"line":1,"column":0},"end":{"line":1,"column":27}},"1":{"start":{"line":2,"column":0},"end":{"line":2,"column":44}},"2":{"start":{"line":3,"column":0},"end":{"line":3,"column":101}},"3":{"start":{"line":4,"column":0},"end":{"line":4,"column":4}},"4":{"start":{"line":5,"column":0},"end":{"line":5,"column":0}},"5":{"start":{"line":6,"column":0},"end":{"line":6,"column":47}},"6":{"start":{"line":7,"column":0},"end":{"line":7,"column":0}},"7":{"start":{"line":8,"column":0},"end":{"line":8,"column":32}},"8":{"start":{"line":9,"column":0},"end":{"line":9,"column":38}},"9":{"start":{"line":10,"column":0},"end":{"line":10,"column":0}},"10":{"start":{"line":11,"column":0},"end":{"line":11,"column":18}},"11":{"start":{"line":12,"column":0},"end":{"line":12,"column":0}},"12":{"start":{"line":13,"column":0},"end":{"line":13,"column":18}},"13":{"start":{"line":14,"column":0},"end":{"line":14,"column":40}},"14":{"start":{"line":15,"column":0},"end":{"line":15,"column":38}},"15":{"start":{"line":16,"column":0},"end":{"line":16,"column":42}},"16":{"start":{"line":17,"column":0},"end":{"line":17,"column":40}},"17":{"start":{"line":18,"column":0},"end":{"line":18,"column":38}},"18":{"start":{"line":19,"column":0},"end":{"line":19,"column":2}},"19":{"start":{"line":20,"column":0},"end":{"line":20,"column":0}},"20":{"start":{"line":21,"column":0},"end":{"line":21,"column":52}},"21":{"start":{"line":22,"column":0},"end":{"line":22,"column":63}},"22":{"start":{"line":23,"column":0},"end":{"line":23,"column":48}},"23":{"start":{"line":24,"column":0},"end":{"line":24,"column":30}},"24":{"start":{"line":25,"column":0},"end":{"line":25,"column":6}},"25":{"start":{"line":26,"column":0},"end":{"line":26,"column":50}},"26":{"start":{"line":27,"column":0},"end":{"line":27,"column":1}},"27":{"start":{"line":28,"column":0},"end":{"line":28,"column":0}},"28":{"start":{"line":29,"column":0},"end":{"line":29,"column":43}}},"s":{"0":1,"1":1,"2":1,"3":1,"4":1,"5":1,"6":1,"7":1,"8":1,"9":1,"10":1,"11":1,"12":1,"13":1,"14":1,"15":1,"16":1,"17":1,"18":1,"19":1,"20":1,"21":4,"22":4,"23":6,"24":4,"25":4,"26":4,"27":1,"28":1},"branchMap":{"0":{"type":"branch","line":21,"loc":{"start":{"line":21,"column":15},"end":{"line":27,"column":1}},"locations":[{"start":{"line":21,"column":15},"end":{"line":27,"column":1}}]},"1":{"type":"branch","line":22,"loc":{"start":{"line":22,"column":32},"end":{"line":22,"column":61}},"locations":[{"start":{"line":22,"column":32},"end":{"line":22,"column":61}}]},"2":{"type":"branch","line":23,"loc":{"start":{"line":23,"column":38},"end":{"line":24,"column":30}},"locations":[{"start":{"line":23,"column":38},"end":{"line":24,"column":30}}]}},"b":{"0":[4],"1":[12],"2":[6]},"fnMap":{"0":{"name":"passingStudentsCaps","decl":{"start":{"line":21,"column":15},"end":{"line":27,"column":1}},"loc":{"start":{"line":21,"column":15},"end":{"line":27,"column":1}},"line":21}},"f":{"0":4}}
,"C:\\Users\\holly\\repos\\codewarsTesting\\functions\\longest.js": {"path":"C:\\Users\\holly\\repos\\codewarsTesting\\functions\\longest.js","all":false,"statementMap":{"0":{"start":{"line":1,"column":0},"end":{"line":1,"column":38}},"1":{"start":{"line":2,"column":0},"end":{"line":2,"column":33}},"2":{"start":{"line":3,"column":0},"end":{"line":3,"column":18}},"3":{"start":{"line":4,"column":0},"end":{"line":4,"column":44}},"4":{"start":{"line":5,"column":0},"end":{"line":5,"column":44}},"5":{"start":{"line":6,"column":0},"end":{"line":6,"column":28}},"6":{"start":{"line":7,"column":0},"end":{"line":7,"column":9}},"7":{"start":{"line":8,"column":0},"end":{"line":8,"column":5}},"8":{"start":{"line":9,"column":0},"end":{"line":9,"column":16}},"9":{"start":{"line":10,"column":0},"end":{"line":10,"column":1}}},"s":{"0":1,"1":1,"2":1,"3":1,"4":4,"5":2,"6":2,"7":4,"8":1,"9":1},"branchMap":{"0":{"type":"branch","line":1,"loc":{"start":{"line":1,"column":15},"end":{"line":10,"column":1}},"locations":[{"start":{"line":1,"column":15},"end":{"line":10,"column":1}}]},"1":{"type":"branch","line":4,"loc":{"start":{"line":4,"column":43},"end":{"line":8,"column":5}},"locations":[{"start":{"line":4,"column":43},"end":{"line":8,"column":5}}]},"2":{"type":"branch","line":5,"loc":{"start":{"line":5,"column":43},"end":{"line":7,"column":9}},"locations":[{"start":{"line":5,"column":43},"end":{"line":7,"column":9}}]}},"b":{"0":[1],"1":[4],"2":[2]},"fnMap":{"0":{"name":"longest","decl":{"start":{"line":1,"column":15},"end":{"line":10,"column":1}},"loc":{"start":{"line":1,"column":15},"end":{"line":10,"column":1}},"line":1}},"f":{"0":1}}
,"C:\\Users\\holly\\repos\\codewarsTesting\\functions\\maxSubArray.js": {"path":"C:\\Users\\holly\\repos\\codewarsTesting\\functions\\maxSubArray.js","all":false,"statementMap":{"0":{"start":{"line":1,"column":0},"end":{"line":1,"column":44}},"1":{"start":{"line":2,"column":0},"end":{"line":2,"column":57}},"2":{"start":{"line":3,"column":0},"end":{"line":3,"column":20}},"3":{"start":{"line":4,"column":0},"end":{"line":4,"column":29}},"4":{"start":{"line":5,"column":0},"end":{"line":5,"column":60}},"5":{"start":{"line":6,"column":0},"end":{"line":6,"column":48}},"6":{"start":{"line":7,"column":0},"end":{"line":7,"column":63}},"7":{"start":{"line":8,"column":0},"end":{"line":8,"column":55}},"8":{"start":{"line":9,"column":0},"end":{"line":9,"column":10}},"9":{"start":{"line":10,"column":0},"end":{"line":10,"column":5}},"10":{"start":{"line":11,"column":0},"end":{"line":11,"column":19}},"11":{"start":{"line":12,"column":0},"end":{"line":12,"column":1}}},"s":{"0":1,"1":6,"2":6,"3":6,"4":25,"5":94,"6":94,"7":94,"8":94,"9":94,"10":6,"11":6},"branchMap":{"0":{"type":"branch","line":1,"loc":{"start":{"line":1,"column":15},"end":{"line":12,"column":1}},"locations":[{"start":{"line":1,"column":15},"end":{"line":12,"column":1}}]},"1":{"type":"branch","line":4,"loc":{"start":{"line":4,"column":28},"end":{"line":10,"column":5}},"locations":[{"start":{"line":4,"column":28},"end":{"line":10,"column":5}}]},"2":{"type":"branch","line":5,"loc":{"start":{"line":5,"column":59},"end":{"line":10,"column":5}},"locations":[{"start":{"line":5,"column":59},"end":{"line":10,"column":5}}]},"3":{"type":"branch","line":8,"loc":{"start":{"line":8,"column":31},"end":{"line":8,"column":54}},"locations":[{"start":{"line":8,"column":31},"end":{"line":8,"column":54}}]},"4":{"type":"branch","line":7,"loc":{"start":{"line":7,"column":43},"end":{"line":7,"column":58}},"locations":[{"start":{"line":7,"column":43},"end":{"line":7,"column":58}}]}},"b":{"0":[6],"1":[25],"2":[94],"3":[15],"4":[290]},"fnMap":{"0":{"name":"maxSubArray","decl":{"start":{"line":1,"column":15},"end":{"line":12,"column":1}},"loc":{"start":{"line":1,"column":15},"end":{"line":12,"column":1}},"line":1}},"f":{"0":6}}
,"C:\\Users\\holly\\repos\\codewarsTesting\\functions\\pfRecursive.js": {"path":"C:\\Users\\holly\\repos\\codewarsTesting\\functions\\pfRecursive.js","all":false,"statementMap":{"0":{"start":{"line":1,"column":0},"end":{"line":1,"column":49}},"1":{"start":{"line":2,"column":0},"end":{"line":2,"column":44}},"2":{"start":{"line":3,"column":0},"end":{"line":3,"column":52}},"3":{"start":{"line":4,"column":0},"end":{"line":4,"column":3}},"4":{"start":{"line":5,"column":0},"end":{"line":5,"column":33}},"5":{"start":{"line":6,"column":0},"end":{"line":6,"column":34}},"6":{"start":{"line":7,"column":0},"end":{"line":7,"column":0}},"7":{"start":{"line":8,"column":0},"end":{"line":8,"column":37}},"8":{"start":{"line":9,"column":0},"end":{"line":9,"column":1}}},"s":{"0":1,"1":92,"2":3,"3":3,"4":92,"5":92,"6":82,"7":82,"8":82},"branchMap":{"0":{"type":"branch","line":1,"loc":{"start":{"line":1,"column":15},"end":{"line":9,"column":1}},"locations":[{"start":{"line":1,"column":15},"end":{"line":9,"column":1}}]},"1":{"type":"branch","line":2,"loc":{"start":{"line":2,"column":30},"end":{"line":2,"column":41}},"locations":[{"start":{"line":2,"column":30},"end":{"line":2,"column":41}}]},"2":{"type":"branch","line":2,"loc":{"start":{"line":2,"column":43},"end":{"line":4,"column":3}},"locations":[{"start":{"line":2,"column":43},"end":{"line":4,"column":3}}]},"3":{"type":"branch","line":4,"loc":{"start":{"line":4,"column":2},"end":{"line":5,"column":20}},"locations":[{"start":{"line":4,"column":2},"end":{"line":5,"column":20}}]},"4":{"type":"branch","line":5,"loc":{"start":{"line":5,"column":20},"end":{"line":5,"column":33}},"locations":[{"start":{"line":5,"column":20},"end":{"line":5,"column":33}}]},"5":{"type":"branch","line":6,"loc":{"start":{"line":6,"column":-2},"end":{"line":6,"column":22}},"locations":[{"start":{"line":6,"column":-2},"end":{"line":6,"column":22}}]},"6":{"type":"branch","line":6,"loc":{"start":{"line":6,"column":22},"end":{"line":6,"column":34}},"locations":[{"start":{"line":6,"column":22},"end":{"line":6,"column":34}}]},"7":{"type":"branch","line":7,"loc":{"start":{"line":7,"column":-2},"end":{"line":9,"column":1}},"locations":[{"start":{"line":7,"column":-2},"end":{"line":9,"column":1}}]}},"b":{"0":[92],"1":[90],"2":[3],"3":[89],"4":[2],"5":[87],"6":[5],"7":[82]},"fnMap":{"0":{"name":"pfRecursive","decl":{"start":{"line":1,"column":15},"end":{"line":9,"column":1}},"loc":{"start":{"line":1,"column":15},"end":{"line":9,"column":1}},"line":1}},"f":{"0":92}}
,"C:\\Users\\holly\\repos\\codewarsTesting\\functions\\productFib.js": {"path":"C:\\Users\\holly\\repos\\codewarsTesting\\functions\\productFib.js","all":false,"statementMap":{"0":{"start":{"line":1,"column":0},"end":{"line":1,"column":42}},"1":{"start":{"line":2,"column":0},"end":{"line":2,"column":0}},"2":{"start":{"line":3,"column":0},"end":{"line":3,"column":46}},"3":{"start":{"line":4,"column":0},"end":{"line":4,"column":52}},"4":{"start":{"line":5,"column":0},"end":{"line":5,"column":5}},"5":{"start":{"line":6,"column":0},"end":{"line":6,"column":0}},"6":{"start":{"line":7,"column":0},"end":{"line":7,"column":35}},"7":{"start":{"line":8,"column":0},"end":{"line":8,"column":2}},"8":{"start":{"line":9,"column":0},"end":{"line":9,"column":0}},"9":{"start":{"line":10,"column":0},"end":{"line":10,"column":34}},"10":{"start":{"line":11,"column":0},"end":{"line":11,"column":0}},"11":{"start":{"line":12,"column":0},"end":{"line":12,"column":33}},"12":{"start":{"line":13,"column":0},"end":{"line":13,"column":34}},"13":{"start":{"line":14,"column":0},"end":{"line":14,"column":0}},"14":{"start":{"line":15,"column":0},"end":{"line":15,"column":37}},"15":{"start":{"line":16,"column":0},"end":{"line":16,"column":1}},"16":{"start":{"line":17,"column":0},"end":{"line":17,"column":0}},"17":{"start":{"line":18,"column":0},"end":{"line":18,"column":0}},"18":{"start":{"line":19,"column":0},"end":{"line":19,"column":0}},"19":{"start":{"line":20,"column":0},"end":{"line":20,"column":45}},"20":{"start":{"line":21,"column":0},"end":{"line":21,"column":49}},"21":{"start":{"line":22,"column":0},"end":{"line":22,"column":59}},"22":{"start":{"line":23,"column":0},"end":{"line":23,"column":8}},"23":{"start":{"line":24,"column":0},"end":{"line":24,"column":17}},"24":{"start":{"line":25,"column":0},"end":{"line":25,"column":17}},"25":{"start":{"line":26,"column":0},"end":{"line":26,"column":31}},"26":{"start":{"line":27,"column":0},"end":{"line":27,"column":32}},"27":{"start":{"line":28,"column":0},"end":{"line":28,"column":27}},"28":{"start":{"line":29,"column":0},"end":{"line":29,"column":12}},"29":{"start":{"line":30,"column":0},"end":{"line":30,"column":30}},"30":{"start":{"line":31,"column":0},"end":{"line":31,"column":17}},"31":{"start":{"line":32,"column":0},"end":{"line":32,"column":20}},"32":{"start":{"line":33,"column":0},"end":{"line":33,"column":8}},"33":{"start":{"line":34,"column":0},"end":{"line":34,"column":20}},"34":{"start":{"line":35,"column":0},"end":{"line":35,"column":4}}},"s":{"0":1,"1":10,"2":10,"3":3,"4":3,"5":7,"6":7,"7":7,"8":1,"9":89,"10":89,"11":89,"12":89,"13":82,"14":82,"15":82,"16":1,"17":1,"18":1,"19":1,"20":1,"21":1,"22":1,"23":1,"24":1,"25":1,"26":1,"27":1,"28":1,"29":1,"30":1,"31":1,"32":1,"33":1,"34":1},"branchMap":{"0":{"type":"branch","line":1,"loc":{"start":{"line":1,"column":15},"end":{"line":8,"column":2}},"locations":[{"start":{"line":1,"column":15},"end":{"line":8,"column":2}}]},"1":{"type":"branch","line":3,"loc":{"start":{"line":3,"column":32},"end":{"line":3,"column":43}},"locations":[{"start":{"line":3,"column":32},"end":{"line":3,"column":43}}]},"2":{"type":"branch","line":3,"loc":{"start":{"line":3,"column":45},"end":{"line":5,"column":5}},"locations":[{"start":{"line":3,"column":45},"end":{"line":5,"column":5}}]},"3":{"type":"branch","line":5,"loc":{"start":{"line":5,"column":4},"end":{"line":8,"column":2}},"locations":[{"start":{"line":5,"column":4},"end":{"line":8,"column":2}}]},"4":{"type":"branch","line":10,"loc":{"start":{"line":10,"column":0},"end":{"line":16,"column":1}},"locations":[{"start":{"line":10,"column":0},"end":{"line":16,"column":1}}]},"5":{"type":"branch","line":12,"loc":{"start":{"line":12,"column":20},"end":{"line":12,"column":33}},"locations":[{"start":{"line":12,"column":20},"end":{"line":12,"column":33}}]},"6":{"type":"branch","line":13,"loc":{"start":{"line":13,"column":-2},"end":{"line":13,"column":22}},"locations":[{"start":{"line":13,"column":-2},"end":{"line":13,"column":22}}]},"7":{"type":"branch","line":13,"loc":{"start":{"line":13,"column":22},"end":{"line":13,"column":34}},"locations":[{"start":{"line":13,"column":22},"end":{"line":13,"column":34}}]},"8":{"type":"branch","line":14,"loc":{"start":{"line":14,"column":-2},"end":{"line":16,"column":1}},"locations":[{"start":{"line":14,"column":-2},"end":{"line":16,"column":1}}]}},"b":{"0":[10],"1":[8],"2":[3],"3":[7],"4":[89],"5":[2],"6":[87],"7":[5],"8":[82]},"fnMap":{"0":{"name":"productFib","decl":{"start":{"line":1,"column":15},"end":{"line":8,"column":2}},"loc":{"start":{"line":1,"column":15},"end":{"line":8,"column":2}},"line":1},"1":{"name":"pfRecursive","decl":{"start":{"line":10,"column":0},"end":{"line":16,"column":1}},"loc":{"start":{"line":10,"column":0},"end":{"line":16,"column":1}},"line":10}},"f":{"0":10,"1":89}}
,"C:\\Users\\holly\\repos\\codewarsTesting\\functions\\reverseWords.js": {"path":"C:\\Users\\holly\\repos\\codewarsTesting\\functions\\reverseWords.js","all":false,"statementMap":{"0":{"start":{"line":1,"column":0},"end":{"line":1,"column":31}},"1":{"start":{"line":2,"column":0},"end":{"line":2,"column":62}},"2":{"start":{"line":3,"column":0},"end":{"line":3,"column":55}},"3":{"start":{"line":4,"column":0},"end":{"line":4,"column":5}},"4":{"start":{"line":5,"column":0},"end":{"line":5,"column":59}},"5":{"start":{"line":6,"column":0},"end":{"line":6,"column":95}},"6":{"start":{"line":7,"column":0},"end":{"line":7,"column":22}},"7":{"start":{"line":8,"column":0},"end":{"line":8,"column":1}}},"s":{"0":1,"1":8,"2":1,"3":1,"4":7,"5":7,"6":7,"7":7},"branchMap":{"0":{"type":"branch","line":1,"loc":{"start":{"line":1,"column":15},"end":{"line":8,"column":1}},"locations":[{"start":{"line":1,"column":15},"end":{"line":8,"column":1}}]},"1":{"type":"branch","line":2,"loc":{"start":{"line":2,"column":61},"end":{"line":4,"column":5}},"locations":[{"start":{"line":2,"column":61},"end":{"line":4,"column":5}}]},"2":{"type":"branch","line":4,"loc":{"start":{"line":4,"column":4},"end":{"line":8,"column":1}},"locations":[{"start":{"line":4,"column":4},"end":{"line":8,"column":1}}]},"3":{"type":"branch","line":6,"loc":{"start":{"line":6,"column":42},"end":{"line":6,"column":83}},"locations":[{"start":{"line":6,"column":42},"end":{"line":6,"column":83}}]}},"b":{"0":[8],"1":[1],"2":[7],"3":[29]},"fnMap":{"0":{"name":"__vite_ssr_exports__.default","decl":{"start":{"line":1,"column":15},"end":{"line":8,"column":1}},"loc":{"start":{"line":1,"column":15},"end":{"line":8,"column":1}},"line":1}},"f":{"0":8}}
,"C:\\Users\\holly\\repos\\codewarsTesting\\functions\\skate.ts": {"path":"C:\\Users\\holly\\repos\\codewarsTesting\\functions\\skate.ts","all":false,"statementMap":{"0":{"start":{"line":1,"column":0},"end":{"line":1,"column":47}},"1":{"start":{"line":2,"column":0},"end":{"line":2,"column":67}},"2":{"start":{"line":3,"column":0},"end":{"line":3,"column":37}},"3":{"start":{"line":4,"column":0},"end":{"line":4,"column":3}},"4":{"start":{"line":5,"column":0},"end":{"line":5,"column":60}},"5":{"start":{"line":6,"column":0},"end":{"line":6,"column":53}},"6":{"start":{"line":7,"column":0},"end":{"line":7,"column":42}},"7":{"start":{"line":8,"column":0},"end":{"line":8,"column":37}},"8":{"start":{"line":9,"column":0},"end":{"line":9,"column":5}},"10":{"start":{"line":11,"column":0},"end":{"line":11,"column":26}},"11":{"start":{"line":12,"column":0},"end":{"line":12,"column":28}},"12":{"start":{"line":13,"column":0},"end":{"line":13,"column":86}},"14":{"start":{"line":15,"column":0},"end":{"line":15,"column":36}},"15":{"start":{"line":16,"column":0},"end":{"line":16,"column":35}},"16":{"start":{"line":17,"column":0},"end":{"line":17,"column":42}},"17":{"start":{"line":18,"column":0},"end":{"line":18,"column":31}},"18":{"start":{"line":19,"column":0},"end":{"line":19,"column":26}},"19":{"start":{"line":20,"column":0},"end":{"line":20,"column":13}},"20":{"start":{"line":21,"column":0},"end":{"line":21,"column":9}},"21":{"start":{"line":22,"column":0},"end":{"line":22,"column":43}},"22":{"start":{"line":23,"column":0},"end":{"line":23,"column":64}},"23":{"start":{"line":24,"column":0},"end":{"line":24,"column":47}},"24":{"start":{"line":25,"column":0},"end":{"line":25,"column":40}},"25":{"start":{"line":26,"column":0},"end":{"line":26,"column":31}},"26":{"start":{"line":27,"column":0},"end":{"line":27,"column":26}},"27":{"start":{"line":28,"column":0},"end":{"line":28,"column":17}},"28":{"start":{"line":29,"column":0},"end":{"line":29,"column":24}},"29":{"start":{"line":30,"column":0},"end":{"line":30,"column":13}},"30":{"start":{"line":31,"column":0},"end":{"line":31,"column":9}},"31":{"start":{"line":32,"column":0},"end":{"line":32,"column":5}},"32":{"start":{"line":33,"column":0},"end":{"line":33,"column":33}},"33":{"start":{"line":34,"column":0},"end":{"line":34,"column":1}}},"s":{"0":13,"1":13,"2":1,"3":1,"4":12,"5":12,"6":13,"7":1,"8":1,"10":11,"11":11,"12":11,"14":11,"15":13,"16":59,"17":4,"18":4,"19":4,"20":4,"21":59,"22":9,"23":24,"24":9,"25":9,"26":9,"27":9,"28":15,"29":15,"30":9,"31":59,"32":13,"33":13},"branchMap":{"0":{"type":"branch","line":1,"loc":{"start":{"line":1,"column":0},"end":{"line":34,"column":1}},"locations":[{"start":{"line":1,"column":0},"end":{"line":34,"column":1}}]},"1":{"type":"branch","line":2,"loc":{"start":{"line":2,"column":66},"end":{"line":4,"column":3}},"locations":[{"start":{"line":2,"column":66},"end":{"line":4,"column":3}}]},"2":{"type":"branch","line":4,"loc":{"start":{"line":4,"column":2},"end":{"line":7,"column":41}},"locations":[{"start":{"line":4,"column":2},"end":{"line":7,"column":41}}]},"3":{"type":"branch","line":7,"loc":{"start":{"line":7,"column":41},"end":{"line":9,"column":5}},"locations":[{"start":{"line":7,"column":41},"end":{"line":9,"column":5}}]},"4":{"type":"branch","line":9,"loc":{"start":{"line":9,"column":4},"end":{"line":16,"column":34}},"locations":[{"start":{"line":9,"column":4},"end":{"line":16,"column":34}}]},"5":{"type":"branch","line":16,"loc":{"start":{"line":16,"column":34},"end":{"line":32,"column":5}},"locations":[{"start":{"line":16,"column":34},"end":{"line":32,"column":5}}]},"6":{"type":"branch","line":17,"loc":{"start":{"line":17,"column":41},"end":{"line":21,"column":9}},"locations":[{"start":{"line":17,"column":41},"end":{"line":21,"column":9}}]},"7":{"type":"branch","line":21,"loc":{"start":{"line":21,"column":8},"end":{"line":22,"column":42}},"locations":[{"start":{"line":21,"column":8},"end":{"line":22,"column":42}}]},"8":{"type":"branch","line":22,"loc":{"start":{"line":22,"column":42},"end":{"line":31,"column":9}},"locations":[{"start":{"line":22,"column":42},"end":{"line":31,"column":9}}]},"9":{"type":"branch","line":23,"loc":{"start":{"line":23,"column":63},"end":{"line":30,"column":13}},"locations":[{"start":{"line":23,"column":63},"end":{"line":30,"column":13}}]},"10":{"type":"branch","line":24,"loc":{"start":{"line":24,"column":46},"end":{"line":28,"column":17}},"locations":[{"start":{"line":24,"column":46},"end":{"line":28,"column":17}}]},"11":{"type":"branch","line":28,"loc":{"start":{"line":28,"column":16},"end":{"line":30,"column":13}},"locations":[{"start":{"line":28,"column":16},"end":{"line":30,"column":13}}]},"12":{"type":"branch","line":32,"loc":{"start":{"line":32,"column":4},"end":{"line":33,"column":27}},"locations":[{"start":{"line":32,"column":4},"end":{"line":33,"column":27}}]},"13":{"type":"branch","line":33,"loc":{"start":{"line":33,"column":23},"end":{"line":33,"column":31}},"locations":[{"start":{"line":33,"column":23},"end":{"line":33,"column":31}}]},"14":{"type":"branch","line":33,"loc":{"start":{"line":33,"column":27},"end":{"line":33,"column":33}},"locations":[{"start":{"line":33,"column":27},"end":{"line":33,"column":33}}]}},"b":{"0":[13],"1":[1],"2":[12],"3":[1],"4":[11],"5":[59],"6":[4],"7":[55],"8":[9],"9":[24],"10":[9],"11":[15],"12":[7],"13":[3],"14":[4]},"fnMap":{"0":{"name":"skate","decl":{"start":{"line":1,"column":0},"end":{"line":34,"column":1}},"loc":{"start":{"line":1,"column":0},"end":{"line":34,"column":1}},"line":1}},"f":{"0":13}}
,"C:\\Users\\holly\\repos\\codewarsTesting\\functions\\sortArray.js": {"path":"C:\\Users\\holly\\repos\\codewarsTesting\\functions\\sortArray.js","all":false,"statementMap":{"0":{"start":{"line":1,"column":0},"end":{"line":1,"column":42}},"1":{"start":{"line":2,"column":0},"end":{"line":2,"column":86}},"2":{"start":{"line":3,"column":0},"end":{"line":3,"column":59}},"3":{"start":{"line":4,"column":0},"end":{"line":4,"column":5}},"4":{"start":{"line":5,"column":0},"end":{"line":5,"column":24}},"5":{"start":{"line":6,"column":0},"end":{"line":6,"column":23}},"6":{"start":{"line":7,"column":0},"end":{"line":7,"column":44}},"7":{"start":{"line":8,"column":0},"end":{"line":8,"column":63}},"8":{"start":{"line":9,"column":0},"end":{"line":9,"column":29}},"9":{"start":{"line":10,"column":0},"end":{"line":10,"column":35}},"10":{"start":{"line":11,"column":0},"end":{"line":11,"column":9}},"11":{"start":{"line":12,"column":0},"end":{"line":12,"column":5}},"12":{"start":{"line":13,"column":0},"end":{"line":13,"column":34}},"13":{"start":{"line":14,"column":0},"end":{"line":14,"column":46}},"14":{"start":{"line":15,"column":0},"end":{"line":15,"column":40}},"15":{"start":{"line":16,"column":0},"end":{"line":16,"column":5}},"16":{"start":{"line":17,"column":0},"end":{"line":17,"column":35}},"17":{"start":{"line":18,"column":0},"end":{"line":18,"column":17}},"18":{"start":{"line":19,"column":0},"end":{"line":19,"column":1}}},"s":{"0":1,"1":7,"2":1,"3":1,"4":6,"5":6,"6":7,"7":35,"8":16,"9":16,"10":16,"11":35,"12":6,"13":7,"14":16,"15":16,"16":6,"17":6,"18":6},"branchMap":{"0":{"type":"branch","line":1,"loc":{"start":{"line":1,"column":15},"end":{"line":19,"column":1}},"locations":[{"start":{"line":1,"column":15},"end":{"line":19,"column":1}}]},"1":{"type":"branch","line":2,"loc":{"start":{"line":2,"column":85},"end":{"line":4,"column":5}},"locations":[{"start":{"line":2,"column":85},"end":{"line":4,"column":5}}]},"2":{"type":"branch","line":4,"loc":{"start":{"line":4,"column":4},"end":{"line":7,"column":43}},"locations":[{"start":{"line":4,"column":4},"end":{"line":7,"column":43}}]},"3":{"type":"branch","line":7,"loc":{"start":{"line":7,"column":43},"end":{"line":12,"column":5}},"locations":[{"start":{"line":7,"column":43},"end":{"line":12,"column":5}}]},"4":{"type":"branch","line":8,"loc":{"start":{"line":8,"column":31},"end":{"line":8,"column":60}},"locations":[{"start":{"line":8,"column":31},"end":{"line":8,"column":60}}]},"5":{"type":"branch","line":8,"loc":{"start":{"line":8,"column":62},"end":{"line":11,"column":9}},"locations":[{"start":{"line":8,"column":62},"end":{"line":11,"column":9}}]},"6":{"type":"branch","line":12,"loc":{"start":{"line":12,"column":4},"end":{"line":14,"column":45}},"locations":[{"start":{"line":12,"column":4},"end":{"line":14,"column":45}}]},"7":{"type":"branch","line":14,"loc":{"start":{"line":14,"column":45},"end":{"line":16,"column":5}},"locations":[{"start":{"line":14,"column":45},"end":{"line":16,"column":5}}]},"8":{"type":"branch","line":16,"loc":{"start":{"line":16,"column":4},"end":{"line":19,"column":1}},"locations":[{"start":{"line":16,"column":4},"end":{"line":19,"column":1}}]},"9":{"type":"branch","line":2,"loc":{"start":{"line":2,"column":53},"end":{"line":2,"column":82}},"locations":[{"start":{"line":2,"column":53},"end":{"line":2,"column":82}}]},"10":{"type":"branch","line":13,"loc":{"start":{"line":13,"column":17},"end":{"line":13,"column":32}},"locations":[{"start":{"line":13,"column":17},"end":{"line":13,"column":32}}]}},"b":{"0":[7],"1":[1],"2":[6],"3":[35],"4":[18],"5":[16],"6":[6],"7":[16],"8":[6],"9":[41],"10":[17]},"fnMap":{"0":{"name":"sortArray","decl":{"start":{"line":1,"column":15},"end":{"line":19,"column":1}},"loc":{"start":{"line":1,"column":15},"end":{"line":19,"column":1}},"line":1}},"f":{"0":7}}
,"C:\\Users\\holly\\repos\\codewarsTesting\\functions\\squareDigits.ts": {"path":"C:\\Users\\holly\\repos\\codewarsTesting\\functions\\squareDigits.ts","all":false,"statementMap":{"0":{"start":{"line":1,"column":0},"end":{"line":1,"column":51}},"1":{"start":{"line":2,"column":0},"end":{"line":2,"column":20}},"2":{"start":{"line":3,"column":0},"end":{"line":3,"column":17}},"3":{"start":{"line":4,"column":0},"end":{"line":4,"column":5}},"4":{"start":{"line":5,"column":0},"end":{"line":5,"column":71}},"5":{"start":{"line":6,"column":0},"end":{"line":6,"column":41}},"6":{"start":{"line":7,"column":0},"end":{"line":7,"column":5}},"7":{"start":{"line":8,"column":0},"end":{"line":8,"column":107}},"8":{"start":{"line":9,"column":0},"end":{"line":9,"column":25}},"9":{"start":{"line":10,"column":0},"end":{"line":10,"column":1}}},"s":{"0":7,"1":7,"2":1,"3":1,"4":7,"5":2,"6":2,"7":4,"8":4,"9":4},"branchMap":{"0":{"type":"branch","line":1,"loc":{"start":{"line":1,"column":0},"end":{"line":10,"column":1}},"locations":[{"start":{"line":1,"column":0},"end":{"line":10,"column":1}}]},"1":{"type":"branch","line":2,"loc":{"start":{"line":2,"column":19},"end":{"line":4,"column":5}},"locations":[{"start":{"line":2,"column":19},"end":{"line":4,"column":5}}]},"2":{"type":"branch","line":4,"loc":{"start":{"line":4,"column":4},"end":{"line":5,"column":42}},"locations":[{"start":{"line":4,"column":4},"end":{"line":5,"column":42}}]},"3":{"type":"branch","line":5,"loc":{"start":{"line":5,"column":37},"end":{"line":5,"column":70}},"locations":[{"start":{"line":5,"column":37},"end":{"line":5,"column":70}}]},"4":{"type":"branch","line":5,"loc":{"start":{"line":5,"column":70},"end":{"line":7,"column":5}},"locations":[{"start":{"line":5,"column":70},"end":{"line":7,"column":5}}]},"5":{"type":"branch","line":7,"loc":{"start":{"line":7,"column":4},"end":{"line":10,"column":1}},"locations":[{"start":{"line":7,"column":4},"end":{"line":10,"column":1}}]},"6":{"type":"branch","line":8,"loc":{"start":{"line":8,"column":74},"end":{"line":8,"column":95}},"locations":[{"start":{"line":8,"column":74},"end":{"line":8,"column":95}}]}},"b":{"0":[7],"1":[1],"2":[6],"3":[5],"4":[2],"5":[4],"6":[12]},"fnMap":{"0":{"name":"squareDigits","decl":{"start":{"line":1,"column":0},"end":{"line":10,"column":1}},"loc":{"start":{"line":1,"column":0},"end":{"line":10,"column":1}},"line":1}},"f":{"0":7}}
,"C:\\Users\\holly\\repos\\codewarsTesting\\functions\\toCamelCase.ts": {"path":"C:\\Users\\holly\\repos\\codewarsTesting\\functions\\toCamelCase.ts","all":false,"statementMap":{"0":{"start":{"line":1,"column":0},"end":{"line":1,"column":53}},"2":{"start":{"line":3,"column":0},"end":{"line":3,"column":21}},"3":{"start":{"line":4,"column":0},"end":{"line":4,"column":35}},"4":{"start":{"line":5,"column":0},"end":{"line":5,"column":29}},"5":{"start":{"line":6,"column":0},"end":{"line":6,"column":22}},"6":{"start":{"line":7,"column":0},"end":{"line":7,"column":5}},"7":{"start":{"line":8,"column":0},"end":{"line":8,"column":47}},"8":{"start":{"line":9,"column":0},"end":{"line":9,"column":53}},"9":{"start":{"line":10,"column":0},"end":{"line":10,"column":41}},"10":{"start":{"line":11,"column":0},"end":{"line":11,"column":5}},"12":{"start":{"line":13,"column":0},"end":{"line":13,"column":34}},"13":{"start":{"line":14,"column":0},"end":{"line":14,"column":76}},"15":{"start":{"line":16,"column":0},"end":{"line":16,"column":46}},"16":{"start":{"line":17,"column":0},"end":{"line":17,"column":129}},"17":{"start":{"line":18,"column":0},"end":{"line":18,"column":6}},"18":{"start":{"line":19,"column":0},"end":{"line":19,"column":29}},"19":{"start":{"line":20,"column":0},"end":{"line":20,"column":1}}},"s":{"0":8,"2":8,"3":8,"4":8,"5":2,"6":2,"7":6,"8":8,"9":1,"10":1,"12":5,"13":5,"15":8,"16":95,"17":8,"18":5,"19":5},"branchMap":{"0":{"type":"branch","line":1,"loc":{"start":{"line":1,"column":0},"end":{"line":20,"column":1}},"locations":[{"start":{"line":1,"column":0},"end":{"line":20,"column":1}}]},"1":{"type":"branch","line":5,"loc":{"start":{"line":5,"column":28},"end":{"line":7,"column":5}},"locations":[{"start":{"line":5,"column":28},"end":{"line":7,"column":5}}]},"2":{"type":"branch","line":7,"loc":{"start":{"line":7,"column":4},"end":{"line":9,"column":52}},"locations":[{"start":{"line":7,"column":4},"end":{"line":9,"column":52}}]},"3":{"type":"branch","line":9,"loc":{"start":{"line":9,"column":52},"end":{"line":11,"column":5}},"locations":[{"start":{"line":9,"column":52},"end":{"line":11,"column":5}}]},"4":{"type":"branch","line":11,"loc":{"start":{"line":11,"column":4},"end":{"line":16,"column":45}},"locations":[{"start":{"line":11,"column":4},"end":{"line":16,"column":45}}]},"5":{"type":"branch","line":16,"loc":{"start":{"line":16,"column":45},"end":{"line":18,"column":5}},"locations":[{"start":{"line":16,"column":45},"end":{"line":18,"column":5}}]},"6":{"type":"branch","line":17,"loc":{"start":{"line":17,"column":24},"end":{"line":17,"column":42}},"locations":[{"start":{"line":17,"column":24},"end":{"line":17,"column":42}}]},"7":{"type":"branch","line":17,"loc":{"start":{"line":17,"column":35},"end":{"line":17,"column":129}},"locations":[{"start":{"line":17,"column":35},"end":{"line":17,"column":129}}]},"8":{"type":"branch","line":17,"loc":{"start":{"line":17,"column":50},"end":{"line":17,"column":109}},"locations":[{"start":{"line":17,"column":50},"end":{"line":17,"column":109}}]},"9":{"type":"branch","line":17,"loc":{"start":{"line":17,"column":100},"end":{"line":17,"column":129}},"locations":[{"start":{"line":17,"column":100},"end":{"line":17,"column":129}}]},"10":{"type":"branch","line":18,"loc":{"start":{"line":18,"column":4},"end":{"line":20,"column":1}},"locations":[{"start":{"line":18,"column":4},"end":{"line":20,"column":1}}]}},"b":{"0":[8],"1":[2],"2":[6],"3":[1],"4":[5],"5":[95],"6":[10],"7":[85],"8":[10],"9":[75],"10":[5]},"fnMap":{"0":{"name":"toCamelCase","decl":{"start":{"line":1,"column":0},"end":{"line":20,"column":1}},"loc":{"start":{"line":1,"column":0},"end":{"line":20,"column":1}},"line":1}},"f":{"0":8}}
,"C:\\Users\\holly\\repos\\codewarsTesting\\functions\\twoSum.js": {"path":"C:\\Users\\holly\\repos\\codewarsTesting\\functions\\twoSum.js","all":false,"statementMap":{"0":{"start":{"line":1,"column":0},"end":{"line":1,"column":49}},"1":{"start":{"line":2,"column":0},"end":{"line":2,"column":19}},"2":{"start":{"line":3,"column":0},"end":{"line":3,"column":26}},"3":{"start":{"line":4,"column":0},"end":{"line":4,"column":34}},"4":{"start":{"line":5,"column":0},"end":{"line":5,"column":55}},"5":{"start":{"line":6,"column":0},"end":{"line":6,"column":33}},"6":{"start":{"line":7,"column":0},"end":{"line":7,"column":11}},"7":{"start":{"line":8,"column":0},"end":{"line":8,"column":75}},"8":{"start":{"line":9,"column":0},"end":{"line":9,"column":6}},"9":{"start":{"line":10,"column":0},"end":{"line":10,"column":97}},"10":{"start":{"line":11,"column":0},"end":{"line":11,"column":32}},"11":{"start":{"line":12,"column":0},"end":{"line":12,"column":59}},"12":{"start":{"line":13,"column":0},"end":{"line":13,"column":57}},"13":{"start":{"line":14,"column":0},"end":{"line":14,"column":35}},"14":{"start":{"line":15,"column":0},"end":{"line":15,"column":13}},"15":{"start":{"line":16,"column":0},"end":{"line":16,"column":9}},"16":{"start":{"line":17,"column":0},"end":{"line":17,"column":5}},"17":{"start":{"line":18,"column":0},"end":{"line":18,"column":86}},"18":{"start":{"line":19,"column":0},"end":{"line":19,"column":1}}},"s":{"0":1,"1":13,"2":13,"3":13,"4":13,"5":9,"6":13,"7":4,"8":13,"9":9,"10":13,"11":17,"12":39,"13":8,"14":8,"15":39,"16":9,"17":1,"18":1},"branchMap":{"0":{"type":"branch","line":1,"loc":{"start":{"line":1,"column":15},"end":{"line":19,"column":1}},"locations":[{"start":{"line":1,"column":15},"end":{"line":19,"column":1}}]},"1":{"type":"branch","line":3,"loc":{"start":{"line":3,"column":24},"end":{"line":4,"column":31}},"locations":[{"start":{"line":3,"column":24},"end":{"line":4,"column":31}}]},"2":{"type":"branch","line":4,"loc":{"start":{"line":4,"column":32},"end":{"line":5,"column":52}},"locations":[{"start":{"line":4,"column":32},"end":{"line":5,"column":52}}]},"3":{"type":"branch","line":5,"loc":{"start":{"line":5,"column":53},"end":{"line":6,"column":33}},"locations":[{"start":{"line":5,"column":53},"end":{"line":6,"column":33}}]},"4":{"type":"branch","line":7,"loc":{"start":{"line":7,"column":10},"end":{"line":9,"column":5}},"locations":[{"start":{"line":7,"column":10},"end":{"line":9,"column":5}}]},"5":{"type":"branch","line":9,"loc":{"start":{"line":9,"column":4},"end":{"line":11,"column":31}},"locations":[{"start":{"line":9,"column":4},"end":{"line":11,"column":31}}]},"6":{"type":"branch","line":11,"loc":{"start":{"line":11,"column":31},"end":{"line":17,"column":5}},"locations":[{"start":{"line":11,"column":31},"end":{"line":17,"column":5}}]},"7":{"type":"branch","line":12,"loc":{"start":{"line":12,"column":58},"end":{"line":16,"column":9}},"locations":[{"start":{"line":12,"column":58},"end":{"line":16,"column":9}}]},"8":{"type":"branch","line":13,"loc":{"start":{"line":13,"column":56},"end":{"line":15,"column":13}},"locations":[{"start":{"line":13,"column":56},"end":{"line":15,"column":13}}]},"9":{"type":"branch","line":17,"loc":{"start":{"line":17,"column":-2},"end":{"line":17,"column":5}},"locations":[{"start":{"line":17,"column":-2},"end":{"line":17,"column":5}}]},"10":{"type":"branch","line":17,"loc":{"start":{"line":17,"column":4},"end":{"line":19,"column":1}},"locations":[{"start":{"line":17,"column":4},"end":{"line":19,"column":1}}]},"11":{"type":"branch","line":5,"loc":{"start":{"line":5,"column":23},"end":{"line":5,"column":51}},"locations":[{"start":{"line":5,"column":23},"end":{"line":5,"column":51}}]}},"b":{"0":[13],"1":[12],"2":[12],"3":[9],"4":[4],"5":[9],"6":[17],"7":[39],"8":[8],"9":[9],"10":[1],"11":[46]},"fnMap":{"0":{"name":"twoSum","decl":{"start":{"line":1,"column":15},"end":{"line":19,"column":1}},"loc":{"start":{"line":1,"column":15},"end":{"line":19,"column":1}},"line":1}},"f":{"0":13}}
,"C:\\Users\\holly\\repos\\codewarsTesting\\functions\\wideMouth.js": {"path":"C:\\Users\\holly\\repos\\codewarsTesting\\functions\\wideMouth.js","all":false,"statementMap":{"0":{"start":{"line":1,"column":0},"end":{"line":1,"column":43}},"1":{"start":{"line":2,"column":0},"end":{"line":2,"column":53}},"2":{"start":{"line":3,"column":0},"end":{"line":3,"column":5}}},"s":{"0":1,"1":2,"2":2},"branchMap":{"0":{"type":"branch","line":1,"loc":{"start":{"line":1,"column":15},"end":{"line":3,"column":5}},"locations":[{"start":{"line":1,"column":15},"end":{"line":3,"column":5}}]},"1":{"type":"branch","line":2,"loc":{"start":{"line":2,"column":34},"end":{"line":2,"column":43}},"locations":[{"start":{"line":2,"column":34},"end":{"line":2,"column":43}}]},"2":{"type":"branch","line":2,"loc":{"start":{"line":2,"column":44},"end":{"line":2,"column":52}},"locations":[{"start":{"line":2,"column":44},"end":{"line":2,"column":52}}]}},"b":{"0":[2],"1":[1],"2":[1]},"fnMap":{"0":{"name":"wideMouth","decl":{"start":{"line":1,"column":15},"end":{"line":3,"column":5}},"loc":{"start":{"line":1,"column":15},"end":{"line":3,"column":5}},"line":1}},"f":{"0":2}}
,"C:\\Users\\holly\\repos\\codewarsTesting\\functions\\xor.ts": {"path":"C:\\Users\\holly\\repos\\codewarsTesting\\functions\\xor.ts","all":false,"statementMap":{"0":{"start":{"line":1,"column":0},"end":{"line":1,"column":28}},"1":{"start":{"line":2,"column":0},"end":{"line":2,"column":31}},"2":{"start":{"line":3,"column":0},"end":{"line":3,"column":30}},"3":{"start":{"line":4,"column":0},"end":{"line":4,"column":12}},"4":{"start":{"line":5,"column":0},"end":{"line":5,"column":6}},"5":{"start":{"line":6,"column":0},"end":{"line":6,"column":29}},"6":{"start":{"line":7,"column":0},"end":{"line":7,"column":28}},"7":{"start":{"line":8,"column":0},"end":{"line":8,"column":28}},"8":{"start":{"line":9,"column":0},"end":{"line":9,"column":29}},"9":{"start":{"line":10,"column":0},"end":{"line":10,"column":28}},"10":{"start":{"line":11,"column":0},"end":{"line":11,"column":25}},"11":{"start":{"line":12,"column":0},"end":{"line":12,"column":5}},"12":{"start":{"line":13,"column":0},"end":{"line":13,"column":37}},"13":{"start":{"line":14,"column":0},"end":{"line":14,"column":3}},"14":{"start":{"line":15,"column":0},"end":{"line":15,"column":6}},"15":{"start":{"line":16,"column":0},"end":{"line":16,"column":63}},"16":{"start":{"line":17,"column":0},"end":{"line":17,"column":60}},"17":{"start":{"line":18,"column":0},"end":{"line":18,"column":5}},"18":{"start":{"line":19,"column":0},"end":{"line":19,"column":20}},"19":{"start":{"line":20,"column":0},"end":{"line":20,"column":95}},"20":{"start":{"line":21,"column":0},"end":{"line":21,"column":6}},"21":{"start":{"line":22,"column":0},"end":{"line":22,"column":3}},"22":{"start":{"line":23,"column":0},"end":{"line":23,"column":6}},"23":{"start":{"line":24,"column":0},"end":{"line":24,"column":52}},"24":{"start":{"line":25,"column":0},"end":{"line":25,"column":49}},"25":{"start":{"line":26,"column":0},"end":{"line":26,"column":5}},"26":{"start":{"line":27,"column":0},"end":{"line":27,"column":20}},"27":{"start":{"line":28,"column":0},"end":{"line":28,"column":95}},"28":{"start":{"line":29,"column":0},"end":{"line":29,"column":6}},"29":{"start":{"line":30,"column":0},"end":{"line":30,"column":3}},"30":{"start":{"line":31,"column":0},"end":{"line":31,"column":16}},"31":{"start":{"line":32,"column":0},"end":{"line":32,"column":17}},"32":{"start":{"line":33,"column":0},"end":{"line":33,"column":3}},"33":{"start":{"line":34,"column":0},"end":{"line":34,"column":14}},"34":{"start":{"line":35,"column":0},"end":{"line":35,"column":1}}},"s":{"0":8,"1":8,"2":8,"3":8,"4":8,"5":8,"6":5,"7":3,"8":7,"9":5,"10":2,"11":8,"12":1,"13":1,"14":7,"15":8,"16":6,"17":8,"18":2,"19":2,"20":2,"21":2,"22":5,"23":8,"24":4,"25":8,"26":1,"27":1,"28":1,"29":1,"30":8,"31":1,"32":1,"33":3,"34":3},"branchMap":{"0":{"type":"branch","line":1,"loc":{"start":{"line":1,"column":0},"end":{"line":35,"column":1}},"locations":[{"start":{"line":1,"column":0},"end":{"line":35,"column":1}}]},"1":{"type":"branch","line":6,"loc":{"start":{"line":6,"column":17},"end":{"line":7,"column":28}},"locations":[{"start":{"line":6,"column":17},"end":{"line":7,"column":28}}]},"2":{"type":"branch","line":7,"loc":{"start":{"line":7,"column":17},"end":{"line":8,"column":28}},"locations":[{"start":{"line":7,"column":17},"end":{"line":8,"column":28}}]},"3":{"type":"branch","line":8,"loc":{"start":{"line":8,"column":17},"end":{"line":11,"column":25}},"locations":[{"start":{"line":8,"column":17},"end":{"line":11,"column":25}}]},"4":{"type":"branch","line":9,"loc":{"start":{"line":9,"column":17},"end":{"line":10,"column":28}},"locations":[{"start":{"line":9,"column":17},"end":{"line":10,"column":28}}]},"5":{"type":"branch","line":10,"loc":{"start":{"line":10,"column":17},"end":{"line":11,"column":25}},"locations":[{"start":{"line":10,"column":17},"end":{"line":11,"column":25}}]},"6":{"type":"branch","line":12,"loc":{"start":{"line":12,"column":4},"end":{"line":14,"column":3}},"locations":[{"start":{"line":12,"column":4},"end":{"line":14,"column":3}}]},"7":{"type":"branch","line":14,"loc":{"start":{"line":14,"column":2},"end":{"line":16,"column":30}},"locations":[{"start":{"line":14,"column":2},"end":{"line":16,"column":30}}]},"8":{"type":"branch","line":16,"loc":{"start":{"line":16,"column":18},"end":{"line":16,"column":46}},"locations":[{"start":{"line":16,"column":18},"end":{"line":16,"column":46}}]},"9":{"type":"branch","line":16,"loc":{"start":{"line":16,"column":36},"end":{"line":16,"column":63}},"locations":[{"start":{"line":16,"column":36},"end":{"line":16,"column":63}}]},"10":{"type":"branch","line":16,"loc":{"start":{"line":16,"column":52},"end":{"line":17,"column":60}},"locations":[{"start":{"line":16,"column":52},"end":{"line":17,"column":60}}]},"11":{"type":"branch","line":17,"loc":{"start":{"line":17,"column":18},"end":{"line":17,"column":46}},"locations":[{"start":{"line":17,"column":18},"end":{"line":17,"column":46}}]},"12":{"type":"branch","line":17,"loc":{"start":{"line":17,"column":36},"end":{"line":17,"column":60}},"locations":[{"start":{"line":17,"column":36},"end":{"line":17,"column":60}}]},"13":{"type":"branch","line":18,"loc":{"start":{"line":18,"column":4},"end":{"line":22,"column":3}},"locations":[{"start":{"line":18,"column":4},"end":{"line":22,"column":3}}]},"14":{"type":"branch","line":22,"loc":{"start":{"line":22,"column":2},"end":{"line":24,"column":30}},"locations":[{"start":{"line":22,"column":2},"end":{"line":24,"column":30}}]},"15":{"type":"branch","line":24,"loc":{"start":{"line":24,"column":18},"end":{"line":24,"column":41}},"locations":[{"start":{"line":24,"column":18},"end":{"line":24,"column":41}}]},"16":{"type":"branch","line":24,"loc":{"start":{"line":24,"column":36},"end":{"line":24,"column":52}},"locations":[{"start":{"line":24,"column":36},"end":{"line":24,"column":52}}]},"17":{"type":"branch","line":24,"loc":{"start":{"line":24,"column":47},"end":{"line":25,"column":49}},"locations":[{"start":{"line":24,"column":47},"end":{"line":25,"column":49}}]},"18":{"type":"branch","line":25,"loc":{"start":{"line":25,"column":18},"end":{"line":25,"column":41}},"locations":[{"start":{"line":25,"column":18},"end":{"line":25,"column":41}}]},"19":{"type":"branch","line":25,"loc":{"start":{"line":25,"column":36},"end":{"line":25,"column":49}},"locations":[{"start":{"line":25,"column":36},"end":{"line":25,"column":49}}]},"20":{"type":"branch","line":26,"loc":{"start":{"line":26,"column":4},"end":{"line":30,"column":3}},"locations":[{"start":{"line":26,"column":4},"end":{"line":30,"column":3}}]},"21":{"type":"branch","line":30,"loc":{"start":{"line":30,"column":2},"end":{"line":31,"column":15}},"locations":[{"start":{"line":30,"column":2},"end":{"line":31,"column":15}}]},"22":{"type":"branch","line":31,"loc":{"start":{"line":31,"column":15},"end":{"line":33,"column":3}},"locations":[{"start":{"line":31,"column":15},"end":{"line":33,"column":3}}]},"23":{"type":"branch","line":33,"loc":{"start":{"line":33,"column":2},"end":{"line":35,"column":1}},"locations":[{"start":{"line":33,"column":2},"end":{"line":35,"column":1}}]}},"b":{"0":[8],"1":[5],"2":[3],"3":[7],"4":[5],"5":[2],"6":[1],"7":[7],"8":[2],"9":[1],"10":[6],"11":[2],"12":[2],"13":[2],"14":[5],"15":[2],"16":[1],"17":[4],"18":[1],"19":[1],"20":[1],"21":[4],"22":[1],"23":[3]},"fnMap":{"0":{"name":"xor","decl":{"start":{"line":1,"column":0},"end":{"line":35,"column":1}},"loc":{"start":{"line":1,"column":0},"end":{"line":35,"column":1}},"line":1}},"f":{"0":8}}
}
